<?xml version="1.0" encoding="UTF-8"?>
<Site BuildName="(empty)"
	BuildStamp="20221129-1557-Experimental"
	Name="(empty)"
	Generator="ctest-3.10.2"
	CompilerName=""
	CompilerVersion=""
	OSName="Linux"
	Hostname="acrobatpanther-exportaugust"
	OSRelease="5.4.0-1089-aws"
	OSVersion="#97~18.04.1-Ubuntu SMP Fri Oct 28 19:10:02 UTC 2022"
	OSPlatform="x86_64"
	Is64Bits="1"
	VendorString="AuthenticAMD"
	VendorID="Advanced Micro Devices"
	FamilyID="23"
	ModelID="1"
	ProcessorCacheSize="512"
	NumberOfLogicalCPU="8"
	NumberOfPhysicalCPU="4"
	TotalVirtualMemory="1536"
	TotalPhysicalMemory="768"
	LogicalProcessorsPerPhysical="2"
	ProcessorClockFrequency="2520.57"
	>
	<Testing>
		<StartDateTime>Nov 29 15:57 UTC</StartDateTime>
		<StartTestTime>1669737444</StartTestTime>
		<TestList>
			<Test>./llrec_tests/Pivot.Empty</Test>
			<Test>./llrec_tests/Pivot.Size1SmallEmpty</Test>
			<Test>./llrec_tests/Pivot.Size1LargeEmpty</Test>
			<Test>./llrec_tests/Pivot.Size2SmallLarge</Test>
			<Test>./llrec_tests/Pivot.Size2LargeSmall</Test>
			<Test>./llrec_tests/Pivot.Size3LargeSmallLarge</Test>
			<Test>./llrec_tests/Pivot.Size3SmallLargeSmall</Test>
			<Test>./llrec_tests/Pivot.Size3LargeLargeSmall</Test>
			<Test>./llrec_tests/Pivot.Size6SmallThenLarge</Test>
			<Test>./llrec_tests/Pivot.Size6LargeThenSmall</Test>
			<Test>./llrec_tests/Pivot.Nominal</Test>
			<Test>./llrec_tests/Pivot.SameValues</Test>
			<Test>./llrec_tests/Pivot.NoCopySameNodeCheck</Test>
			<Test>./llrec_tests/Filter.EmptyList</Test>
			<Test>./llrec_tests/Filter.Size1_F</Test>
			<Test>./llrec_tests/Filter.Size1_nF</Test>
			<Test>./llrec_tests/Filter.Size2_F_nF</Test>
			<Test>./llrec_tests/Filter.Size2_nF_F</Test>
			<Test>./llrec_tests/Filter.Size3_nF_F_nF</Test>
			<Test>./llrec_tests/Filter.Size3_F_nF_F</Test>
			<Test>./llrec_tests/Filter.SameNodeCheck</Test>
			<Test>./llrec_tests/Filter.MultipleCalls</Test>
			<Test>./llrec_tests/Filter.CompareWithLlrec</Test>
			<Test>./stack_tests/Stack.BasicString</Test>
			<Test>./stack_tests/Stack.RandomInt</Test>
			<Test>./heap_tests/HeapTest.ConstructionDestruction</Test>
			<Test>./heap_tests/HeapTest.InitiallyEmpty</Test>
			<Test>./heap_tests/HeapTest.EmptyTopException</Test>
			<Test>./heap_tests/HeapTest.EmptyPopException</Test>
			<Test>./heap_tests/HeapTest.SingleItemNonempty</Test>
			<Test>./heap_tests/HeapTest.SingleItemPush</Test>
			<Test>./heap_tests/HeapTest.SingleItemPushPop</Test>
			<Test>./heap_tests/HeapTest.TwoElementPush_LowPriFirst</Test>
			<Test>./heap_tests/HeapTest.TwoElementPush_HighPriFirst</Test>
			<Test>./heap_tests/HeapTest.Duplicates</Test>
			<Test>./heap_tests/HeapTest.NegativeElements</Test>
			<Test>./heap_tests/HeapTest.ThreeElementPush_0_5_10</Test>
			<Test>./heap_tests/HeapTest.ThreeElementPush_0_10_5</Test>
			<Test>./heap_tests/HeapTest.ThreeElementPush_5_0_10</Test>
			<Test>./heap_tests/HeapTest.ThreeElementPush_5_10_0</Test>
			<Test>./heap_tests/HeapTest.ThreeElementPush_10_0_5</Test>
			<Test>./heap_tests/HeapTest.ThreeElementPush_10_5_0</Test>
			<Test>./heap_tests/HeapTest.GreaterComparator</Test>
			<Test>./heap_tests/HeapTest.StringStorage</Test>
			<Test>./heap_tests/HeapTest.FiveElementPush_TrinaryHeap</Test>
			<Test>./heap_tests/HeapTest.SixElementPush_QuaternaryHeap</Test>
			<Test>./heap_tests/HeapStress.50x50RandomElements_BinaryHeap</Test>
			<Test>./heap_tests/HeapStress.50x50RandomElements_QuaternaryHeap</Test>
			<Test>./heap_tests/HeapStress.50x50RandomElements_DodecenaryHeap</Test>
			<Test>./heap_tests/HeapStress.2x2000RandomElements_Binary</Test>
		</TestList>
		<Test Status="passed">
			<Name>Pivot.Empty</Name>
			<Path>./llrec_tests</Path>
			<FullName>./llrec_tests/Pivot.Empty</FullName>
			<FullCommandLine>/usr/bin/valgrind "--tool=memcheck" "--leak-check=yes" "--trace-children=no" "/home/codio/workspace/hw3/hw3_tests/llrec_tests/llrec_tests" "--gtest_filter=Pivot.Empty"</FullCommandLine>
			<Results>
				<NamedMeasurement type="numeric/double" name="Execution Time">
					<Value>2.37466</Value>
				</NamedMeasurement>
				<NamedMeasurement type="numeric/double" name="Processors">
					<Value>1</Value>
				</NamedMeasurement>
				<NamedMeasurement type="text/string" name="Completion Status">
					<Value>Completed</Value>
				</NamedMeasurement>
				<NamedMeasurement type="text/string" name="Command Line">
					<Value>/usr/bin/valgrind "--tool=memcheck" "--leak-check=yes" "--trace-children=no" "/home/codio/workspace/hw3/hw3_tests/llrec_tests/llrec_tests" "--gtest_filter=Pivot.Empty"</Value>
				</NamedMeasurement>
				<Measurement>
					<Value>==4563== Memcheck, a memory error detector
==4563== Copyright (C) 2002-2017, and GNU GPL'd, by Julian Seward et al.
==4563== Using Valgrind-3.13.0 and LibVEX; rerun with -h for copyright info
==4563== Command: /home/codio/workspace/hw3/hw3_tests/llrec_tests/llrec_tests --gtest_filter=Pivot.Empty
==4563== 
Running main() from /home/codio/googletest/googletest/src/gtest_main.cc
Note: Google Test filter = Pivot.Empty
[==========] Running 1 test from 1 test suite.
[----------] Global test environment set-up.
[----------] 1 test from Pivot
[ RUN      ] Pivot.Empty
[       OK ] Pivot.Empty (27 ms)
[----------] 1 test from Pivot (39 ms total)

[----------] Global test environment tear-down
[==========] 1 test from 1 test suite ran. (107 ms total)
[  PASSED  ] 1 test.
==4563== 
==4563== HEAP SUMMARY:
==4563==     in use at exit: 0 bytes in 0 blocks
==4563==   total heap usage: 404 allocs, 404 frees, 133,083 bytes allocated
==4563== 
==4563== All heap blocks were freed -- no leaks are possible
==4563== 
==4563== For counts of detected and suppressed errors, rerun with: -v
==4563== ERROR SUMMARY: 0 errors from 0 contexts (suppressed: 0 from 0)
</Value>
				</Measurement>
			</Results>
		</Test>
		<Test Status="passed">
			<Name>Pivot.Size1SmallEmpty</Name>
			<Path>./llrec_tests</Path>
			<FullName>./llrec_tests/Pivot.Size1SmallEmpty</FullName>
			<FullCommandLine>/usr/bin/valgrind "--tool=memcheck" "--leak-check=yes" "--trace-children=no" "/home/codio/workspace/hw3/hw3_tests/llrec_tests/llrec_tests" "--gtest_filter=Pivot.Size1SmallEmpty"</FullCommandLine>
			<Results>
				<NamedMeasurement type="numeric/double" name="Execution Time">
					<Value>2.14614</Value>
				</NamedMeasurement>
				<NamedMeasurement type="numeric/double" name="Processors">
					<Value>1</Value>
				</NamedMeasurement>
				<NamedMeasurement type="text/string" name="Completion Status">
					<Value>Completed</Value>
				</NamedMeasurement>
				<NamedMeasurement type="text/string" name="Command Line">
					<Value>/usr/bin/valgrind "--tool=memcheck" "--leak-check=yes" "--trace-children=no" "/home/codio/workspace/hw3/hw3_tests/llrec_tests/llrec_tests" "--gtest_filter=Pivot.Size1SmallEmpty"</Value>
				</NamedMeasurement>
				<Measurement>
					<Value>==4564== Memcheck, a memory error detector
==4564== Copyright (C) 2002-2017, and GNU GPL'd, by Julian Seward et al.
==4564== Using Valgrind-3.13.0 and LibVEX; rerun with -h for copyright info
==4564== Command: /home/codio/workspace/hw3/hw3_tests/llrec_tests/llrec_tests --gtest_filter=Pivot.Size1SmallEmpty
==4564== 
Running main() from /home/codio/googletest/googletest/src/gtest_main.cc
Note: Google Test filter = Pivot.Size1SmallEmpty
[==========] Running 1 test from 1 test suite.
[----------] Global test environment set-up.
[----------] 1 test from Pivot
[ RUN      ] Pivot.Size1SmallEmpty
[       OK ] Pivot.Size1SmallEmpty (47 ms)
[----------] 1 test from Pivot (63 ms total)

[----------] Global test environment tear-down
[==========] 1 test from 1 test suite ran. (148 ms total)
[  PASSED  ] 1 test.
==4564== 
==4564== HEAP SUMMARY:
==4564==     in use at exit: 0 bytes in 0 blocks
==4564==   total heap usage: 413 allocs, 413 frees, 133,328 bytes allocated
==4564== 
==4564== All heap blocks were freed -- no leaks are possible
==4564== 
==4564== For counts of detected and suppressed errors, rerun with: -v
==4564== ERROR SUMMARY: 0 errors from 0 contexts (suppressed: 0 from 0)
</Value>
				</Measurement>
			</Results>
		</Test>
		<Test Status="passed">
			<Name>Pivot.Size1LargeEmpty</Name>
			<Path>./llrec_tests</Path>
			<FullName>./llrec_tests/Pivot.Size1LargeEmpty</FullName>
			<FullCommandLine>/usr/bin/valgrind "--tool=memcheck" "--leak-check=yes" "--trace-children=no" "/home/codio/workspace/hw3/hw3_tests/llrec_tests/llrec_tests" "--gtest_filter=Pivot.Size1LargeEmpty"</FullCommandLine>
			<Results>
				<NamedMeasurement type="numeric/double" name="Execution Time">
					<Value>1.89951</Value>
				</NamedMeasurement>
				<NamedMeasurement type="numeric/double" name="Processors">
					<Value>1</Value>
				</NamedMeasurement>
				<NamedMeasurement type="text/string" name="Completion Status">
					<Value>Completed</Value>
				</NamedMeasurement>
				<NamedMeasurement type="text/string" name="Command Line">
					<Value>/usr/bin/valgrind "--tool=memcheck" "--leak-check=yes" "--trace-children=no" "/home/codio/workspace/hw3/hw3_tests/llrec_tests/llrec_tests" "--gtest_filter=Pivot.Size1LargeEmpty"</Value>
				</NamedMeasurement>
				<Measurement>
					<Value>==4565== Memcheck, a memory error detector
==4565== Copyright (C) 2002-2017, and GNU GPL'd, by Julian Seward et al.
==4565== Using Valgrind-3.13.0 and LibVEX; rerun with -h for copyright info
==4565== Command: /home/codio/workspace/hw3/hw3_tests/llrec_tests/llrec_tests --gtest_filter=Pivot.Size1LargeEmpty
==4565== 
Running main() from /home/codio/googletest/googletest/src/gtest_main.cc
Note: Google Test filter = Pivot.Size1LargeEmpty
[==========] Running 1 test from 1 test suite.
[----------] Global test environment set-up.
[----------] 1 test from Pivot
[ RUN      ] Pivot.Size1LargeEmpty
1
2
3
4
5
6
[       OK ] Pivot.Size1LargeEmpty (38 ms)
[----------] 1 test from Pivot (49 ms total)

[----------] Global test environment tear-down
[==========] 1 test from 1 test suite ran. (107 ms total)
[  PASSED  ] 1 test.
==4565== 
==4565== HEAP SUMMARY:
==4565==     in use at exit: 0 bytes in 0 blocks
==4565==   total heap usage: 413 allocs, 413 frees, 133,328 bytes allocated
==4565== 
==4565== All heap blocks were freed -- no leaks are possible
==4565== 
==4565== For counts of detected and suppressed errors, rerun with: -v
==4565== ERROR SUMMARY: 0 errors from 0 contexts (suppressed: 0 from 0)
</Value>
				</Measurement>
			</Results>
		</Test>
		<Test Status="passed">
			<Name>Pivot.Size2SmallLarge</Name>
			<Path>./llrec_tests</Path>
			<FullName>./llrec_tests/Pivot.Size2SmallLarge</FullName>
			<FullCommandLine>/usr/bin/valgrind "--tool=memcheck" "--leak-check=yes" "--trace-children=no" "/home/codio/workspace/hw3/hw3_tests/llrec_tests/llrec_tests" "--gtest_filter=Pivot.Size2SmallLarge"</FullCommandLine>
			<Results>
				<NamedMeasurement type="numeric/double" name="Execution Time">
					<Value>1.68172</Value>
				</NamedMeasurement>
				<NamedMeasurement type="numeric/double" name="Processors">
					<Value>1</Value>
				</NamedMeasurement>
				<NamedMeasurement type="text/string" name="Completion Status">
					<Value>Completed</Value>
				</NamedMeasurement>
				<NamedMeasurement type="text/string" name="Command Line">
					<Value>/usr/bin/valgrind "--tool=memcheck" "--leak-check=yes" "--trace-children=no" "/home/codio/workspace/hw3/hw3_tests/llrec_tests/llrec_tests" "--gtest_filter=Pivot.Size2SmallLarge"</Value>
				</NamedMeasurement>
				<Measurement>
					<Value>==4567== Memcheck, a memory error detector
==4567== Copyright (C) 2002-2017, and GNU GPL'd, by Julian Seward et al.
==4567== Using Valgrind-3.13.0 and LibVEX; rerun with -h for copyright info
==4567== Command: /home/codio/workspace/hw3/hw3_tests/llrec_tests/llrec_tests --gtest_filter=Pivot.Size2SmallLarge
==4567== 
Running main() from /home/codio/googletest/googletest/src/gtest_main.cc
Note: Google Test filter = Pivot.Size2SmallLarge
[==========] Running 1 test from 1 test suite.
[----------] Global test environment set-up.
[----------] 1 test from Pivot
[ RUN      ] Pivot.Size2SmallLarge
[       OK ] Pivot.Size2SmallLarge (33 ms)
[----------] 1 test from Pivot (42 ms total)

[----------] Global test environment tear-down
[==========] 1 test from 1 test suite ran. (95 ms total)
[  PASSED  ] 1 test.
==4567== 
==4567== HEAP SUMMARY:
==4567==     in use at exit: 0 bytes in 0 blocks
==4567==   total heap usage: 415 allocs, 415 frees, 133,352 bytes allocated
==4567== 
==4567== All heap blocks were freed -- no leaks are possible
==4567== 
==4567== For counts of detected and suppressed errors, rerun with: -v
==4567== ERROR SUMMARY: 0 errors from 0 contexts (suppressed: 0 from 0)
</Value>
				</Measurement>
			</Results>
		</Test>
		<Test Status="passed">
			<Name>Pivot.Size2LargeSmall</Name>
			<Path>./llrec_tests</Path>
			<FullName>./llrec_tests/Pivot.Size2LargeSmall</FullName>
			<FullCommandLine>/usr/bin/valgrind "--tool=memcheck" "--leak-check=yes" "--trace-children=no" "/home/codio/workspace/hw3/hw3_tests/llrec_tests/llrec_tests" "--gtest_filter=Pivot.Size2LargeSmall"</FullCommandLine>
			<Results>
				<NamedMeasurement type="numeric/double" name="Execution Time">
					<Value>1.88275</Value>
				</NamedMeasurement>
				<NamedMeasurement type="numeric/double" name="Processors">
					<Value>1</Value>
				</NamedMeasurement>
				<NamedMeasurement type="text/string" name="Completion Status">
					<Value>Completed</Value>
				</NamedMeasurement>
				<NamedMeasurement type="text/string" name="Command Line">
					<Value>/usr/bin/valgrind "--tool=memcheck" "--leak-check=yes" "--trace-children=no" "/home/codio/workspace/hw3/hw3_tests/llrec_tests/llrec_tests" "--gtest_filter=Pivot.Size2LargeSmall"</Value>
				</NamedMeasurement>
				<Measurement>
					<Value>==4568== Memcheck, a memory error detector
==4568== Copyright (C) 2002-2017, and GNU GPL'd, by Julian Seward et al.
==4568== Using Valgrind-3.13.0 and LibVEX; rerun with -h for copyright info
==4568== Command: /home/codio/workspace/hw3/hw3_tests/llrec_tests/llrec_tests --gtest_filter=Pivot.Size2LargeSmall
==4568== 
Running main() from /home/codio/googletest/googletest/src/gtest_main.cc
Note: Google Test filter = Pivot.Size2LargeSmall
[==========] Running 1 test from 1 test suite.
[----------] Global test environment set-up.
[----------] 1 test from Pivot
[ RUN      ] Pivot.Size2LargeSmall
[       OK ] Pivot.Size2LargeSmall (41 ms)
[----------] 1 test from Pivot (53 ms total)

[----------] Global test environment tear-down
[==========] 1 test from 1 test suite ran. (119 ms total)
[  PASSED  ] 1 test.
==4568== 
==4568== HEAP SUMMARY:
==4568==     in use at exit: 0 bytes in 0 blocks
==4568==   total heap usage: 415 allocs, 415 frees, 133,352 bytes allocated
==4568== 
==4568== All heap blocks were freed -- no leaks are possible
==4568== 
==4568== For counts of detected and suppressed errors, rerun with: -v
==4568== ERROR SUMMARY: 0 errors from 0 contexts (suppressed: 0 from 0)
</Value>
				</Measurement>
			</Results>
		</Test>
		<Test Status="passed">
			<Name>Pivot.Size3LargeSmallLarge</Name>
			<Path>./llrec_tests</Path>
			<FullName>./llrec_tests/Pivot.Size3LargeSmallLarge</FullName>
			<FullCommandLine>/usr/bin/valgrind "--tool=memcheck" "--leak-check=yes" "--trace-children=no" "/home/codio/workspace/hw3/hw3_tests/llrec_tests/llrec_tests" "--gtest_filter=Pivot.Size3LargeSmallLarge"</FullCommandLine>
			<Results>
				<NamedMeasurement type="numeric/double" name="Execution Time">
					<Value>2.01544</Value>
				</NamedMeasurement>
				<NamedMeasurement type="numeric/double" name="Processors">
					<Value>1</Value>
				</NamedMeasurement>
				<NamedMeasurement type="text/string" name="Completion Status">
					<Value>Completed</Value>
				</NamedMeasurement>
				<NamedMeasurement type="text/string" name="Command Line">
					<Value>/usr/bin/valgrind "--tool=memcheck" "--leak-check=yes" "--trace-children=no" "/home/codio/workspace/hw3/hw3_tests/llrec_tests/llrec_tests" "--gtest_filter=Pivot.Size3LargeSmallLarge"</Value>
				</NamedMeasurement>
				<Measurement>
					<Value>==4569== Memcheck, a memory error detector
==4569== Copyright (C) 2002-2017, and GNU GPL'd, by Julian Seward et al.
==4569== Using Valgrind-3.13.0 and LibVEX; rerun with -h for copyright info
==4569== Command: /home/codio/workspace/hw3/hw3_tests/llrec_tests/llrec_tests --gtest_filter=Pivot.Size3LargeSmallLarge
==4569== 
Running main() from /home/codio/googletest/googletest/src/gtest_main.cc
Note: Google Test filter = Pivot.Size3LargeSmallLarge
[==========] Running 1 test from 1 test suite.
[----------] Global test environment set-up.
[----------] 1 test from Pivot
[ RUN      ] Pivot.Size3LargeSmallLarge
[       OK ] Pivot.Size3LargeSmallLarge (41 ms)
[----------] 1 test from Pivot (52 ms total)

[----------] Global test environment tear-down
[==========] 1 test from 1 test suite ran. (117 ms total)
[  PASSED  ] 1 test.
==4569== 
==4569== HEAP SUMMARY:
==4569==     in use at exit: 0 bytes in 0 blocks
==4569==   total heap usage: 416 allocs, 416 frees, 133,426 bytes allocated
==4569== 
==4569== All heap blocks were freed -- no leaks are possible
==4569== 
==4569== For counts of detected and suppressed errors, rerun with: -v
==4569== ERROR SUMMARY: 0 errors from 0 contexts (suppressed: 0 from 0)
</Value>
				</Measurement>
			</Results>
		</Test>
		<Test Status="passed">
			<Name>Pivot.Size3SmallLargeSmall</Name>
			<Path>./llrec_tests</Path>
			<FullName>./llrec_tests/Pivot.Size3SmallLargeSmall</FullName>
			<FullCommandLine>/usr/bin/valgrind "--tool=memcheck" "--leak-check=yes" "--trace-children=no" "/home/codio/workspace/hw3/hw3_tests/llrec_tests/llrec_tests" "--gtest_filter=Pivot.Size3SmallLargeSmall"</FullCommandLine>
			<Results>
				<NamedMeasurement type="numeric/double" name="Execution Time">
					<Value>1.95311</Value>
				</NamedMeasurement>
				<NamedMeasurement type="numeric/double" name="Processors">
					<Value>1</Value>
				</NamedMeasurement>
				<NamedMeasurement type="text/string" name="Completion Status">
					<Value>Completed</Value>
				</NamedMeasurement>
				<NamedMeasurement type="text/string" name="Command Line">
					<Value>/usr/bin/valgrind "--tool=memcheck" "--leak-check=yes" "--trace-children=no" "/home/codio/workspace/hw3/hw3_tests/llrec_tests/llrec_tests" "--gtest_filter=Pivot.Size3SmallLargeSmall"</Value>
				</NamedMeasurement>
				<Measurement>
					<Value>==4570== Memcheck, a memory error detector
==4570== Copyright (C) 2002-2017, and GNU GPL'd, by Julian Seward et al.
==4570== Using Valgrind-3.13.0 and LibVEX; rerun with -h for copyright info
==4570== Command: /home/codio/workspace/hw3/hw3_tests/llrec_tests/llrec_tests --gtest_filter=Pivot.Size3SmallLargeSmall
==4570== 
Running main() from /home/codio/googletest/googletest/src/gtest_main.cc
Note: Google Test filter = Pivot.Size3SmallLargeSmall
[==========] Running 1 test from 1 test suite.
[----------] Global test environment set-up.
[----------] 1 test from Pivot
[ RUN      ] Pivot.Size3SmallLargeSmall
[       OK ] Pivot.Size3SmallLargeSmall (50 ms)
[----------] 1 test from Pivot (63 ms total)

[----------] Global test environment tear-down
[==========] 1 test from 1 test suite ran. (143 ms total)
[  PASSED  ] 1 test.
==4570== 
==4570== HEAP SUMMARY:
==4570==     in use at exit: 0 bytes in 0 blocks
==4570==   total heap usage: 416 allocs, 416 frees, 133,426 bytes allocated
==4570== 
==4570== All heap blocks were freed -- no leaks are possible
==4570== 
==4570== For counts of detected and suppressed errors, rerun with: -v
==4570== ERROR SUMMARY: 0 errors from 0 contexts (suppressed: 0 from 0)
</Value>
				</Measurement>
			</Results>
		</Test>
		<Test Status="passed">
			<Name>Pivot.Size3LargeLargeSmall</Name>
			<Path>./llrec_tests</Path>
			<FullName>./llrec_tests/Pivot.Size3LargeLargeSmall</FullName>
			<FullCommandLine>/usr/bin/valgrind "--tool=memcheck" "--leak-check=yes" "--trace-children=no" "/home/codio/workspace/hw3/hw3_tests/llrec_tests/llrec_tests" "--gtest_filter=Pivot.Size3LargeLargeSmall"</FullCommandLine>
			<Results>
				<NamedMeasurement type="numeric/double" name="Execution Time">
					<Value>2.3212</Value>
				</NamedMeasurement>
				<NamedMeasurement type="numeric/double" name="Processors">
					<Value>1</Value>
				</NamedMeasurement>
				<NamedMeasurement type="text/string" name="Completion Status">
					<Value>Completed</Value>
				</NamedMeasurement>
				<NamedMeasurement type="text/string" name="Command Line">
					<Value>/usr/bin/valgrind "--tool=memcheck" "--leak-check=yes" "--trace-children=no" "/home/codio/workspace/hw3/hw3_tests/llrec_tests/llrec_tests" "--gtest_filter=Pivot.Size3LargeLargeSmall"</Value>
				</NamedMeasurement>
				<Measurement>
					<Value>==4571== Memcheck, a memory error detector
==4571== Copyright (C) 2002-2017, and GNU GPL'd, by Julian Seward et al.
==4571== Using Valgrind-3.13.0 and LibVEX; rerun with -h for copyright info
==4571== Command: /home/codio/workspace/hw3/hw3_tests/llrec_tests/llrec_tests --gtest_filter=Pivot.Size3LargeLargeSmall
==4571== 
Running main() from /home/codio/googletest/googletest/src/gtest_main.cc
Note: Google Test filter = Pivot.Size3LargeLargeSmall
[==========] Running 1 test from 1 test suite.
[----------] Global test environment set-up.
[----------] 1 test from Pivot
[ RUN      ] Pivot.Size3LargeLargeSmall
[       OK ] Pivot.Size3LargeLargeSmall (46 ms)
[----------] 1 test from Pivot (59 ms total)

[----------] Global test environment tear-down
[==========] 1 test from 1 test suite ran. (136 ms total)
[  PASSED  ] 1 test.
==4571== 
==4571== HEAP SUMMARY:
==4571==     in use at exit: 0 bytes in 0 blocks
==4571==   total heap usage: 416 allocs, 416 frees, 133,426 bytes allocated
==4571== 
==4571== All heap blocks were freed -- no leaks are possible
==4571== 
==4571== For counts of detected and suppressed errors, rerun with: -v
==4571== ERROR SUMMARY: 0 errors from 0 contexts (suppressed: 0 from 0)
</Value>
				</Measurement>
			</Results>
		</Test>
		<Test Status="passed">
			<Name>Pivot.Size6SmallThenLarge</Name>
			<Path>./llrec_tests</Path>
			<FullName>./llrec_tests/Pivot.Size6SmallThenLarge</FullName>
			<FullCommandLine>/usr/bin/valgrind "--tool=memcheck" "--leak-check=yes" "--trace-children=no" "/home/codio/workspace/hw3/hw3_tests/llrec_tests/llrec_tests" "--gtest_filter=Pivot.Size6SmallThenLarge"</FullCommandLine>
			<Results>
				<NamedMeasurement type="numeric/double" name="Execution Time">
					<Value>2.01435</Value>
				</NamedMeasurement>
				<NamedMeasurement type="numeric/double" name="Processors">
					<Value>1</Value>
				</NamedMeasurement>
				<NamedMeasurement type="text/string" name="Completion Status">
					<Value>Completed</Value>
				</NamedMeasurement>
				<NamedMeasurement type="text/string" name="Command Line">
					<Value>/usr/bin/valgrind "--tool=memcheck" "--leak-check=yes" "--trace-children=no" "/home/codio/workspace/hw3/hw3_tests/llrec_tests/llrec_tests" "--gtest_filter=Pivot.Size6SmallThenLarge"</Value>
				</NamedMeasurement>
				<Measurement>
					<Value>==4572== Memcheck, a memory error detector
==4572== Copyright (C) 2002-2017, and GNU GPL'd, by Julian Seward et al.
==4572== Using Valgrind-3.13.0 and LibVEX; rerun with -h for copyright info
==4572== Command: /home/codio/workspace/hw3/hw3_tests/llrec_tests/llrec_tests --gtest_filter=Pivot.Size6SmallThenLarge
==4572== 
Running main() from /home/codio/googletest/googletest/src/gtest_main.cc
Note: Google Test filter = Pivot.Size6SmallThenLarge
[==========] Running 1 test from 1 test suite.
[----------] Global test environment set-up.
[----------] 1 test from Pivot
[ RUN      ] Pivot.Size6SmallThenLarge
[       OK ] Pivot.Size6SmallThenLarge (42 ms)
[----------] 1 test from Pivot (55 ms total)

[----------] Global test environment tear-down
[==========] 1 test from 1 test suite ran. (122 ms total)
[  PASSED  ] 1 test.
==4572== 
==4572== HEAP SUMMARY:
==4572==     in use at exit: 0 bytes in 0 blocks
==4572==   total heap usage: 419 allocs, 419 frees, 133,488 bytes allocated
==4572== 
==4572== All heap blocks were freed -- no leaks are possible
==4572== 
==4572== For counts of detected and suppressed errors, rerun with: -v
==4572== ERROR SUMMARY: 0 errors from 0 contexts (suppressed: 0 from 0)
</Value>
				</Measurement>
			</Results>
		</Test>
		<Test Status="passed">
			<Name>Pivot.Size6LargeThenSmall</Name>
			<Path>./llrec_tests</Path>
			<FullName>./llrec_tests/Pivot.Size6LargeThenSmall</FullName>
			<FullCommandLine>/usr/bin/valgrind "--tool=memcheck" "--leak-check=yes" "--trace-children=no" "/home/codio/workspace/hw3/hw3_tests/llrec_tests/llrec_tests" "--gtest_filter=Pivot.Size6LargeThenSmall"</FullCommandLine>
			<Results>
				<NamedMeasurement type="numeric/double" name="Execution Time">
					<Value>1.98553</Value>
				</NamedMeasurement>
				<NamedMeasurement type="numeric/double" name="Processors">
					<Value>1</Value>
				</NamedMeasurement>
				<NamedMeasurement type="text/string" name="Completion Status">
					<Value>Completed</Value>
				</NamedMeasurement>
				<NamedMeasurement type="text/string" name="Command Line">
					<Value>/usr/bin/valgrind "--tool=memcheck" "--leak-check=yes" "--trace-children=no" "/home/codio/workspace/hw3/hw3_tests/llrec_tests/llrec_tests" "--gtest_filter=Pivot.Size6LargeThenSmall"</Value>
				</NamedMeasurement>
				<Measurement>
					<Value>==4573== Memcheck, a memory error detector
==4573== Copyright (C) 2002-2017, and GNU GPL'd, by Julian Seward et al.
==4573== Using Valgrind-3.13.0 and LibVEX; rerun with -h for copyright info
==4573== Command: /home/codio/workspace/hw3/hw3_tests/llrec_tests/llrec_tests --gtest_filter=Pivot.Size6LargeThenSmall
==4573== 
Running main() from /home/codio/googletest/googletest/src/gtest_main.cc
Note: Google Test filter = Pivot.Size6LargeThenSmall
[==========] Running 1 test from 1 test suite.
[----------] Global test environment set-up.
[----------] 1 test from Pivot
[ RUN      ] Pivot.Size6LargeThenSmall
[       OK ] Pivot.Size6LargeThenSmall (40 ms)
[----------] 1 test from Pivot (52 ms total)

[----------] Global test environment tear-down
[==========] 1 test from 1 test suite ran. (117 ms total)
[  PASSED  ] 1 test.
==4573== 
==4573== HEAP SUMMARY:
==4573==     in use at exit: 0 bytes in 0 blocks
==4573==   total heap usage: 419 allocs, 419 frees, 133,488 bytes allocated
==4573== 
==4573== All heap blocks were freed -- no leaks are possible
==4573== 
==4573== For counts of detected and suppressed errors, rerun with: -v
==4573== ERROR SUMMARY: 0 errors from 0 contexts (suppressed: 0 from 0)
</Value>
				</Measurement>
			</Results>
		</Test>
		<Test Status="passed">
			<Name>Pivot.Nominal</Name>
			<Path>./llrec_tests</Path>
			<FullName>./llrec_tests/Pivot.Nominal</FullName>
			<FullCommandLine>/usr/bin/valgrind "--tool=memcheck" "--leak-check=yes" "--trace-children=no" "/home/codio/workspace/hw3/hw3_tests/llrec_tests/llrec_tests" "--gtest_filter=Pivot.Nominal"</FullCommandLine>
			<Results>
				<NamedMeasurement type="numeric/double" name="Execution Time">
					<Value>1.94019</Value>
				</NamedMeasurement>
				<NamedMeasurement type="numeric/double" name="Processors">
					<Value>1</Value>
				</NamedMeasurement>
				<NamedMeasurement type="text/string" name="Completion Status">
					<Value>Completed</Value>
				</NamedMeasurement>
				<NamedMeasurement type="text/string" name="Command Line">
					<Value>/usr/bin/valgrind "--tool=memcheck" "--leak-check=yes" "--trace-children=no" "/home/codio/workspace/hw3/hw3_tests/llrec_tests/llrec_tests" "--gtest_filter=Pivot.Nominal"</Value>
				</NamedMeasurement>
				<Measurement>
					<Value>==4574== Memcheck, a memory error detector
==4574== Copyright (C) 2002-2017, and GNU GPL'd, by Julian Seward et al.
==4574== Using Valgrind-3.13.0 and LibVEX; rerun with -h for copyright info
==4574== Command: /home/codio/workspace/hw3/hw3_tests/llrec_tests/llrec_tests --gtest_filter=Pivot.Nominal
==4574== 
Running main() from /home/codio/googletest/googletest/src/gtest_main.cc
Note: Google Test filter = Pivot.Nominal
[==========] Running 1 test from 1 test suite.
[----------] Global test environment set-up.
[----------] 1 test from Pivot
[ RUN      ] Pivot.Nominal
[       OK ] Pivot.Nominal (35 ms)
[----------] 1 test from Pivot (45 ms total)

[----------] Global test environment tear-down
[==========] 1 test from 1 test suite ran. (105 ms total)
[  PASSED  ] 1 test.
==4574== 
==4574== HEAP SUMMARY:
==4574==     in use at exit: 0 bytes in 0 blocks
==4574==   total heap usage: 411 allocs, 411 frees, 133,189 bytes allocated
==4574== 
==4574== All heap blocks were freed -- no leaks are possible
==4574== 
==4574== For counts of detected and suppressed errors, rerun with: -v
==4574== ERROR SUMMARY: 0 errors from 0 contexts (suppressed: 0 from 0)
</Value>
				</Measurement>
			</Results>
		</Test>
		<Test Status="passed">
			<Name>Pivot.SameValues</Name>
			<Path>./llrec_tests</Path>
			<FullName>./llrec_tests/Pivot.SameValues</FullName>
			<FullCommandLine>/usr/bin/valgrind "--tool=memcheck" "--leak-check=yes" "--trace-children=no" "/home/codio/workspace/hw3/hw3_tests/llrec_tests/llrec_tests" "--gtest_filter=Pivot.SameValues"</FullCommandLine>
			<Results>
				<NamedMeasurement type="numeric/double" name="Execution Time">
					<Value>2.01889</Value>
				</NamedMeasurement>
				<NamedMeasurement type="numeric/double" name="Processors">
					<Value>1</Value>
				</NamedMeasurement>
				<NamedMeasurement type="text/string" name="Completion Status">
					<Value>Completed</Value>
				</NamedMeasurement>
				<NamedMeasurement type="text/string" name="Command Line">
					<Value>/usr/bin/valgrind "--tool=memcheck" "--leak-check=yes" "--trace-children=no" "/home/codio/workspace/hw3/hw3_tests/llrec_tests/llrec_tests" "--gtest_filter=Pivot.SameValues"</Value>
				</NamedMeasurement>
				<Measurement>
					<Value>==4575== Memcheck, a memory error detector
==4575== Copyright (C) 2002-2017, and GNU GPL'd, by Julian Seward et al.
==4575== Using Valgrind-3.13.0 and LibVEX; rerun with -h for copyright info
==4575== Command: /home/codio/workspace/hw3/hw3_tests/llrec_tests/llrec_tests --gtest_filter=Pivot.SameValues
==4575== 
Running main() from /home/codio/googletest/googletest/src/gtest_main.cc
Note: Google Test filter = Pivot.SameValues
[==========] Running 1 test from 1 test suite.
[----------] Global test environment set-up.
[----------] 1 test from Pivot
[ RUN      ] Pivot.SameValues
[       OK ] Pivot.SameValues (40 ms)
[----------] 1 test from Pivot (52 ms total)

[----------] Global test environment tear-down
[==========] 1 test from 1 test suite ran. (121 ms total)
[  PASSED  ] 1 test.
==4575== 
==4575== HEAP SUMMARY:
==4575==     in use at exit: 0 bytes in 0 blocks
==4575==   total heap usage: 416 allocs, 416 frees, 133,350 bytes allocated
==4575== 
==4575== All heap blocks were freed -- no leaks are possible
==4575== 
==4575== For counts of detected and suppressed errors, rerun with: -v
==4575== ERROR SUMMARY: 0 errors from 0 contexts (suppressed: 0 from 0)
</Value>
				</Measurement>
			</Results>
		</Test>
		<Test Status="passed">
			<Name>Pivot.NoCopySameNodeCheck</Name>
			<Path>./llrec_tests</Path>
			<FullName>./llrec_tests/Pivot.NoCopySameNodeCheck</FullName>
			<FullCommandLine>/usr/bin/valgrind "--tool=memcheck" "--leak-check=yes" "--trace-children=no" "/home/codio/workspace/hw3/hw3_tests/llrec_tests/llrec_tests" "--gtest_filter=Pivot.NoCopySameNodeCheck"</FullCommandLine>
			<Results>
				<NamedMeasurement type="numeric/double" name="Execution Time">
					<Value>2.16044</Value>
				</NamedMeasurement>
				<NamedMeasurement type="numeric/double" name="Processors">
					<Value>1</Value>
				</NamedMeasurement>
				<NamedMeasurement type="text/string" name="Completion Status">
					<Value>Completed</Value>
				</NamedMeasurement>
				<NamedMeasurement type="text/string" name="Command Line">
					<Value>/usr/bin/valgrind "--tool=memcheck" "--leak-check=yes" "--trace-children=no" "/home/codio/workspace/hw3/hw3_tests/llrec_tests/llrec_tests" "--gtest_filter=Pivot.NoCopySameNodeCheck"</Value>
				</NamedMeasurement>
				<Measurement>
					<Value>==4576== Memcheck, a memory error detector
==4576== Copyright (C) 2002-2017, and GNU GPL'd, by Julian Seward et al.
==4576== Using Valgrind-3.13.0 and LibVEX; rerun with -h for copyright info
==4576== Command: /home/codio/workspace/hw3/hw3_tests/llrec_tests/llrec_tests --gtest_filter=Pivot.NoCopySameNodeCheck
==4576== 
Running main() from /home/codio/googletest/googletest/src/gtest_main.cc
Note: Google Test filter = Pivot.NoCopySameNodeCheck
[==========] Running 1 test from 1 test suite.
[----------] Global test environment set-up.
[----------] 1 test from Pivot
[ RUN      ] Pivot.NoCopySameNodeCheck
[       OK ] Pivot.NoCopySameNodeCheck (66 ms)
[----------] 1 test from Pivot (79 ms total)

[----------] Global test environment tear-down
[==========] 1 test from 1 test suite ran. (156 ms total)
[  PASSED  ] 1 test.
==4576== 
==4576== HEAP SUMMARY:
==4576==     in use at exit: 0 bytes in 0 blocks
==4576==   total heap usage: 420 allocs, 420 frees, 133,496 bytes allocated
==4576== 
==4576== All heap blocks were freed -- no leaks are possible
==4576== 
==4576== For counts of detected and suppressed errors, rerun with: -v
==4576== ERROR SUMMARY: 0 errors from 0 contexts (suppressed: 0 from 0)
</Value>
				</Measurement>
			</Results>
		</Test>
		<Test Status="passed">
			<Name>Filter.EmptyList</Name>
			<Path>./llrec_tests</Path>
			<FullName>./llrec_tests/Filter.EmptyList</FullName>
			<FullCommandLine>/usr/bin/valgrind "--tool=memcheck" "--leak-check=yes" "--trace-children=no" "/home/codio/workspace/hw3/hw3_tests/llrec_tests/llrec_tests" "--gtest_filter=Filter.EmptyList"</FullCommandLine>
			<Results>
				<NamedMeasurement type="numeric/double" name="Execution Time">
					<Value>2.1702</Value>
				</NamedMeasurement>
				<NamedMeasurement type="numeric/double" name="Processors">
					<Value>1</Value>
				</NamedMeasurement>
				<NamedMeasurement type="text/string" name="Completion Status">
					<Value>Completed</Value>
				</NamedMeasurement>
				<NamedMeasurement type="text/string" name="Command Line">
					<Value>/usr/bin/valgrind "--tool=memcheck" "--leak-check=yes" "--trace-children=no" "/home/codio/workspace/hw3/hw3_tests/llrec_tests/llrec_tests" "--gtest_filter=Filter.EmptyList"</Value>
				</NamedMeasurement>
				<Measurement>
					<Value>==4577== Memcheck, a memory error detector
==4577== Copyright (C) 2002-2017, and GNU GPL'd, by Julian Seward et al.
==4577== Using Valgrind-3.13.0 and LibVEX; rerun with -h for copyright info
==4577== Command: /home/codio/workspace/hw3/hw3_tests/llrec_tests/llrec_tests --gtest_filter=Filter.EmptyList
==4577== 
Running main() from /home/codio/googletest/googletest/src/gtest_main.cc
Note: Google Test filter = Filter.EmptyList
[==========] Running 1 test from 1 test suite.
[----------] Global test environment set-up.
[----------] 1 test from Filter
[ RUN      ] Filter.EmptyList
[       OK ] Filter.EmptyList (35 ms)
[----------] 1 test from Filter (48 ms total)

[----------] Global test environment tear-down
[==========] 1 test from 1 test suite ran. (123 ms total)
[  PASSED  ] 1 test.
==4577== 
==4577== HEAP SUMMARY:
==4577==     in use at exit: 0 bytes in 0 blocks
==4577==   total heap usage: 410 allocs, 410 frees, 133,254 bytes allocated
==4577== 
==4577== All heap blocks were freed -- no leaks are possible
==4577== 
==4577== For counts of detected and suppressed errors, rerun with: -v
==4577== ERROR SUMMARY: 0 errors from 0 contexts (suppressed: 0 from 0)
</Value>
				</Measurement>
			</Results>
		</Test>
		<Test Status="passed">
			<Name>Filter.Size1_F</Name>
			<Path>./llrec_tests</Path>
			<FullName>./llrec_tests/Filter.Size1_F</FullName>
			<FullCommandLine>/usr/bin/valgrind "--tool=memcheck" "--leak-check=yes" "--trace-children=no" "/home/codio/workspace/hw3/hw3_tests/llrec_tests/llrec_tests" "--gtest_filter=Filter.Size1_F"</FullCommandLine>
			<Results>
				<NamedMeasurement type="numeric/double" name="Execution Time">
					<Value>2.55705</Value>
				</NamedMeasurement>
				<NamedMeasurement type="numeric/double" name="Processors">
					<Value>1</Value>
				</NamedMeasurement>
				<NamedMeasurement type="text/string" name="Completion Status">
					<Value>Completed</Value>
				</NamedMeasurement>
				<NamedMeasurement type="text/string" name="Command Line">
					<Value>/usr/bin/valgrind "--tool=memcheck" "--leak-check=yes" "--trace-children=no" "/home/codio/workspace/hw3/hw3_tests/llrec_tests/llrec_tests" "--gtest_filter=Filter.Size1_F"</Value>
				</NamedMeasurement>
				<Measurement>
					<Value>==4578== Memcheck, a memory error detector
==4578== Copyright (C) 2002-2017, and GNU GPL'd, by Julian Seward et al.
==4578== Using Valgrind-3.13.0 and LibVEX; rerun with -h for copyright info
==4578== Command: /home/codio/workspace/hw3/hw3_tests/llrec_tests/llrec_tests --gtest_filter=Filter.Size1_F
==4578== 
Running main() from /home/codio/googletest/googletest/src/gtest_main.cc
Note: Google Test filter = Filter.Size1_F
[==========] Running 1 test from 1 test suite.
[----------] Global test environment set-up.
[----------] 1 test from Filter
[ RUN      ] Filter.Size1_F
[       OK ] Filter.Size1_F (41 ms)
[----------] 1 test from Filter (53 ms total)

[----------] Global test environment tear-down
[==========] 1 test from 1 test suite ran. (117 ms total)
[  PASSED  ] 1 test.
==4578== 
==4578== HEAP SUMMARY:
==4578==     in use at exit: 0 bytes in 0 blocks
==4578==   total heap usage: 407 allocs, 407 frees, 133,122 bytes allocated
==4578== 
==4578== All heap blocks were freed -- no leaks are possible
==4578== 
==4578== For counts of detected and suppressed errors, rerun with: -v
==4578== ERROR SUMMARY: 0 errors from 0 contexts (suppressed: 0 from 0)
</Value>
				</Measurement>
			</Results>
		</Test>
		<Test Status="passed">
			<Name>Filter.Size1_nF</Name>
			<Path>./llrec_tests</Path>
			<FullName>./llrec_tests/Filter.Size1_nF</FullName>
			<FullCommandLine>/usr/bin/valgrind "--tool=memcheck" "--leak-check=yes" "--trace-children=no" "/home/codio/workspace/hw3/hw3_tests/llrec_tests/llrec_tests" "--gtest_filter=Filter.Size1_nF"</FullCommandLine>
			<Results>
				<NamedMeasurement type="numeric/double" name="Execution Time">
					<Value>2.1486</Value>
				</NamedMeasurement>
				<NamedMeasurement type="numeric/double" name="Processors">
					<Value>1</Value>
				</NamedMeasurement>
				<NamedMeasurement type="text/string" name="Completion Status">
					<Value>Completed</Value>
				</NamedMeasurement>
				<NamedMeasurement type="text/string" name="Command Line">
					<Value>/usr/bin/valgrind "--tool=memcheck" "--leak-check=yes" "--trace-children=no" "/home/codio/workspace/hw3/hw3_tests/llrec_tests/llrec_tests" "--gtest_filter=Filter.Size1_nF"</Value>
				</NamedMeasurement>
				<Measurement>
					<Value>==4579== Memcheck, a memory error detector
==4579== Copyright (C) 2002-2017, and GNU GPL'd, by Julian Seward et al.
==4579== Using Valgrind-3.13.0 and LibVEX; rerun with -h for copyright info
==4579== Command: /home/codio/workspace/hw3/hw3_tests/llrec_tests/llrec_tests --gtest_filter=Filter.Size1_nF
==4579== 
Running main() from /home/codio/googletest/googletest/src/gtest_main.cc
Note: Google Test filter = Filter.Size1_nF
[==========] Running 1 test from 1 test suite.
[----------] Global test environment set-up.
[----------] 1 test from Filter
[ RUN      ] Filter.Size1_nF
[       OK ] Filter.Size1_nF (39 ms)
[----------] 1 test from Filter (53 ms total)

[----------] Global test environment tear-down
[==========] 1 test from 1 test suite ran. (140 ms total)
[  PASSED  ] 1 test.
==4579== 
==4579== HEAP SUMMARY:
==4579==     in use at exit: 0 bytes in 0 blocks
==4579==   total heap usage: 408 allocs, 408 frees, 133,131 bytes allocated
==4579== 
==4579== All heap blocks were freed -- no leaks are possible
==4579== 
==4579== For counts of detected and suppressed errors, rerun with: -v
==4579== ERROR SUMMARY: 0 errors from 0 contexts (suppressed: 0 from 0)
</Value>
				</Measurement>
			</Results>
		</Test>
		<Test Status="passed">
			<Name>Filter.Size2_F_nF</Name>
			<Path>./llrec_tests</Path>
			<FullName>./llrec_tests/Filter.Size2_F_nF</FullName>
			<FullCommandLine>/usr/bin/valgrind "--tool=memcheck" "--leak-check=yes" "--trace-children=no" "/home/codio/workspace/hw3/hw3_tests/llrec_tests/llrec_tests" "--gtest_filter=Filter.Size2_F_nF"</FullCommandLine>
			<Results>
				<NamedMeasurement type="numeric/double" name="Execution Time">
					<Value>2.16054</Value>
				</NamedMeasurement>
				<NamedMeasurement type="numeric/double" name="Processors">
					<Value>1</Value>
				</NamedMeasurement>
				<NamedMeasurement type="text/string" name="Completion Status">
					<Value>Completed</Value>
				</NamedMeasurement>
				<NamedMeasurement type="text/string" name="Command Line">
					<Value>/usr/bin/valgrind "--tool=memcheck" "--leak-check=yes" "--trace-children=no" "/home/codio/workspace/hw3/hw3_tests/llrec_tests/llrec_tests" "--gtest_filter=Filter.Size2_F_nF"</Value>
				</NamedMeasurement>
				<Measurement>
					<Value>==4580== Memcheck, a memory error detector
==4580== Copyright (C) 2002-2017, and GNU GPL'd, by Julian Seward et al.
==4580== Using Valgrind-3.13.0 and LibVEX; rerun with -h for copyright info
==4580== Command: /home/codio/workspace/hw3/hw3_tests/llrec_tests/llrec_tests --gtest_filter=Filter.Size2_F_nF
==4580== 
Running main() from /home/codio/googletest/googletest/src/gtest_main.cc
Note: Google Test filter = Filter.Size2_F_nF
[==========] Running 1 test from 1 test suite.
[----------] Global test environment set-up.
[----------] 1 test from Filter
[ RUN      ] Filter.Size2_F_nF
[       OK ] Filter.Size2_F_nF (40 ms)
[----------] 1 test from Filter (52 ms total)

[----------] Global test environment tear-down
[==========] 1 test from 1 test suite ran. (127 ms total)
[  PASSED  ] 1 test.
==4580== 
==4580== HEAP SUMMARY:
==4580==     in use at exit: 0 bytes in 0 blocks
==4580==   total heap usage: 415 allocs, 415 frees, 133,316 bytes allocated
==4580== 
==4580== All heap blocks were freed -- no leaks are possible
==4580== 
==4580== For counts of detected and suppressed errors, rerun with: -v
==4580== ERROR SUMMARY: 0 errors from 0 contexts (suppressed: 0 from 0)
</Value>
				</Measurement>
			</Results>
		</Test>
		<Test Status="passed">
			<Name>Filter.Size2_nF_F</Name>
			<Path>./llrec_tests</Path>
			<FullName>./llrec_tests/Filter.Size2_nF_F</FullName>
			<FullCommandLine>/usr/bin/valgrind "--tool=memcheck" "--leak-check=yes" "--trace-children=no" "/home/codio/workspace/hw3/hw3_tests/llrec_tests/llrec_tests" "--gtest_filter=Filter.Size2_nF_F"</FullCommandLine>
			<Results>
				<NamedMeasurement type="numeric/double" name="Execution Time">
					<Value>2.36149</Value>
				</NamedMeasurement>
				<NamedMeasurement type="numeric/double" name="Processors">
					<Value>1</Value>
				</NamedMeasurement>
				<NamedMeasurement type="text/string" name="Completion Status">
					<Value>Completed</Value>
				</NamedMeasurement>
				<NamedMeasurement type="text/string" name="Command Line">
					<Value>/usr/bin/valgrind "--tool=memcheck" "--leak-check=yes" "--trace-children=no" "/home/codio/workspace/hw3/hw3_tests/llrec_tests/llrec_tests" "--gtest_filter=Filter.Size2_nF_F"</Value>
				</NamedMeasurement>
				<Measurement>
					<Value>==4581== Memcheck, a memory error detector
==4581== Copyright (C) 2002-2017, and GNU GPL'd, by Julian Seward et al.
==4581== Using Valgrind-3.13.0 and LibVEX; rerun with -h for copyright info
==4581== Command: /home/codio/workspace/hw3/hw3_tests/llrec_tests/llrec_tests --gtest_filter=Filter.Size2_nF_F
==4581== 
Running main() from /home/codio/googletest/googletest/src/gtest_main.cc
Note: Google Test filter = Filter.Size2_nF_F
[==========] Running 1 test from 1 test suite.
[----------] Global test environment set-up.
[----------] 1 test from Filter
[ RUN      ] Filter.Size2_nF_F
[       OK ] Filter.Size2_nF_F (47 ms)
[----------] 1 test from Filter (62 ms total)

[----------] Global test environment tear-down
[==========] 1 test from 1 test suite ran. (143 ms total)
[  PASSED  ] 1 test.
==4581== 
==4581== HEAP SUMMARY:
==4581==     in use at exit: 0 bytes in 0 blocks
==4581==   total heap usage: 414 allocs, 414 frees, 133,308 bytes allocated
==4581== 
==4581== All heap blocks were freed -- no leaks are possible
==4581== 
==4581== For counts of detected and suppressed errors, rerun with: -v
==4581== ERROR SUMMARY: 0 errors from 0 contexts (suppressed: 0 from 0)
</Value>
				</Measurement>
			</Results>
		</Test>
		<Test Status="passed">
			<Name>Filter.Size3_nF_F_nF</Name>
			<Path>./llrec_tests</Path>
			<FullName>./llrec_tests/Filter.Size3_nF_F_nF</FullName>
			<FullCommandLine>/usr/bin/valgrind "--tool=memcheck" "--leak-check=yes" "--trace-children=no" "/home/codio/workspace/hw3/hw3_tests/llrec_tests/llrec_tests" "--gtest_filter=Filter.Size3_nF_F_nF"</FullCommandLine>
			<Results>
				<NamedMeasurement type="numeric/double" name="Execution Time">
					<Value>2.1066</Value>
				</NamedMeasurement>
				<NamedMeasurement type="numeric/double" name="Processors">
					<Value>1</Value>
				</NamedMeasurement>
				<NamedMeasurement type="text/string" name="Completion Status">
					<Value>Completed</Value>
				</NamedMeasurement>
				<NamedMeasurement type="text/string" name="Command Line">
					<Value>/usr/bin/valgrind "--tool=memcheck" "--leak-check=yes" "--trace-children=no" "/home/codio/workspace/hw3/hw3_tests/llrec_tests/llrec_tests" "--gtest_filter=Filter.Size3_nF_F_nF"</Value>
				</NamedMeasurement>
				<Measurement>
					<Value>==4582== Memcheck, a memory error detector
==4582== Copyright (C) 2002-2017, and GNU GPL'd, by Julian Seward et al.
==4582== Using Valgrind-3.13.0 and LibVEX; rerun with -h for copyright info
==4582== Command: /home/codio/workspace/hw3/hw3_tests/llrec_tests/llrec_tests --gtest_filter=Filter.Size3_nF_F_nF
==4582== 
Running main() from /home/codio/googletest/googletest/src/gtest_main.cc
Note: Google Test filter = Filter.Size3_nF_F_nF
[==========] Running 1 test from 1 test suite.
[----------] Global test environment set-up.
[----------] 1 test from Filter
[ RUN      ] Filter.Size3_nF_F_nF
[       OK ] Filter.Size3_nF_F_nF (44 ms)
[----------] 1 test from Filter (59 ms total)

[----------] Global test environment tear-down
[==========] 1 test from 1 test suite ran. (131 ms total)
[  PASSED  ] 1 test.
==4582== 
==4582== HEAP SUMMARY:
==4582==     in use at exit: 0 bytes in 0 blocks
==4582==   total heap usage: 415 allocs, 415 frees, 133,362 bytes allocated
==4582== 
==4582== All heap blocks were freed -- no leaks are possible
==4582== 
==4582== For counts of detected and suppressed errors, rerun with: -v
==4582== ERROR SUMMARY: 0 errors from 0 contexts (suppressed: 0 from 0)
</Value>
				</Measurement>
			</Results>
		</Test>
		<Test Status="passed">
			<Name>Filter.Size3_F_nF_F</Name>
			<Path>./llrec_tests</Path>
			<FullName>./llrec_tests/Filter.Size3_F_nF_F</FullName>
			<FullCommandLine>/usr/bin/valgrind "--tool=memcheck" "--leak-check=yes" "--trace-children=no" "/home/codio/workspace/hw3/hw3_tests/llrec_tests/llrec_tests" "--gtest_filter=Filter.Size3_F_nF_F"</FullCommandLine>
			<Results>
				<NamedMeasurement type="numeric/double" name="Execution Time">
					<Value>1.81695</Value>
				</NamedMeasurement>
				<NamedMeasurement type="numeric/double" name="Processors">
					<Value>1</Value>
				</NamedMeasurement>
				<NamedMeasurement type="text/string" name="Completion Status">
					<Value>Completed</Value>
				</NamedMeasurement>
				<NamedMeasurement type="text/string" name="Command Line">
					<Value>/usr/bin/valgrind "--tool=memcheck" "--leak-check=yes" "--trace-children=no" "/home/codio/workspace/hw3/hw3_tests/llrec_tests/llrec_tests" "--gtest_filter=Filter.Size3_F_nF_F"</Value>
				</NamedMeasurement>
				<Measurement>
					<Value>==4583== Memcheck, a memory error detector
==4583== Copyright (C) 2002-2017, and GNU GPL'd, by Julian Seward et al.
==4583== Using Valgrind-3.13.0 and LibVEX; rerun with -h for copyright info
==4583== Command: /home/codio/workspace/hw3/hw3_tests/llrec_tests/llrec_tests --gtest_filter=Filter.Size3_F_nF_F
==4583== 
Running main() from /home/codio/googletest/googletest/src/gtest_main.cc
Note: Google Test filter = Filter.Size3_F_nF_F
[==========] Running 1 test from 1 test suite.
[----------] Global test environment set-up.
[----------] 1 test from Filter
[ RUN      ] Filter.Size3_F_nF_F
[       OK ] Filter.Size3_F_nF_F (38 ms)
[----------] 1 test from Filter (50 ms total)

[----------] Global test environment tear-down
[==========] 1 test from 1 test suite ran. (115 ms total)
[  PASSED  ] 1 test.
==4583== 
==4583== HEAP SUMMARY:
==4583==     in use at exit: 0 bytes in 0 blocks
==4583==   total heap usage: 415 allocs, 415 frees, 133,348 bytes allocated
==4583== 
==4583== All heap blocks were freed -- no leaks are possible
==4583== 
==4583== For counts of detected and suppressed errors, rerun with: -v
==4583== ERROR SUMMARY: 0 errors from 0 contexts (suppressed: 0 from 0)
</Value>
				</Measurement>
			</Results>
		</Test>
		<Test Status="passed">
			<Name>Filter.SameNodeCheck</Name>
			<Path>./llrec_tests</Path>
			<FullName>./llrec_tests/Filter.SameNodeCheck</FullName>
			<FullCommandLine>/usr/bin/valgrind "--tool=memcheck" "--leak-check=yes" "--trace-children=no" "/home/codio/workspace/hw3/hw3_tests/llrec_tests/llrec_tests" "--gtest_filter=Filter.SameNodeCheck"</FullCommandLine>
			<Results>
				<NamedMeasurement type="numeric/double" name="Execution Time">
					<Value>1.86429</Value>
				</NamedMeasurement>
				<NamedMeasurement type="numeric/double" name="Processors">
					<Value>1</Value>
				</NamedMeasurement>
				<NamedMeasurement type="text/string" name="Completion Status">
					<Value>Completed</Value>
				</NamedMeasurement>
				<NamedMeasurement type="text/string" name="Command Line">
					<Value>/usr/bin/valgrind "--tool=memcheck" "--leak-check=yes" "--trace-children=no" "/home/codio/workspace/hw3/hw3_tests/llrec_tests/llrec_tests" "--gtest_filter=Filter.SameNodeCheck"</Value>
				</NamedMeasurement>
				<Measurement>
					<Value>==4584== Memcheck, a memory error detector
==4584== Copyright (C) 2002-2017, and GNU GPL'd, by Julian Seward et al.
==4584== Using Valgrind-3.13.0 and LibVEX; rerun with -h for copyright info
==4584== Command: /home/codio/workspace/hw3/hw3_tests/llrec_tests/llrec_tests --gtest_filter=Filter.SameNodeCheck
==4584== 
Running main() from /home/codio/googletest/googletest/src/gtest_main.cc
Note: Google Test filter = Filter.SameNodeCheck
[==========] Running 1 test from 1 test suite.
[----------] Global test environment set-up.
[----------] 1 test from Filter
[ RUN      ] Filter.SameNodeCheck
[       OK ] Filter.SameNodeCheck (60 ms)
[----------] 1 test from Filter (72 ms total)

[----------] Global test environment tear-down
[==========] 1 test from 1 test suite ran. (131 ms total)
[  PASSED  ] 1 test.
==4584== 
==4584== HEAP SUMMARY:
==4584==     in use at exit: 0 bytes in 0 blocks
==4584==   total heap usage: 420 allocs, 420 frees, 133,458 bytes allocated
==4584== 
==4584== All heap blocks were freed -- no leaks are possible
==4584== 
==4584== For counts of detected and suppressed errors, rerun with: -v
==4584== ERROR SUMMARY: 0 errors from 0 contexts (suppressed: 0 from 0)
</Value>
				</Measurement>
			</Results>
		</Test>
		<Test Status="passed">
			<Name>Filter.MultipleCalls</Name>
			<Path>./llrec_tests</Path>
			<FullName>./llrec_tests/Filter.MultipleCalls</FullName>
			<FullCommandLine>/usr/bin/valgrind "--tool=memcheck" "--leak-check=yes" "--trace-children=no" "/home/codio/workspace/hw3/hw3_tests/llrec_tests/llrec_tests" "--gtest_filter=Filter.MultipleCalls"</FullCommandLine>
			<Results>
				<NamedMeasurement type="numeric/double" name="Execution Time">
					<Value>1.86519</Value>
				</NamedMeasurement>
				<NamedMeasurement type="numeric/double" name="Processors">
					<Value>1</Value>
				</NamedMeasurement>
				<NamedMeasurement type="text/string" name="Completion Status">
					<Value>Completed</Value>
				</NamedMeasurement>
				<NamedMeasurement type="text/string" name="Command Line">
					<Value>/usr/bin/valgrind "--tool=memcheck" "--leak-check=yes" "--trace-children=no" "/home/codio/workspace/hw3/hw3_tests/llrec_tests/llrec_tests" "--gtest_filter=Filter.MultipleCalls"</Value>
				</NamedMeasurement>
				<Measurement>
					<Value>==4585== Memcheck, a memory error detector
==4585== Copyright (C) 2002-2017, and GNU GPL'd, by Julian Seward et al.
==4585== Using Valgrind-3.13.0 and LibVEX; rerun with -h for copyright info
==4585== Command: /home/codio/workspace/hw3/hw3_tests/llrec_tests/llrec_tests --gtest_filter=Filter.MultipleCalls
==4585== 
Running main() from /home/codio/googletest/googletest/src/gtest_main.cc
Note: Google Test filter = Filter.MultipleCalls
[==========] Running 1 test from 1 test suite.
[----------] Global test environment set-up.
[----------] 1 test from Filter
[ RUN      ] Filter.MultipleCalls
[       OK ] Filter.MultipleCalls (34 ms)
[----------] 1 test from Filter (44 ms total)

[----------] Global test environment tear-down
[==========] 1 test from 1 test suite ran. (98 ms total)
[  PASSED  ] 1 test.
==4585== 
==4585== HEAP SUMMARY:
==4585==     in use at exit: 0 bytes in 0 blocks
==4585==   total heap usage: 420 allocs, 420 frees, 133,458 bytes allocated
==4585== 
==4585== All heap blocks were freed -- no leaks are possible
==4585== 
==4585== For counts of detected and suppressed errors, rerun with: -v
==4585== ERROR SUMMARY: 0 errors from 0 contexts (suppressed: 0 from 0)
</Value>
				</Measurement>
			</Results>
		</Test>
		<Test Status="passed">
			<Name>Filter.CompareWithLlrec</Name>
			<Path>./llrec_tests</Path>
			<FullName>./llrec_tests/Filter.CompareWithLlrec</FullName>
			<FullCommandLine>/usr/bin/valgrind "--tool=memcheck" "--leak-check=yes" "--trace-children=no" "/home/codio/workspace/hw3/hw3_tests/llrec_tests/llrec_tests" "--gtest_filter=Filter.CompareWithLlrec"</FullCommandLine>
			<Results>
				<NamedMeasurement type="numeric/double" name="Execution Time">
					<Value>2.45352</Value>
				</NamedMeasurement>
				<NamedMeasurement type="numeric/double" name="Processors">
					<Value>1</Value>
				</NamedMeasurement>
				<NamedMeasurement type="text/string" name="Completion Status">
					<Value>Completed</Value>
				</NamedMeasurement>
				<NamedMeasurement type="text/string" name="Command Line">
					<Value>/usr/bin/valgrind "--tool=memcheck" "--leak-check=yes" "--trace-children=no" "/home/codio/workspace/hw3/hw3_tests/llrec_tests/llrec_tests" "--gtest_filter=Filter.CompareWithLlrec"</Value>
				</NamedMeasurement>
				<Measurement>
					<Value>==4586== Memcheck, a memory error detector
==4586== Copyright (C) 2002-2017, and GNU GPL'd, by Julian Seward et al.
==4586== Using Valgrind-3.13.0 and LibVEX; rerun with -h for copyright info
==4586== Command: /home/codio/workspace/hw3/hw3_tests/llrec_tests/llrec_tests --gtest_filter=Filter.CompareWithLlrec
==4586== 
Running main() from /home/codio/googletest/googletest/src/gtest_main.cc
Note: Google Test filter = Filter.CompareWithLlrec
[==========] Running 1 test from 1 test suite.
[----------] Global test environment set-up.
[----------] 1 test from Filter
[ RUN      ] Filter.CompareWithLlrec
[       OK ] Filter.CompareWithLlrec (66 ms)
[----------] 1 test from Filter (81 ms total)

[----------] Global test environment tear-down
[==========] 1 test from 1 test suite ran. (176 ms total)
[  PASSED  ] 1 test.
==4586== 
==4586== HEAP SUMMARY:
==4586==     in use at exit: 0 bytes in 0 blocks
==4586==   total heap usage: 430 allocs, 430 frees, 133,612 bytes allocated
==4586== 
==4586== All heap blocks were freed -- no leaks are possible
==4586== 
==4586== For counts of detected and suppressed errors, rerun with: -v
==4586== ERROR SUMMARY: 0 errors from 0 contexts (suppressed: 0 from 0)
</Value>
				</Measurement>
			</Results>
		</Test>
		<Test Status="passed">
			<Name>Stack.BasicString</Name>
			<Path>./stack_tests</Path>
			<FullName>./stack_tests/Stack.BasicString</FullName>
			<FullCommandLine>/usr/bin/valgrind "--tool=memcheck" "--leak-check=yes" "--trace-children=no" "/home/codio/workspace/hw3/hw3_tests/stack_tests/stack_tests" "--gtest_filter=Stack.BasicString"</FullCommandLine>
			<Results>
				<NamedMeasurement type="numeric/double" name="Execution Time">
					<Value>2.94811</Value>
				</NamedMeasurement>
				<NamedMeasurement type="numeric/double" name="Processors">
					<Value>1</Value>
				</NamedMeasurement>
				<NamedMeasurement type="text/string" name="Completion Status">
					<Value>Completed</Value>
				</NamedMeasurement>
				<NamedMeasurement type="text/string" name="Command Line">
					<Value>/usr/bin/valgrind "--tool=memcheck" "--leak-check=yes" "--trace-children=no" "/home/codio/workspace/hw3/hw3_tests/stack_tests/stack_tests" "--gtest_filter=Stack.BasicString"</Value>
				</NamedMeasurement>
				<Measurement>
					<Value>==4587== Memcheck, a memory error detector
==4587== Copyright (C) 2002-2017, and GNU GPL'd, by Julian Seward et al.
==4587== Using Valgrind-3.13.0 and LibVEX; rerun with -h for copyright info
==4587== Command: /home/codio/workspace/hw3/hw3_tests/stack_tests/stack_tests --gtest_filter=Stack.BasicString
==4587== 
Running main() from /home/codio/googletest/googletest/src/gtest_main.cc
Note: Google Test filter = Stack.BasicString
[==========] Running 1 test from 1 test suite.
[----------] Global test environment set-up.
[----------] 1 test from Stack
[ RUN      ] Stack.BasicString
[       OK ] Stack.BasicString (130 ms)
[----------] 1 test from Stack (142 ms total)

[----------] Global test environment tear-down
[==========] 1 test from 1 test suite ran. (217 ms total)
[  PASSED  ] 1 test.
==4587== 
==4587== HEAP SUMMARY:
==4587==     in use at exit: 0 bytes in 0 blocks
==4587==   total heap usage: 230 allocs, 230 frees, 120,600 bytes allocated
==4587== 
==4587== All heap blocks were freed -- no leaks are possible
==4587== 
==4587== For counts of detected and suppressed errors, rerun with: -v
==4587== ERROR SUMMARY: 0 errors from 0 contexts (suppressed: 0 from 0)
</Value>
				</Measurement>
			</Results>
		</Test>
		<Test Status="passed">
			<Name>Stack.RandomInt</Name>
			<Path>./stack_tests</Path>
			<FullName>./stack_tests/Stack.RandomInt</FullName>
			<FullCommandLine>/usr/bin/valgrind "--tool=memcheck" "--leak-check=yes" "--trace-children=no" "/home/codio/workspace/hw3/hw3_tests/stack_tests/stack_tests" "--gtest_filter=Stack.RandomInt"</FullCommandLine>
			<Results>
				<NamedMeasurement type="numeric/double" name="Execution Time">
					<Value>3.30821</Value>
				</NamedMeasurement>
				<NamedMeasurement type="numeric/double" name="Processors">
					<Value>1</Value>
				</NamedMeasurement>
				<NamedMeasurement type="text/string" name="Completion Status">
					<Value>Completed</Value>
				</NamedMeasurement>
				<NamedMeasurement type="text/string" name="Command Line">
					<Value>/usr/bin/valgrind "--tool=memcheck" "--leak-check=yes" "--trace-children=no" "/home/codio/workspace/hw3/hw3_tests/stack_tests/stack_tests" "--gtest_filter=Stack.RandomInt"</Value>
				</NamedMeasurement>
				<Measurement>
					<Value>==4588== Memcheck, a memory error detector
==4588== Copyright (C) 2002-2017, and GNU GPL'd, by Julian Seward et al.
==4588== Using Valgrind-3.13.0 and LibVEX; rerun with -h for copyright info
==4588== Command: /home/codio/workspace/hw3/hw3_tests/stack_tests/stack_tests --gtest_filter=Stack.RandomInt
==4588== 
Running main() from /home/codio/googletest/googletest/src/gtest_main.cc
Note: Google Test filter = Stack.RandomInt
[==========] Running 1 test from 1 test suite.
[----------] Global test environment set-up.
[----------] 1 test from Stack
[ RUN      ] Stack.RandomInt
[       OK ] Stack.RandomInt (1684 ms)
[----------] 1 test from Stack (1694 ms total)

[----------] Global test environment tear-down
[==========] 1 test from 1 test suite ran. (1747 ms total)
[  PASSED  ] 1 test.
==4588== 
==4588== HEAP SUMMARY:
==4588==     in use at exit: 0 bytes in 0 blocks
==4588==   total heap usage: 21,262 allocs, 21,262 frees, 1,081,433 bytes allocated
==4588== 
==4588== All heap blocks were freed -- no leaks are possible
==4588== 
==4588== For counts of detected and suppressed errors, rerun with: -v
==4588== ERROR SUMMARY: 0 errors from 0 contexts (suppressed: 0 from 0)
</Value>
				</Measurement>
			</Results>
		</Test>
		<Test Status="passed">
			<Name>HeapTest.ConstructionDestruction</Name>
			<Path>./heap_tests</Path>
			<FullName>./heap_tests/HeapTest.ConstructionDestruction</FullName>
			<FullCommandLine>/usr/bin/valgrind "--tool=memcheck" "--leak-check=yes" "--trace-children=no" "/home/codio/workspace/hw3/hw3_tests/heap_tests/heap_tests" "--gtest_filter=HeapTest.ConstructionDestruction"</FullCommandLine>
			<Results>
				<NamedMeasurement type="numeric/double" name="Execution Time">
					<Value>1.69499</Value>
				</NamedMeasurement>
				<NamedMeasurement type="numeric/double" name="Processors">
					<Value>1</Value>
				</NamedMeasurement>
				<NamedMeasurement type="text/string" name="Completion Status">
					<Value>Completed</Value>
				</NamedMeasurement>
				<NamedMeasurement type="text/string" name="Command Line">
					<Value>/usr/bin/valgrind "--tool=memcheck" "--leak-check=yes" "--trace-children=no" "/home/codio/workspace/hw3/hw3_tests/heap_tests/heap_tests" "--gtest_filter=HeapTest.ConstructionDestruction"</Value>
				</NamedMeasurement>
				<Measurement>
					<Value>==4589== Memcheck, a memory error detector
==4589== Copyright (C) 2002-2017, and GNU GPL'd, by Julian Seward et al.
==4589== Using Valgrind-3.13.0 and LibVEX; rerun with -h for copyright info
==4589== Command: /home/codio/workspace/hw3/hw3_tests/heap_tests/heap_tests --gtest_filter=HeapTest.ConstructionDestruction
==4589== 
Running main() from /home/codio/googletest/googletest/src/gtest_main.cc
Note: Google Test filter = HeapTest.ConstructionDestruction
[==========] Running 1 test from 1 test suite.
[----------] Global test environment set-up.
[----------] 1 test from HeapTest
[ RUN      ] HeapTest.ConstructionDestruction
[       OK ] HeapTest.ConstructionDestruction (25 ms)
[----------] 1 test from HeapTest (38 ms total)

[----------] Global test environment tear-down
[==========] 1 test from 1 test suite ran. (101 ms total)
[  PASSED  ] 1 test.
==4589== 
==4589== HEAP SUMMARY:
==4589==     in use at exit: 0 bytes in 0 blocks
==4589==   total heap usage: 468 allocs, 468 frees, 135,793 bytes allocated
==4589== 
==4589== All heap blocks were freed -- no leaks are possible
==4589== 
==4589== For counts of detected and suppressed errors, rerun with: -v
==4589== ERROR SUMMARY: 0 errors from 0 contexts (suppressed: 0 from 0)
</Value>
				</Measurement>
			</Results>
		</Test>
		<Test Status="passed">
			<Name>HeapTest.InitiallyEmpty</Name>
			<Path>./heap_tests</Path>
			<FullName>./heap_tests/HeapTest.InitiallyEmpty</FullName>
			<FullCommandLine>/usr/bin/valgrind "--tool=memcheck" "--leak-check=yes" "--trace-children=no" "/home/codio/workspace/hw3/hw3_tests/heap_tests/heap_tests" "--gtest_filter=HeapTest.InitiallyEmpty"</FullCommandLine>
			<Results>
				<NamedMeasurement type="numeric/double" name="Execution Time">
					<Value>1.66369</Value>
				</NamedMeasurement>
				<NamedMeasurement type="numeric/double" name="Processors">
					<Value>1</Value>
				</NamedMeasurement>
				<NamedMeasurement type="text/string" name="Completion Status">
					<Value>Completed</Value>
				</NamedMeasurement>
				<NamedMeasurement type="text/string" name="Command Line">
					<Value>/usr/bin/valgrind "--tool=memcheck" "--leak-check=yes" "--trace-children=no" "/home/codio/workspace/hw3/hw3_tests/heap_tests/heap_tests" "--gtest_filter=HeapTest.InitiallyEmpty"</Value>
				</NamedMeasurement>
				<Measurement>
					<Value>==4590== Memcheck, a memory error detector
==4590== Copyright (C) 2002-2017, and GNU GPL'd, by Julian Seward et al.
==4590== Using Valgrind-3.13.0 and LibVEX; rerun with -h for copyright info
==4590== Command: /home/codio/workspace/hw3/hw3_tests/heap_tests/heap_tests --gtest_filter=HeapTest.InitiallyEmpty
==4590== 
Running main() from /home/codio/googletest/googletest/src/gtest_main.cc
Note: Google Test filter = HeapTest.InitiallyEmpty
[==========] Running 1 test from 1 test suite.
[----------] Global test environment set-up.
[----------] 1 test from HeapTest
[ RUN      ] HeapTest.InitiallyEmpty
[       OK ] HeapTest.InitiallyEmpty (19 ms)
[----------] 1 test from HeapTest (29 ms total)

[----------] Global test environment tear-down
[==========] 1 test from 1 test suite ran. (84 ms total)
[  PASSED  ] 1 test.
==4590== 
==4590== HEAP SUMMARY:
==4590==     in use at exit: 0 bytes in 0 blocks
==4590==   total heap usage: 468 allocs, 468 frees, 135,697 bytes allocated
==4590== 
==4590== All heap blocks were freed -- no leaks are possible
==4590== 
==4590== For counts of detected and suppressed errors, rerun with: -v
==4590== ERROR SUMMARY: 0 errors from 0 contexts (suppressed: 0 from 0)
</Value>
				</Measurement>
			</Results>
		</Test>
		<Test Status="passed">
			<Name>HeapTest.EmptyTopException</Name>
			<Path>./heap_tests</Path>
			<FullName>./heap_tests/HeapTest.EmptyTopException</FullName>
			<FullCommandLine>/usr/bin/valgrind "--tool=memcheck" "--leak-check=yes" "--trace-children=no" "/home/codio/workspace/hw3/hw3_tests/heap_tests/heap_tests" "--gtest_filter=HeapTest.EmptyTopException"</FullCommandLine>
			<Results>
				<NamedMeasurement type="numeric/double" name="Execution Time">
					<Value>1.6149</Value>
				</NamedMeasurement>
				<NamedMeasurement type="numeric/double" name="Processors">
					<Value>1</Value>
				</NamedMeasurement>
				<NamedMeasurement type="text/string" name="Completion Status">
					<Value>Completed</Value>
				</NamedMeasurement>
				<NamedMeasurement type="text/string" name="Command Line">
					<Value>/usr/bin/valgrind "--tool=memcheck" "--leak-check=yes" "--trace-children=no" "/home/codio/workspace/hw3/hw3_tests/heap_tests/heap_tests" "--gtest_filter=HeapTest.EmptyTopException"</Value>
				</NamedMeasurement>
				<Measurement>
					<Value>==4591== Memcheck, a memory error detector
==4591== Copyright (C) 2002-2017, and GNU GPL'd, by Julian Seward et al.
==4591== Using Valgrind-3.13.0 and LibVEX; rerun with -h for copyright info
==4591== Command: /home/codio/workspace/hw3/hw3_tests/heap_tests/heap_tests --gtest_filter=HeapTest.EmptyTopException
==4591== 
Running main() from /home/codio/googletest/googletest/src/gtest_main.cc
Note: Google Test filter = HeapTest.EmptyTopException
[==========] Running 1 test from 1 test suite.
[----------] Global test environment set-up.
[----------] 1 test from HeapTest
[ RUN      ] HeapTest.EmptyTopException
[       OK ] HeapTest.EmptyTopException (60 ms)
[----------] 1 test from HeapTest (71 ms total)

[----------] Global test environment tear-down
[==========] 1 test from 1 test suite ran. (126 ms total)
[  PASSED  ] 1 test.
==4591== 
==4591== HEAP SUMMARY:
==4591==     in use at exit: 0 bytes in 0 blocks
==4591==   total heap usage: 470 allocs, 470 frees, 135,909 bytes allocated
==4591== 
==4591== All heap blocks were freed -- no leaks are possible
==4591== 
==4591== For counts of detected and suppressed errors, rerun with: -v
==4591== ERROR SUMMARY: 0 errors from 0 contexts (suppressed: 0 from 0)
</Value>
				</Measurement>
			</Results>
		</Test>
		<Test Status="passed">
			<Name>HeapTest.EmptyPopException</Name>
			<Path>./heap_tests</Path>
			<FullName>./heap_tests/HeapTest.EmptyPopException</FullName>
			<FullCommandLine>/usr/bin/valgrind "--tool=memcheck" "--leak-check=yes" "--trace-children=no" "/home/codio/workspace/hw3/hw3_tests/heap_tests/heap_tests" "--gtest_filter=HeapTest.EmptyPopException"</FullCommandLine>
			<Results>
				<NamedMeasurement type="numeric/double" name="Execution Time">
					<Value>1.68477</Value>
				</NamedMeasurement>
				<NamedMeasurement type="numeric/double" name="Processors">
					<Value>1</Value>
				</NamedMeasurement>
				<NamedMeasurement type="text/string" name="Completion Status">
					<Value>Completed</Value>
				</NamedMeasurement>
				<NamedMeasurement type="text/string" name="Command Line">
					<Value>/usr/bin/valgrind "--tool=memcheck" "--leak-check=yes" "--trace-children=no" "/home/codio/workspace/hw3/hw3_tests/heap_tests/heap_tests" "--gtest_filter=HeapTest.EmptyPopException"</Value>
				</NamedMeasurement>
				<Measurement>
					<Value>==4592== Memcheck, a memory error detector
==4592== Copyright (C) 2002-2017, and GNU GPL'd, by Julian Seward et al.
==4592== Using Valgrind-3.13.0 and LibVEX; rerun with -h for copyright info
==4592== Command: /home/codio/workspace/hw3/hw3_tests/heap_tests/heap_tests --gtest_filter=HeapTest.EmptyPopException
==4592== 
Running main() from /home/codio/googletest/googletest/src/gtest_main.cc
Note: Google Test filter = HeapTest.EmptyPopException
[==========] Running 1 test from 1 test suite.
[----------] Global test environment set-up.
[----------] 1 test from HeapTest
[ RUN      ] HeapTest.EmptyPopException
[       OK ] HeapTest.EmptyPopException (61 ms)
[----------] 1 test from HeapTest (71 ms total)

[----------] Global test environment tear-down
[==========] 1 test from 1 test suite ran. (125 ms total)
[  PASSED  ] 1 test.
==4592== 
==4592== HEAP SUMMARY:
==4592==     in use at exit: 0 bytes in 0 blocks
==4592==   total heap usage: 470 allocs, 470 frees, 135,909 bytes allocated
==4592== 
==4592== All heap blocks were freed -- no leaks are possible
==4592== 
==4592== For counts of detected and suppressed errors, rerun with: -v
==4592== ERROR SUMMARY: 0 errors from 0 contexts (suppressed: 0 from 0)
</Value>
				</Measurement>
			</Results>
		</Test>
		<Test Status="passed">
			<Name>HeapTest.SingleItemNonempty</Name>
			<Path>./heap_tests</Path>
			<FullName>./heap_tests/HeapTest.SingleItemNonempty</FullName>
			<FullCommandLine>/usr/bin/valgrind "--tool=memcheck" "--leak-check=yes" "--trace-children=no" "/home/codio/workspace/hw3/hw3_tests/heap_tests/heap_tests" "--gtest_filter=HeapTest.SingleItemNonempty"</FullCommandLine>
			<Results>
				<NamedMeasurement type="numeric/double" name="Execution Time">
					<Value>1.58034</Value>
				</NamedMeasurement>
				<NamedMeasurement type="numeric/double" name="Processors">
					<Value>1</Value>
				</NamedMeasurement>
				<NamedMeasurement type="text/string" name="Completion Status">
					<Value>Completed</Value>
				</NamedMeasurement>
				<NamedMeasurement type="text/string" name="Command Line">
					<Value>/usr/bin/valgrind "--tool=memcheck" "--leak-check=yes" "--trace-children=no" "/home/codio/workspace/hw3/hw3_tests/heap_tests/heap_tests" "--gtest_filter=HeapTest.SingleItemNonempty"</Value>
				</NamedMeasurement>
				<Measurement>
					<Value>==4593== Memcheck, a memory error detector
==4593== Copyright (C) 2002-2017, and GNU GPL'd, by Julian Seward et al.
==4593== Using Valgrind-3.13.0 and LibVEX; rerun with -h for copyright info
==4593== Command: /home/codio/workspace/hw3/hw3_tests/heap_tests/heap_tests --gtest_filter=HeapTest.SingleItemNonempty
==4593== 
Running main() from /home/codio/googletest/googletest/src/gtest_main.cc
Note: Google Test filter = HeapTest.SingleItemNonempty
[==========] Running 1 test from 1 test suite.
[----------] Global test environment set-up.
[----------] 1 test from HeapTest
[ RUN      ] HeapTest.SingleItemNonempty
[       OK ] HeapTest.SingleItemNonempty (23 ms)
[----------] 1 test from HeapTest (32 ms total)

[----------] Global test environment tear-down
[==========] 1 test from 1 test suite ran. (89 ms total)
[  PASSED  ] 1 test.
==4593== 
==4593== HEAP SUMMARY:
==4593==     in use at exit: 0 bytes in 0 blocks
==4593==   total heap usage: 469 allocs, 469 frees, 135,741 bytes allocated
==4593== 
==4593== All heap blocks were freed -- no leaks are possible
==4593== 
==4593== For counts of detected and suppressed errors, rerun with: -v
==4593== ERROR SUMMARY: 0 errors from 0 contexts (suppressed: 0 from 0)
</Value>
				</Measurement>
			</Results>
		</Test>
		<Test Status="passed">
			<Name>HeapTest.SingleItemPush</Name>
			<Path>./heap_tests</Path>
			<FullName>./heap_tests/HeapTest.SingleItemPush</FullName>
			<FullCommandLine>/usr/bin/valgrind "--tool=memcheck" "--leak-check=yes" "--trace-children=no" "/home/codio/workspace/hw3/hw3_tests/heap_tests/heap_tests" "--gtest_filter=HeapTest.SingleItemPush"</FullCommandLine>
			<Results>
				<NamedMeasurement type="numeric/double" name="Execution Time">
					<Value>1.96555</Value>
				</NamedMeasurement>
				<NamedMeasurement type="numeric/double" name="Processors">
					<Value>1</Value>
				</NamedMeasurement>
				<NamedMeasurement type="text/string" name="Completion Status">
					<Value>Completed</Value>
				</NamedMeasurement>
				<NamedMeasurement type="text/string" name="Command Line">
					<Value>/usr/bin/valgrind "--tool=memcheck" "--leak-check=yes" "--trace-children=no" "/home/codio/workspace/hw3/hw3_tests/heap_tests/heap_tests" "--gtest_filter=HeapTest.SingleItemPush"</Value>
				</NamedMeasurement>
				<Measurement>
					<Value>==4594== Memcheck, a memory error detector
==4594== Copyright (C) 2002-2017, and GNU GPL'd, by Julian Seward et al.
==4594== Using Valgrind-3.13.0 and LibVEX; rerun with -h for copyright info
==4594== Command: /home/codio/workspace/hw3/hw3_tests/heap_tests/heap_tests --gtest_filter=HeapTest.SingleItemPush
==4594== 
Running main() from /home/codio/googletest/googletest/src/gtest_main.cc
Note: Google Test filter = HeapTest.SingleItemPush
[==========] Running 1 test from 1 test suite.
[----------] Global test environment set-up.
[----------] 1 test from HeapTest
[ RUN      ] HeapTest.SingleItemPush
[       OK ] HeapTest.SingleItemPush (37 ms)
[----------] 1 test from HeapTest (51 ms total)

[----------] Global test environment tear-down
[==========] 1 test from 1 test suite ran. (130 ms total)
[  PASSED  ] 1 test.
==4594== 
==4594== HEAP SUMMARY:
==4594==     in use at exit: 0 bytes in 0 blocks
==4594==   total heap usage: 469 allocs, 469 frees, 135,701 bytes allocated
==4594== 
==4594== All heap blocks were freed -- no leaks are possible
==4594== 
==4594== For counts of detected and suppressed errors, rerun with: -v
==4594== ERROR SUMMARY: 0 errors from 0 contexts (suppressed: 0 from 0)
</Value>
				</Measurement>
			</Results>
		</Test>
		<Test Status="passed">
			<Name>HeapTest.SingleItemPushPop</Name>
			<Path>./heap_tests</Path>
			<FullName>./heap_tests/HeapTest.SingleItemPushPop</FullName>
			<FullCommandLine>/usr/bin/valgrind "--tool=memcheck" "--leak-check=yes" "--trace-children=no" "/home/codio/workspace/hw3/hw3_tests/heap_tests/heap_tests" "--gtest_filter=HeapTest.SingleItemPushPop"</FullCommandLine>
			<Results>
				<NamedMeasurement type="numeric/double" name="Execution Time">
					<Value>2.12605</Value>
				</NamedMeasurement>
				<NamedMeasurement type="numeric/double" name="Processors">
					<Value>1</Value>
				</NamedMeasurement>
				<NamedMeasurement type="text/string" name="Completion Status">
					<Value>Completed</Value>
				</NamedMeasurement>
				<NamedMeasurement type="text/string" name="Command Line">
					<Value>/usr/bin/valgrind "--tool=memcheck" "--leak-check=yes" "--trace-children=no" "/home/codio/workspace/hw3/hw3_tests/heap_tests/heap_tests" "--gtest_filter=HeapTest.SingleItemPushPop"</Value>
				</NamedMeasurement>
				<Measurement>
					<Value>==4595== Memcheck, a memory error detector
==4595== Copyright (C) 2002-2017, and GNU GPL'd, by Julian Seward et al.
==4595== Using Valgrind-3.13.0 and LibVEX; rerun with -h for copyright info
==4595== Command: /home/codio/workspace/hw3/hw3_tests/heap_tests/heap_tests --gtest_filter=HeapTest.SingleItemPushPop
==4595== 
Running main() from /home/codio/googletest/googletest/src/gtest_main.cc
Note: Google Test filter = HeapTest.SingleItemPushPop
[==========] Running 1 test from 1 test suite.
[----------] Global test environment set-up.
[----------] 1 test from HeapTest
[ RUN      ] HeapTest.SingleItemPushPop
[       OK ] HeapTest.SingleItemPushPop (31 ms)
[----------] 1 test from HeapTest (43 ms total)

[----------] Global test environment tear-down
[==========] 1 test from 1 test suite ran. (110 ms total)
[  PASSED  ] 1 test.
==4595== 
==4595== HEAP SUMMARY:
==4595==     in use at exit: 0 bytes in 0 blocks
==4595==   total heap usage: 469 allocs, 469 frees, 135,731 bytes allocated
==4595== 
==4595== All heap blocks were freed -- no leaks are possible
==4595== 
==4595== For counts of detected and suppressed errors, rerun with: -v
==4595== ERROR SUMMARY: 0 errors from 0 contexts (suppressed: 0 from 0)
</Value>
				</Measurement>
			</Results>
		</Test>
		<Test Status="passed">
			<Name>HeapTest.TwoElementPush_LowPriFirst</Name>
			<Path>./heap_tests</Path>
			<FullName>./heap_tests/HeapTest.TwoElementPush_LowPriFirst</FullName>
			<FullCommandLine>/usr/bin/valgrind "--tool=memcheck" "--leak-check=yes" "--trace-children=no" "/home/codio/workspace/hw3/hw3_tests/heap_tests/heap_tests" "--gtest_filter=HeapTest.TwoElementPush_LowPriFirst"</FullCommandLine>
			<Results>
				<NamedMeasurement type="numeric/double" name="Execution Time">
					<Value>1.89526</Value>
				</NamedMeasurement>
				<NamedMeasurement type="numeric/double" name="Processors">
					<Value>1</Value>
				</NamedMeasurement>
				<NamedMeasurement type="text/string" name="Completion Status">
					<Value>Completed</Value>
				</NamedMeasurement>
				<NamedMeasurement type="text/string" name="Command Line">
					<Value>/usr/bin/valgrind "--tool=memcheck" "--leak-check=yes" "--trace-children=no" "/home/codio/workspace/hw3/hw3_tests/heap_tests/heap_tests" "--gtest_filter=HeapTest.TwoElementPush_LowPriFirst"</Value>
				</NamedMeasurement>
				<Measurement>
					<Value>==4596== Memcheck, a memory error detector
==4596== Copyright (C) 2002-2017, and GNU GPL'd, by Julian Seward et al.
==4596== Using Valgrind-3.13.0 and LibVEX; rerun with -h for copyright info
==4596== Command: /home/codio/workspace/hw3/hw3_tests/heap_tests/heap_tests --gtest_filter=HeapTest.TwoElementPush_LowPriFirst
==4596== 
Running main() from /home/codio/googletest/googletest/src/gtest_main.cc
Note: Google Test filter = HeapTest.TwoElementPush_LowPriFirst
[==========] Running 1 test from 1 test suite.
[----------] Global test environment set-up.
[----------] 1 test from HeapTest
[ RUN      ] HeapTest.TwoElementPush_LowPriFirst
[       OK ] HeapTest.TwoElementPush_LowPriFirst (40 ms)
[----------] 1 test from HeapTest (54 ms total)

[----------] Global test environment tear-down
[==========] 1 test from 1 test suite ran. (121 ms total)
[  PASSED  ] 1 test.
==4596== 
==4596== HEAP SUMMARY:
==4596==     in use at exit: 0 bytes in 0 blocks
==4596==   total heap usage: 470 allocs, 470 frees, 135,844 bytes allocated
==4596== 
==4596== All heap blocks were freed -- no leaks are possible
==4596== 
==4596== For counts of detected and suppressed errors, rerun with: -v
==4596== ERROR SUMMARY: 0 errors from 0 contexts (suppressed: 0 from 0)
</Value>
				</Measurement>
			</Results>
		</Test>
		<Test Status="passed">
			<Name>HeapTest.TwoElementPush_HighPriFirst</Name>
			<Path>./heap_tests</Path>
			<FullName>./heap_tests/HeapTest.TwoElementPush_HighPriFirst</FullName>
			<FullCommandLine>/usr/bin/valgrind "--tool=memcheck" "--leak-check=yes" "--trace-children=no" "/home/codio/workspace/hw3/hw3_tests/heap_tests/heap_tests" "--gtest_filter=HeapTest.TwoElementPush_HighPriFirst"</FullCommandLine>
			<Results>
				<NamedMeasurement type="numeric/double" name="Execution Time">
					<Value>1.94113</Value>
				</NamedMeasurement>
				<NamedMeasurement type="numeric/double" name="Processors">
					<Value>1</Value>
				</NamedMeasurement>
				<NamedMeasurement type="text/string" name="Completion Status">
[...]
[==========] 1 test from 1 test suite ran. (156 ms total)
[  PASSED  ] 1 test.
==4605== 
==4605== HEAP SUMMARY:
==4605==     in use at exit: 0 bytes in 0 blocks
==4605==   total heap usage: 471 allocs, 471 frees, 135,821 bytes allocated
==4605== 
==4605== All heap blocks were freed -- no leaks are possible
==4605== 
==4605== For counts of detected and suppressed errors, rerun with: -v
==4605== ERROR SUMMARY: 0 errors from 0 contexts (suppressed: 0 from 0)
</Value>
				</Measurement>
			</Results>
		</Test>
		<Test Status="passed">
			<Name>HeapTest.GreaterComparator</Name>
			<Path>./heap_tests</Path>
			<FullName>./heap_tests/HeapTest.GreaterComparator</FullName>
			<FullCommandLine>/usr/bin/valgrind "--tool=memcheck" "--leak-check=yes" "--trace-children=no" "/home/codio/workspace/hw3/hw3_tests/heap_tests/heap_tests" "--gtest_filter=HeapTest.GreaterComparator"</FullCommandLine>
			<Results>
				<NamedMeasurement type="numeric/double" name="Execution Time">
					<Value>2.16493</Value>
				</NamedMeasurement>
				<NamedMeasurement type="numeric/double" name="Processors">
					<Value>1</Value>
				</NamedMeasurement>
				<NamedMeasurement type="text/string" name="Completion Status">
					<Value>Completed</Value>
				</NamedMeasurement>
				<NamedMeasurement type="text/string" name="Command Line">
					<Value>/usr/bin/valgrind "--tool=memcheck" "--leak-check=yes" "--trace-children=no" "/home/codio/workspace/hw3/hw3_tests/heap_tests/heap_tests" "--gtest_filter=HeapTest.GreaterComparator"</Value>
				</NamedMeasurement>
				<Measurement>
					<Value>==4606== Memcheck, a memory error detector
==4606== Copyright (C) 2002-2017, and GNU GPL'd, by Julian Seward et al.
==4606== Using Valgrind-3.13.0 and LibVEX; rerun with -h for copyright info
==4606== Command: /home/codio/workspace/hw3/hw3_tests/heap_tests/heap_tests --gtest_filter=HeapTest.GreaterComparator
==4606== 
Running main() from /home/codio/googletest/googletest/src/gtest_main.cc
Note: Google Test filter = HeapTest.GreaterComparator
[==========] Running 1 test from 1 test suite.
[----------] Global test environment set-up.
[----------] 1 test from HeapTest
[ RUN      ] HeapTest.GreaterComparator
[       OK ] HeapTest.GreaterComparator (48 ms)
[----------] 1 test from HeapTest (62 ms total)

[----------] Global test environment tear-down
[==========] 1 test from 1 test suite ran. (139 ms total)
[  PASSED  ] 1 test.
==4606== 
==4606== HEAP SUMMARY:
==4606==     in use at exit: 0 bytes in 0 blocks
==4606==   total heap usage: 471 allocs, 471 frees, 135,755 bytes allocated
==4606== 
==4606== All heap blocks were freed -- no leaks are possible
==4606== 
==4606== For counts of detected and suppressed errors, rerun with: -v
==4606== ERROR SUMMARY: 0 errors from 0 contexts (suppressed: 0 from 0)
</Value>
				</Measurement>
			</Results>
		</Test>
		<Test Status="passed">
			<Name>HeapTest.StringStorage</Name>
			<Path>./heap_tests</Path>
			<FullName>./heap_tests/HeapTest.StringStorage</FullName>
			<FullCommandLine>/usr/bin/valgrind "--tool=memcheck" "--leak-check=yes" "--trace-children=no" "/home/codio/workspace/hw3/hw3_tests/heap_tests/heap_tests" "--gtest_filter=HeapTest.StringStorage"</FullCommandLine>
			<Results>
				<NamedMeasurement type="numeric/double" name="Execution Time">
					<Value>2.14795</Value>
				</NamedMeasurement>
				<NamedMeasurement type="numeric/double" name="Processors">
					<Value>1</Value>
				</NamedMeasurement>
				<NamedMeasurement type="text/string" name="Completion Status">
					<Value>Completed</Value>
				</NamedMeasurement>
				<NamedMeasurement type="text/string" name="Command Line">
					<Value>/usr/bin/valgrind "--tool=memcheck" "--leak-check=yes" "--trace-children=no" "/home/codio/workspace/hw3/hw3_tests/heap_tests/heap_tests" "--gtest_filter=HeapTest.StringStorage"</Value>
				</NamedMeasurement>
				<Measurement>
					<Value>==4607== Memcheck, a memory error detector
==4607== Copyright (C) 2002-2017, and GNU GPL'd, by Julian Seward et al.
==4607== Using Valgrind-3.13.0 and LibVEX; rerun with -h for copyright info
==4607== Command: /home/codio/workspace/hw3/hw3_tests/heap_tests/heap_tests --gtest_filter=HeapTest.StringStorage
==4607== 
Running main() from /home/codio/googletest/googletest/src/gtest_main.cc
Note: Google Test filter = HeapTest.StringStorage
[==========] Running 1 test from 1 test suite.
[----------] Global test environment set-up.
[----------] 1 test from HeapTest
[ RUN      ] HeapTest.StringStorage
[       OK ] HeapTest.StringStorage (54 ms)
[----------] 1 test from HeapTest (69 ms total)

[----------] Global test environment tear-down
[==========] 1 test from 1 test suite ran. (150 ms total)
[  PASSED  ] 1 test.
==4607== 
==4607== HEAP SUMMARY:
==4607==     in use at exit: 0 bytes in 0 blocks
==4607==   total heap usage: 471 allocs, 471 frees, 135,911 bytes allocated
==4607== 
==4607== All heap blocks were freed -- no leaks are possible
==4607== 
==4607== For counts of detected and suppressed errors, rerun with: -v
==4607== ERROR SUMMARY: 0 errors from 0 contexts (suppressed: 0 from 0)
</Value>
				</Measurement>
			</Results>
		</Test>
		<Test Status="passed">
			<Name>HeapTest.FiveElementPush_TrinaryHeap</Name>
			<Path>./heap_tests</Path>
			<FullName>./heap_tests/HeapTest.FiveElementPush_TrinaryHeap</FullName>
			<FullCommandLine>/usr/bin/valgrind "--tool=memcheck" "--leak-check=yes" "--trace-children=no" "/home/codio/workspace/hw3/hw3_tests/heap_tests/heap_tests" "--gtest_filter=HeapTest.FiveElementPush_TrinaryHeap"</FullCommandLine>
			<Results>
				<NamedMeasurement type="numeric/double" name="Execution Time">
					<Value>2.0953</Value>
				</NamedMeasurement>
				<NamedMeasurement type="numeric/double" name="Processors">
					<Value>1</Value>
				</NamedMeasurement>
				<NamedMeasurement type="text/string" name="Completion Status">
					<Value>Completed</Value>
				</NamedMeasurement>
				<NamedMeasurement type="text/string" name="Command Line">
					<Value>/usr/bin/valgrind "--tool=memcheck" "--leak-check=yes" "--trace-children=no" "/home/codio/workspace/hw3/hw3_tests/heap_tests/heap_tests" "--gtest_filter=HeapTest.FiveElementPush_TrinaryHeap"</Value>
				</NamedMeasurement>
				<Measurement>
					<Value>==4608== Memcheck, a memory error detector
==4608== Copyright (C) 2002-2017, and GNU GPL'd, by Julian Seward et al.
==4608== Using Valgrind-3.13.0 and LibVEX; rerun with -h for copyright info
==4608== Command: /home/codio/workspace/hw3/hw3_tests/heap_tests/heap_tests --gtest_filter=HeapTest.FiveElementPush_TrinaryHeap
==4608== 
Running main() from /home/codio/googletest/googletest/src/gtest_main.cc
Note: Google Test filter = HeapTest.FiveElementPush_TrinaryHeap
[==========] Running 1 test from 1 test suite.
[----------] Global test environment set-up.
[----------] 1 test from HeapTest
[ RUN      ] HeapTest.FiveElementPush_TrinaryHeap
[       OK ] HeapTest.FiveElementPush_TrinaryHeap (43 ms)
[----------] 1 test from HeapTest (54 ms total)

[----------] Global test environment tear-down
[==========] 1 test from 1 test suite ran. (120 ms total)
[  PASSED  ] 1 test.
==4608== 
==4608== HEAP SUMMARY:
==4608==     in use at exit: 0 bytes in 0 blocks
==4608==   total heap usage: 472 allocs, 472 frees, 135,905 bytes allocated
==4608== 
==4608== All heap blocks were freed -- no leaks are possible
==4608== 
==4608== For counts of detected and suppressed errors, rerun with: -v
==4608== ERROR SUMMARY: 0 errors from 0 contexts (suppressed: 0 from 0)
</Value>
				</Measurement>
			</Results>
		</Test>
		<Test Status="passed">
			<Name>HeapTest.SixElementPush_QuaternaryHeap</Name>
			<Path>./heap_tests</Path>
			<FullName>./heap_tests/HeapTest.SixElementPush_QuaternaryHeap</FullName>
			<FullCommandLine>/usr/bin/valgrind "--tool=memcheck" "--leak-check=yes" "--trace-children=no" "/home/codio/workspace/hw3/hw3_tests/heap_tests/heap_tests" "--gtest_filter=HeapTest.SixElementPush_QuaternaryHeap"</FullCommandLine>
			<Results>
				<NamedMeasurement type="numeric/double" name="Execution Time">
					<Value>1.87224</Value>
				</NamedMeasurement>
				<NamedMeasurement type="numeric/double" name="Processors">
					<Value>1</Value>
				</NamedMeasurement>
				<NamedMeasurement type="text/string" name="Completion Status">
					<Value>Completed</Value>
				</NamedMeasurement>
				<NamedMeasurement type="text/string" name="Command Line">
					<Value>/usr/bin/valgrind "--tool=memcheck" "--leak-check=yes" "--trace-children=no" "/home/codio/workspace/hw3/hw3_tests/heap_tests/heap_tests" "--gtest_filter=HeapTest.SixElementPush_QuaternaryHeap"</Value>
				</NamedMeasurement>
				<Measurement>
					<Value>==4609== Memcheck, a memory error detector
==4609== Copyright (C) 2002-2017, and GNU GPL'd, by Julian Seward et al.
==4609== Using Valgrind-3.13.0 and LibVEX; rerun with -h for copyright info
==4609== Command: /home/codio/workspace/hw3/hw3_tests/heap_tests/heap_tests --gtest_filter=HeapTest.SixElementPush_QuaternaryHeap
==4609== 
Running main() from /home/codio/googletest/googletest/src/gtest_main.cc
Note: Google Test filter = HeapTest.SixElementPush_QuaternaryHeap
[==========] Running 1 test from 1 test suite.
[----------] Global test environment set-up.
[----------] 1 test from HeapTest
[ RUN      ] HeapTest.SixElementPush_QuaternaryHeap
[       OK ] HeapTest.SixElementPush_QuaternaryHeap (37 ms)
[----------] 1 test from HeapTest (47 ms total)

[----------] Global test environment tear-down
[==========] 1 test from 1 test suite ran. (102 ms total)
[  PASSED  ] 1 test.
==4609== 
==4609== HEAP SUMMARY:
==4609==     in use at exit: 0 bytes in 0 blocks
==4609==   total heap usage: 472 allocs, 472 frees, 135,931 bytes allocated
==4609== 
==4609== All heap blocks were freed -- no leaks are possible
==4609== 
==4609== For counts of detected and suppressed errors, rerun with: -v
==4609== ERROR SUMMARY: 0 errors from 0 contexts (suppressed: 0 from 0)
</Value>
				</Measurement>
			</Results>
		</Test>
		<Test Status="passed">
			<Name>HeapStress.50x50RandomElements_BinaryHeap</Name>
			<Path>./heap_tests</Path>
			<FullName>./heap_tests/HeapStress.50x50RandomElements_BinaryHeap</FullName>
			<FullCommandLine>/usr/bin/valgrind "--tool=memcheck" "--leak-check=yes" "--trace-children=no" "/home/codio/workspace/hw3/hw3_tests/heap_tests/heap_tests" "--gtest_filter=HeapStress.50x50RandomElements_BinaryHeap"</FullCommandLine>
			<Results>
				<NamedMeasurement type="numeric/double" name="Execution Time">
					<Value>1.9275</Value>
				</NamedMeasurement>
				<NamedMeasurement type="numeric/double" name="Processors">
					<Value>1</Value>
				</NamedMeasurement>
				<NamedMeasurement type="text/string" name="Completion Status">
					<Value>Completed</Value>
				</NamedMeasurement>
				<NamedMeasurement type="text/string" name="Command Line">
					<Value>/usr/bin/valgrind "--tool=memcheck" "--leak-check=yes" "--trace-children=no" "/home/codio/workspace/hw3/hw3_tests/heap_tests/heap_tests" "--gtest_filter=HeapStress.50x50RandomElements_BinaryHeap"</Value>
				</NamedMeasurement>
				<Measurement>
					<Value>==4610== Memcheck, a memory error detector
==4610== Copyright (C) 2002-2017, and GNU GPL'd, by Julian Seward et al.
==4610== Using Valgrind-3.13.0 and LibVEX; rerun with -h for copyright info
==4610== Command: /home/codio/workspace/hw3/hw3_tests/heap_tests/heap_tests --gtest_filter=HeapStress.50x50RandomElements_BinaryHeap
==4610== 
Running main() from /home/codio/googletest/googletest/src/gtest_main.cc
Note: Google Test filter = HeapStress.50x50RandomElements_BinaryHeap
[==========] Running 1 test from 1 test suite.
[----------] Global test environment set-up.
[----------] 1 test from HeapStress
[ RUN      ] HeapStress.50x50RandomElements_BinaryHeap
[       OK ] HeapStress.50x50RandomElements_BinaryHeap (246 ms)
[----------] 1 test from HeapStress (257 ms total)

[----------] Global test environment tear-down
[==========] 1 test from 1 test suite ran. (331 ms total)
[  PASSED  ] 1 test.
==4610== 
==4610== HEAP SUMMARY:
==4610==     in use at exit: 0 bytes in 0 blocks
==4610==   total heap usage: 969 allocs, 969 frees, 183,502 bytes allocated
==4610== 
==4610== All heap blocks were freed -- no leaks are possible
==4610== 
==4610== For counts of detected and suppressed errors, rerun with: -v
==4610== ERROR SUMMARY: 0 errors from 0 contexts (suppressed: 0 from 0)
</Value>
				</Measurement>
			</Results>
		</Test>
		<Test Status="passed">
			<Name>HeapStress.50x50RandomElements_QuaternaryHeap</Name>
			<Path>./heap_tests</Path>
			<FullName>./heap_tests/HeapStress.50x50RandomElements_QuaternaryHeap</FullName>
			<FullCommandLine>/usr/bin/valgrind "--tool=memcheck" "--leak-check=yes" "--trace-children=no" "/home/codio/workspace/hw3/hw3_tests/heap_tests/heap_tests" "--gtest_filter=HeapStress.50x50RandomElements_QuaternaryHeap"</FullCommandLine>
			<Results>
				<NamedMeasurement type="numeric/double" name="Execution Time">
					<Value>1.86168</Value>
				</NamedMeasurement>
				<NamedMeasurement type="numeric/double" name="Processors">
					<Value>1</Value>
				</NamedMeasurement>
				<NamedMeasurement type="text/string" name="Completion Status">
					<Value>Completed</Value>
				</NamedMeasurement>
				<NamedMeasurement type="text/string" name="Command Line">
					<Value>/usr/bin/valgrind "--tool=memcheck" "--leak-check=yes" "--trace-children=no" "/home/codio/workspace/hw3/hw3_tests/heap_tests/heap_tests" "--gtest_filter=HeapStress.50x50RandomElements_QuaternaryHeap"</Value>
				</NamedMeasurement>
				<Measurement>
					<Value>==4611== Memcheck, a memory error detector
==4611== Copyright (C) 2002-2017, and GNU GPL'd, by Julian Seward et al.
==4611== Using Valgrind-3.13.0 and LibVEX; rerun with -h for copyright info
==4611== Command: /home/codio/workspace/hw3/hw3_tests/heap_tests/heap_tests --gtest_filter=HeapStress.50x50RandomElements_QuaternaryHeap
==4611== 
Running main() from /home/codio/googletest/googletest/src/gtest_main.cc
Note: Google Test filter = HeapStress.50x50RandomElements_QuaternaryHeap
[==========] Running 1 test from 1 test suite.
[----------] Global test environment set-up.
[----------] 1 test from HeapStress
[ RUN      ] HeapStress.50x50RandomElements_QuaternaryHeap
[       OK ] HeapStress.50x50RandomElements_QuaternaryHeap (207 ms)
[----------] 1 test from HeapStress (218 ms total)

[----------] Global test environment tear-down
[==========] 1 test from 1 test suite ran. (276 ms total)
[  PASSED  ] 1 test.
==4611== 
==4611== HEAP SUMMARY:
==4611==     in use at exit: 0 bytes in 0 blocks
==4611==   total heap usage: 969 allocs, 969 frees, 183,554 bytes allocated
==4611== 
==4611== All heap blocks were freed -- no leaks are possible
==4611== 
==4611== For counts of detected and suppressed errors, rerun with: -v
==4611== ERROR SUMMARY: 0 errors from 0 contexts (suppressed: 0 from 0)
</Value>
				</Measurement>
			</Results>
		</Test>
		<Test Status="passed">
			<Name>HeapStress.50x50RandomElements_DodecenaryHeap</Name>
			<Path>./heap_tests</Path>
			<FullName>./heap_tests/HeapStress.50x50RandomElements_DodecenaryHeap</FullName>
			<FullCommandLine>/usr/bin/valgrind "--tool=memcheck" "--leak-check=yes" "--trace-children=no" "/home/codio/workspace/hw3/hw3_tests/heap_tests/heap_tests" "--gtest_filter=HeapStress.50x50RandomElements_DodecenaryHeap"</FullCommandLine>
			<Results>
				<NamedMeasurement type="numeric/double" name="Execution Time">
					<Value>1.72355</Value>
				</NamedMeasurement>
				<NamedMeasurement type="numeric/double" name="Processors">
					<Value>1</Value>
				</NamedMeasurement>
				<NamedMeasurement type="text/string" name="Completion Status">
					<Value>Completed</Value>
				</NamedMeasurement>
				<NamedMeasurement type="text/string" name="Command Line">
					<Value>/usr/bin/valgrind "--tool=memcheck" "--leak-check=yes" "--trace-children=no" "/home/codio/workspace/hw3/hw3_tests/heap_tests/heap_tests" "--gtest_filter=HeapStress.50x50RandomElements_DodecenaryHeap"</Value>
				</NamedMeasurement>
				<Measurement>
					<Value>==4612== Memcheck, a memory error detector
==4612== Copyright (C) 2002-2017, and GNU GPL'd, by Julian Seward et al.
==4612== Using Valgrind-3.13.0 and LibVEX; rerun with -h for copyright info
==4612== Command: /home/codio/workspace/hw3/hw3_tests/heap_tests/heap_tests --gtest_filter=HeapStress.50x50RandomElements_DodecenaryHeap
==4612== 
Running main() from /home/codio/googletest/googletest/src/gtest_main.cc
Note: Google Test filter = HeapStress.50x50RandomElements_DodecenaryHeap
[==========] Running 1 test from 1 test suite.
[----------] Global test environment set-up.
[----------] 1 test from HeapStress
[ RUN      ] HeapStress.50x50RandomElements_DodecenaryHeap
[       OK ] HeapStress.50x50RandomElements_DodecenaryHeap (193 ms)
[----------] 1 test from HeapStress (203 ms total)

[----------] Global test environment tear-down
[==========] 1 test from 1 test suite ran. (256 ms total)
[  PASSED  ] 1 test.
==4612== 
==4612== HEAP SUMMARY:
==4612==     in use at exit: 0 bytes in 0 blocks
==4612==   total heap usage: 969 allocs, 969 frees, 183,554 bytes allocated
==4612== 
==4612== All heap blocks were freed -- no leaks are possible
==4612== 
==4612== For counts of detected and suppressed errors, rerun with: -v
==4612== ERROR SUMMARY: 0 errors from 0 contexts (suppressed: 0 from 0)
</Value>
				</Measurement>
			</Results>
		</Test>
		<Test Status="passed">
			<Name>HeapStress.2x2000RandomElements_Binary</Name>
			<Path>./heap_tests</Path>
			<FullName>./heap_tests/HeapStress.2x2000RandomElements_Binary</FullName>
			<FullCommandLine>/usr/bin/valgrind "--tool=memcheck" "--leak-check=yes" "--trace-children=no" "/home/codio/workspace/hw3/hw3_tests/heap_tests/heap_tests" "--gtest_filter=HeapStress.2x2000RandomElements_Binary"</FullCommandLine>
			<Results>
				<NamedMeasurement type="numeric/double" name="Execution Time">
					<Value>1.74868</Value>
				</NamedMeasurement>
				<NamedMeasurement type="numeric/double" name="Processors">
					<Value>1</Value>
				</NamedMeasurement>
				<NamedMeasurement type="text/string" name="Completion Status">
					<Value>Completed</Value>
				</NamedMeasurement>
				<NamedMeasurement type="text/string" name="Command Line">
					<Value>/usr/bin/valgrind "--tool=memcheck" "--leak-check=yes" "--trace-children=no" "/home/codio/workspace/hw3/hw3_tests/heap_tests/heap_tests" "--gtest_filter=HeapStress.2x2000RandomElements_Binary"</Value>
				</NamedMeasurement>
				<Measurement>
					<Value>==4613== Memcheck, a memory error detector
==4613== Copyright (C) 2002-2017, and GNU GPL'd, by Julian Seward et al.
==4613== Using Valgrind-3.13.0 and LibVEX; rerun with -h for copyright info
==4613== Command: /home/codio/workspace/hw3/hw3_tests/heap_tests/heap_tests --gtest_filter=HeapStress.2x2000RandomElements_Binary
==4613== 
Running main() from /home/codio/googletest/googletest/src/gtest_main.cc
Note: Google Test filter = HeapStress.2x2000RandomElements_Binary
[==========] Running 1 test from 1 test suite.
[----------] Global test environment set-up.
[----------] 1 test from HeapStress
[ RUN      ] HeapStress.2x2000RandomElements_Binary
[       OK ] HeapStress.2x2000RandomElements_Binary (216 ms)
[----------] 1 test from HeapStress (226 ms total)

[----------] Global test environment tear-down
[==========] 1 test from 1 test suite ran. (279 ms total)
[  PASSED  ] 1 test.
==4613== 
==4613== HEAP SUMMARY:
==4613==     in use at exit: 0 bytes in 0 blocks
==4613==   total heap usage: 499 allocs, 499 frees, 200,711 bytes allocated
==4613== 
==4613== All heap blocks were freed -- no leaks are possible
==4613== 
==4613== For counts of detected and suppressed errors, rerun with: -v
==4613== ERROR SUMMARY: 0 errors from 0 contexts (suppressed: 0 from 0)
</Value>
				</Measurement>
			</Results>
		</Test>
		<EndDateTime>Nov 29 15:59 UTC</EndDateTime>
		<EndTestTime>1669737545</EndTestTime>
		<ElapsedMinutes>1.6</ElapsedMinutes>
	</Testing>
</Site>
