Start testing: Nov 29 15:57 UTC
----------------------------------------------------------
1/50 Testing: Pivot.Empty
1/50 Test: Pivot.Empty
Command: "/usr/bin/valgrind" "--tool=memcheck" "--leak-check=yes" "--trace-children=no" "/home/codio/workspace/hw3/hw3_tests/llrec_tests/llrec_tests" "--gtest_filter=Pivot.Empty"
Directory: /home/codio/workspace/hw3/hw3_tests/llrec_tests
"Pivot.Empty" start time: Nov 29 15:57 UTC
Output:
----------------------------------------------------------
==4563== Memcheck, a memory error detector
==4563== Copyright (C) 2002-2017, and GNU GPL'd, by Julian Seward et al.
==4563== Using Valgrind-3.13.0 and LibVEX; rerun with -h for copyright info
==4563== Command: /home/codio/workspace/hw3/hw3_tests/llrec_tests/llrec_tests --gtest_filter=Pivot.Empty
==4563== 
Running main() from /home/codio/googletest/googletest/src/gtest_main.cc
Note: Google Test filter = Pivot.Empty
[==========] Running 1 test from 1 test suite.
[----------] Global test environment set-up.
[----------] 1 test from Pivot
[ RUN      ] Pivot.Empty
[       OK ] Pivot.Empty (27 ms)
[----------] 1 test from Pivot (39 ms total)

[----------] Global test environment tear-down
[==========] 1 test from 1 test suite ran. (107 ms total)
[  PASSED  ] 1 test.
==4563== 
==4563== HEAP SUMMARY:
==4563==     in use at exit: 0 bytes in 0 blocks
==4563==   total heap usage: 404 allocs, 404 frees, 133,083 bytes allocated
==4563== 
==4563== All heap blocks were freed -- no leaks are possible
==4563== 
==4563== For counts of detected and suppressed errors, rerun with: -v
==4563== ERROR SUMMARY: 0 errors from 0 contexts (suppressed: 0 from 0)
<end of output>
Test time =   2.37 sec
----------------------------------------------------------
Test Passed.
"Pivot.Empty" end time: Nov 29 15:57 UTC
"Pivot.Empty" time elapsed: 00:00:02
----------------------------------------------------------

2/50 Testing: Pivot.Size1SmallEmpty
2/50 Test: Pivot.Size1SmallEmpty
Command: "/usr/bin/valgrind" "--tool=memcheck" "--leak-check=yes" "--trace-children=no" "/home/codio/workspace/hw3/hw3_tests/llrec_tests/llrec_tests" "--gtest_filter=Pivot.Size1SmallEmpty"
Directory: /home/codio/workspace/hw3/hw3_tests/llrec_tests
"Pivot.Size1SmallEmpty" start time: Nov 29 15:57 UTC
Output:
----------------------------------------------------------
==4564== Memcheck, a memory error detector
==4564== Copyright (C) 2002-2017, and GNU GPL'd, by Julian Seward et al.
==4564== Using Valgrind-3.13.0 and LibVEX; rerun with -h for copyright info
==4564== Command: /home/codio/workspace/hw3/hw3_tests/llrec_tests/llrec_tests --gtest_filter=Pivot.Size1SmallEmpty
==4564== 
Running main() from /home/codio/googletest/googletest/src/gtest_main.cc
Note: Google Test filter = Pivot.Size1SmallEmpty
[==========] Running 1 test from 1 test suite.
[----------] Global test environment set-up.
[----------] 1 test from Pivot
[ RUN      ] Pivot.Size1SmallEmpty
[       OK ] Pivot.Size1SmallEmpty (47 ms)
[----------] 1 test from Pivot (63 ms total)

[----------] Global test environment tear-down
[==========] 1 test from 1 test suite ran. (148 ms total)
[  PASSED  ] 1 test.
==4564== 
==4564== HEAP SUMMARY:
==4564==     in use at exit: 0 bytes in 0 blocks
==4564==   total heap usage: 413 allocs, 413 frees, 133,328 bytes allocated
==4564== 
==4564== All heap blocks were freed -- no leaks are possible
==4564== 
==4564== For counts of detected and suppressed errors, rerun with: -v
==4564== ERROR SUMMARY: 0 errors from 0 contexts (suppressed: 0 from 0)
<end of output>
Test time =   2.15 sec
----------------------------------------------------------
Test Passed.
"Pivot.Size1SmallEmpty" end time: Nov 29 15:57 UTC
"Pivot.Size1SmallEmpty" time elapsed: 00:00:02
----------------------------------------------------------

3/50 Testing: Pivot.Size1LargeEmpty
3/50 Test: Pivot.Size1LargeEmpty
Command: "/usr/bin/valgrind" "--tool=memcheck" "--leak-check=yes" "--trace-children=no" "/home/codio/workspace/hw3/hw3_tests/llrec_tests/llrec_tests" "--gtest_filter=Pivot.Size1LargeEmpty"
Directory: /home/codio/workspace/hw3/hw3_tests/llrec_tests
"Pivot.Size1LargeEmpty" start time: Nov 29 15:57 UTC
Output:
----------------------------------------------------------
==4565== Memcheck, a memory error detector
==4565== Copyright (C) 2002-2017, and GNU GPL'd, by Julian Seward et al.
==4565== Using Valgrind-3.13.0 and LibVEX; rerun with -h for copyright info
==4565== Command: /home/codio/workspace/hw3/hw3_tests/llrec_tests/llrec_tests --gtest_filter=Pivot.Size1LargeEmpty
==4565== 
Running main() from /home/codio/googletest/googletest/src/gtest_main.cc
Note: Google Test filter = Pivot.Size1LargeEmpty
[==========] Running 1 test from 1 test suite.
[----------] Global test environment set-up.
[----------] 1 test from Pivot
[ RUN      ] Pivot.Size1LargeEmpty
1
2
3
4
5
6
[       OK ] Pivot.Size1LargeEmpty (38 ms)
[----------] 1 test from Pivot (49 ms total)

[----------] Global test environment tear-down
[==========] 1 test from 1 test suite ran. (107 ms total)
[  PASSED  ] 1 test.
==4565== 
==4565== HEAP SUMMARY:
==4565==     in use at exit: 0 bytes in 0 blocks
==4565==   total heap usage: 413 allocs, 413 frees, 133,328 bytes allocated
==4565== 
==4565== All heap blocks were freed -- no leaks are possible
==4565== 
==4565== For counts of detected and suppressed errors, rerun with: -v
==4565== ERROR SUMMARY: 0 errors from 0 contexts (suppressed: 0 from 0)
<end of output>
Test time =   1.90 sec
----------------------------------------------------------
Test Passed.
"Pivot.Size1LargeEmpty" end time: Nov 29 15:57 UTC
"Pivot.Size1LargeEmpty" time elapsed: 00:00:01
----------------------------------------------------------

4/50 Testing: Pivot.Size2SmallLarge
4/50 Test: Pivot.Size2SmallLarge
Command: "/usr/bin/valgrind" "--tool=memcheck" "--leak-check=yes" "--trace-children=no" "/home/codio/workspace/hw3/hw3_tests/llrec_tests/llrec_tests" "--gtest_filter=Pivot.Size2SmallLarge"
Directory: /home/codio/workspace/hw3/hw3_tests/llrec_tests
"Pivot.Size2SmallLarge" start time: Nov 29 15:57 UTC
Output:
----------------------------------------------------------
==4567== Memcheck, a memory error detector
==4567== Copyright (C) 2002-2017, and GNU GPL'd, by Julian Seward et al.
==4567== Using Valgrind-3.13.0 and LibVEX; rerun with -h for copyright info
==4567== Command: /home/codio/workspace/hw3/hw3_tests/llrec_tests/llrec_tests --gtest_filter=Pivot.Size2SmallLarge
==4567== 
Running main() from /home/codio/googletest/googletest/src/gtest_main.cc
Note: Google Test filter = Pivot.Size2SmallLarge
[==========] Running 1 test from 1 test suite.
[----------] Global test environment set-up.
[----------] 1 test from Pivot
[ RUN      ] Pivot.Size2SmallLarge
[       OK ] Pivot.Size2SmallLarge (33 ms)
[----------] 1 test from Pivot (42 ms total)

[----------] Global test environment tear-down
[==========] 1 test from 1 test suite ran. (95 ms total)
[  PASSED  ] 1 test.
==4567== 
==4567== HEAP SUMMARY:
==4567==     in use at exit: 0 bytes in 0 blocks
==4567==   total heap usage: 415 allocs, 415 frees, 133,352 bytes allocated
==4567== 
==4567== All heap blocks were freed -- no leaks are possible
==4567== 
==4567== For counts of detected and suppressed errors, rerun with: -v
==4567== ERROR SUMMARY: 0 errors from 0 contexts (suppressed: 0 from 0)
<end of output>
Test time =   1.68 sec
----------------------------------------------------------
Test Passed.
"Pivot.Size2SmallLarge" end time: Nov 29 15:57 UTC
"Pivot.Size2SmallLarge" time elapsed: 00:00:01
----------------------------------------------------------

5/50 Testing: Pivot.Size2LargeSmall
5/50 Test: Pivot.Size2LargeSmall
Command: "/usr/bin/valgrind" "--tool=memcheck" "--leak-check=yes" "--trace-children=no" "/home/codio/workspace/hw3/hw3_tests/llrec_tests/llrec_tests" "--gtest_filter=Pivot.Size2LargeSmall"
Directory: /home/codio/workspace/hw3/hw3_tests/llrec_tests
"Pivot.Size2LargeSmall" start time: Nov 29 15:57 UTC
Output:
----------------------------------------------------------
==4568== Memcheck, a memory error detector
==4568== Copyright (C) 2002-2017, and GNU GPL'd, by Julian Seward et al.
==4568== Using Valgrind-3.13.0 and LibVEX; rerun with -h for copyright info
==4568== Command: /home/codio/workspace/hw3/hw3_tests/llrec_tests/llrec_tests --gtest_filter=Pivot.Size2LargeSmall
==4568== 
Running main() from /home/codio/googletest/googletest/src/gtest_main.cc
Note: Google Test filter = Pivot.Size2LargeSmall
[==========] Running 1 test from 1 test suite.
[----------] Global test environment set-up.
[----------] 1 test from Pivot
[ RUN      ] Pivot.Size2LargeSmall
[       OK ] Pivot.Size2LargeSmall (41 ms)
[----------] 1 test from Pivot (53 ms total)

[----------] Global test environment tear-down
[==========] 1 test from 1 test suite ran. (119 ms total)
[  PASSED  ] 1 test.
==4568== 
==4568== HEAP SUMMARY:
==4568==     in use at exit: 0 bytes in 0 blocks
==4568==   total heap usage: 415 allocs, 415 frees, 133,352 bytes allocated
==4568== 
==4568== All heap blocks were freed -- no leaks are possible
==4568== 
==4568== For counts of detected and suppressed errors, rerun with: -v
==4568== ERROR SUMMARY: 0 errors from 0 contexts (suppressed: 0 from 0)
<end of output>
Test time =   1.88 sec
----------------------------------------------------------
Test Passed.
"Pivot.Size2LargeSmall" end time: Nov 29 15:57 UTC
"Pivot.Size2LargeSmall" time elapsed: 00:00:01
----------------------------------------------------------

6/50 Testing: Pivot.Size3LargeSmallLarge
6/50 Test: Pivot.Size3LargeSmallLarge
Command: "/usr/bin/valgrind" "--tool=memcheck" "--leak-check=yes" "--trace-children=no" "/home/codio/workspace/hw3/hw3_tests/llrec_tests/llrec_tests" "--gtest_filter=Pivot.Size3LargeSmallLarge"
Directory: /home/codio/workspace/hw3/hw3_tests/llrec_tests
"Pivot.Size3LargeSmallLarge" start time: Nov 29 15:57 UTC
Output:
----------------------------------------------------------
==4569== Memcheck, a memory error detector
==4569== Copyright (C) 2002-2017, and GNU GPL'd, by Julian Seward et al.
==4569== Using Valgrind-3.13.0 and LibVEX; rerun with -h for copyright info
==4569== Command: /home/codio/workspace/hw3/hw3_tests/llrec_tests/llrec_tests --gtest_filter=Pivot.Size3LargeSmallLarge
==4569== 
Running main() from /home/codio/googletest/googletest/src/gtest_main.cc
Note: Google Test filter = Pivot.Size3LargeSmallLarge
[==========] Running 1 test from 1 test suite.
[----------] Global test environment set-up.
[----------] 1 test from Pivot
[ RUN      ] Pivot.Size3LargeSmallLarge
[       OK ] Pivot.Size3LargeSmallLarge (41 ms)
[----------] 1 test from Pivot (52 ms total)

[----------] Global test environment tear-down
[==========] 1 test from 1 test suite ran. (117 ms total)
[  PASSED  ] 1 test.
==4569== 
==4569== HEAP SUMMARY:
==4569==     in use at exit: 0 bytes in 0 blocks
==4569==   total heap usage: 416 allocs, 416 frees, 133,426 bytes allocated
==4569== 
==4569== All heap blocks were freed -- no leaks are possible
==4569== 
==4569== For counts of detected and suppressed errors, rerun with: -v
==4569== ERROR SUMMARY: 0 errors from 0 contexts (suppressed: 0 from 0)
<end of output>
Test time =   2.02 sec
----------------------------------------------------------
Test Passed.
"Pivot.Size3LargeSmallLarge" end time: Nov 29 15:57 UTC
"Pivot.Size3LargeSmallLarge" time elapsed: 00:00:02
----------------------------------------------------------

7/50 Testing: Pivot.Size3SmallLargeSmall
7/50 Test: Pivot.Size3SmallLargeSmall
Command: "/usr/bin/valgrind" "--tool=memcheck" "--leak-check=yes" "--trace-children=no" "/home/codio/workspace/hw3/hw3_tests/llrec_tests/llrec_tests" "--gtest_filter=Pivot.Size3SmallLargeSmall"
Directory: /home/codio/workspace/hw3/hw3_tests/llrec_tests
"Pivot.Size3SmallLargeSmall" start time: Nov 29 15:57 UTC
Output:
----------------------------------------------------------
==4570== Memcheck, a memory error detector
==4570== Copyright (C) 2002-2017, and GNU GPL'd, by Julian Seward et al.
==4570== Using Valgrind-3.13.0 and LibVEX; rerun with -h for copyright info
==4570== Command: /home/codio/workspace/hw3/hw3_tests/llrec_tests/llrec_tests --gtest_filter=Pivot.Size3SmallLargeSmall
==4570== 
Running main() from /home/codio/googletest/googletest/src/gtest_main.cc
Note: Google Test filter = Pivot.Size3SmallLargeSmall
[==========] Running 1 test from 1 test suite.
[----------] Global test environment set-up.
[----------] 1 test from Pivot
[ RUN      ] Pivot.Size3SmallLargeSmall
[       OK ] Pivot.Size3SmallLargeSmall (50 ms)
[----------] 1 test from Pivot (63 ms total)

[----------] Global test environment tear-down
[==========] 1 test from 1 test suite ran. (143 ms total)
[  PASSED  ] 1 test.
==4570== 
==4570== HEAP SUMMARY:
==4570==     in use at exit: 0 bytes in 0 blocks
==4570==   total heap usage: 416 allocs, 416 frees, 133,426 bytes allocated
==4570== 
==4570== All heap blocks were freed -- no leaks are possible
==4570== 
==4570== For counts of detected and suppressed errors, rerun with: -v
==4570== ERROR SUMMARY: 0 errors from 0 contexts (suppressed: 0 from 0)
<end of output>
Test time =   1.95 sec
----------------------------------------------------------
Test Passed.
"Pivot.Size3SmallLargeSmall" end time: Nov 29 15:57 UTC
"Pivot.Size3SmallLargeSmall" time elapsed: 00:00:01
----------------------------------------------------------

8/50 Testing: Pivot.Size3LargeLargeSmall
8/50 Test: Pivot.Size3LargeLargeSmall
Command: "/usr/bin/valgrind" "--tool=memcheck" "--leak-check=yes" "--trace-children=no" "/home/codio/workspace/hw3/hw3_tests/llrec_tests/llrec_tests" "--gtest_filter=Pivot.Size3LargeLargeSmall"
Directory: /home/codio/workspace/hw3/hw3_tests/llrec_tests
"Pivot.Size3LargeLargeSmall" start time: Nov 29 15:57 UTC
Output:
----------------------------------------------------------
==4571== Memcheck, a memory error detector
==4571== Copyright (C) 2002-2017, and GNU GPL'd, by Julian Seward et al.
==4571== Using Valgrind-3.13.0 and LibVEX; rerun with -h for copyright info
==4571== Command: /home/codio/workspace/hw3/hw3_tests/llrec_tests/llrec_tests --gtest_filter=Pivot.Size3LargeLargeSmall
==4571== 
Running main() from /home/codio/googletest/googletest/src/gtest_main.cc
Note: Google Test filter = Pivot.Size3LargeLargeSmall
[==========] Running 1 test from 1 test suite.
[----------] Global test environment set-up.
[----------] 1 test from Pivot
[ RUN      ] Pivot.Size3LargeLargeSmall
[       OK ] Pivot.Size3LargeLargeSmall (46 ms)
[----------] 1 test from Pivot (59 ms total)

[----------] Global test environment tear-down
[==========] 1 test from 1 test suite ran. (136 ms total)
[  PASSED  ] 1 test.
==4571== 
==4571== HEAP SUMMARY:
==4571==     in use at exit: 0 bytes in 0 blocks
==4571==   total heap usage: 416 allocs, 416 frees, 133,426 bytes allocated
==4571== 
==4571== All heap blocks were freed -- no leaks are possible
==4571== 
==4571== For counts of detected and suppressed errors, rerun with: -v
==4571== ERROR SUMMARY: 0 errors from 0 contexts (suppressed: 0 from 0)
<end of output>
Test time =   2.32 sec
----------------------------------------------------------
Test Passed.
"Pivot.Size3LargeLargeSmall" end time: Nov 29 15:57 UTC
"Pivot.Size3LargeLargeSmall" time elapsed: 00:00:02
----------------------------------------------------------

9/50 Testing: Pivot.Size6SmallThenLarge
9/50 Test: Pivot.Size6SmallThenLarge
Command: "/usr/bin/valgrind" "--tool=memcheck" "--leak-check=yes" "--trace-children=no" "/home/codio/workspace/hw3/hw3_tests/llrec_tests/llrec_tests" "--gtest_filter=Pivot.Size6SmallThenLarge"
Directory: /home/codio/workspace/hw3/hw3_tests/llrec_tests
"Pivot.Size6SmallThenLarge" start time: Nov 29 15:57 UTC
Output:
----------------------------------------------------------
==4572== Memcheck, a memory error detector
==4572== Copyright (C) 2002-2017, and GNU GPL'd, by Julian Seward et al.
==4572== Using Valgrind-3.13.0 and LibVEX; rerun with -h for copyright info
==4572== Command: /home/codio/workspace/hw3/hw3_tests/llrec_tests/llrec_tests --gtest_filter=Pivot.Size6SmallThenLarge
==4572== 
Running main() from /home/codio/googletest/googletest/src/gtest_main.cc
Note: Google Test filter = Pivot.Size6SmallThenLarge
[==========] Running 1 test from 1 test suite.
[----------] Global test environment set-up.
[----------] 1 test from Pivot
[ RUN      ] Pivot.Size6SmallThenLarge
[       OK ] Pivot.Size6SmallThenLarge (42 ms)
[----------] 1 test from Pivot (55 ms total)

[----------] Global test environment tear-down
[==========] 1 test from 1 test suite ran. (122 ms total)
[  PASSED  ] 1 test.
==4572== 
==4572== HEAP SUMMARY:
==4572==     in use at exit: 0 bytes in 0 blocks
==4572==   total heap usage: 419 allocs, 419 frees, 133,488 bytes allocated
==4572== 
==4572== All heap blocks were freed -- no leaks are possible
==4572== 
==4572== For counts of detected and suppressed errors, rerun with: -v
==4572== ERROR SUMMARY: 0 errors from 0 contexts (suppressed: 0 from 0)
<end of output>
Test time =   2.01 sec
----------------------------------------------------------
Test Passed.
"Pivot.Size6SmallThenLarge" end time: Nov 29 15:57 UTC
"Pivot.Size6SmallThenLarge" time elapsed: 00:00:02
----------------------------------------------------------

10/50 Testing: Pivot.Size6LargeThenSmall
10/50 Test: Pivot.Size6LargeThenSmall
Command: "/usr/bin/valgrind" "--tool=memcheck" "--leak-check=yes" "--trace-children=no" "/home/codio/workspace/hw3/hw3_tests/llrec_tests/llrec_tests" "--gtest_filter=Pivot.Size6LargeThenSmall"
Directory: /home/codio/workspace/hw3/hw3_tests/llrec_tests
"Pivot.Size6LargeThenSmall" start time: Nov 29 15:57 UTC
Output:
----------------------------------------------------------
==4573== Memcheck, a memory error detector
==4573== Copyright (C) 2002-2017, and GNU GPL'd, by Julian Seward et al.
==4573== Using Valgrind-3.13.0 and LibVEX; rerun with -h for copyright info
==4573== Command: /home/codio/workspace/hw3/hw3_tests/llrec_tests/llrec_tests --gtest_filter=Pivot.Size6LargeThenSmall
==4573== 
Running main() from /home/codio/googletest/googletest/src/gtest_main.cc
Note: Google Test filter = Pivot.Size6LargeThenSmall
[==========] Running 1 test from 1 test suite.
[----------] Global test environment set-up.
[----------] 1 test from Pivot
[ RUN      ] Pivot.Size6LargeThenSmall
[       OK ] Pivot.Size6LargeThenSmall (40 ms)
[----------] 1 test from Pivot (52 ms total)

[----------] Global test environment tear-down
[==========] 1 test from 1 test suite ran. (117 ms total)
[  PASSED  ] 1 test.
==4573== 
==4573== HEAP SUMMARY:
==4573==     in use at exit: 0 bytes in 0 blocks
==4573==   total heap usage: 419 allocs, 419 frees, 133,488 bytes allocated
==4573== 
==4573== All heap blocks were freed -- no leaks are possible
==4573== 
==4573== For counts of detected and suppressed errors, rerun with: -v
==4573== ERROR SUMMARY: 0 errors from 0 contexts (suppressed: 0 from 0)
<end of output>
Test time =   1.99 sec
----------------------------------------------------------
Test Passed.
"Pivot.Size6LargeThenSmall" end time: Nov 29 15:57 UTC
"Pivot.Size6LargeThenSmall" time elapsed: 00:00:01
----------------------------------------------------------

11/50 Testing: Pivot.Nominal
11/50 Test: Pivot.Nominal
Command: "/usr/bin/valgrind" "--tool=memcheck" "--leak-check=yes" "--trace-children=no" "/home/codio/workspace/hw3/hw3_tests/llrec_tests/llrec_tests" "--gtest_filter=Pivot.Nominal"
Directory: /home/codio/workspace/hw3/hw3_tests/llrec_tests
"Pivot.Nominal" start time: Nov 29 15:57 UTC
Output:
----------------------------------------------------------
==4574== Memcheck, a memory error detector
==4574== Copyright (C) 2002-2017, and GNU GPL'd, by Julian Seward et al.
==4574== Using Valgrind-3.13.0 and LibVEX; rerun with -h for copyright info
==4574== Command: /home/codio/workspace/hw3/hw3_tests/llrec_tests/llrec_tests --gtest_filter=Pivot.Nominal
==4574== 
Running main() from /home/codio/googletest/googletest/src/gtest_main.cc
Note: Google Test filter = Pivot.Nominal
[==========] Running 1 test from 1 test suite.
[----------] Global test environment set-up.
[----------] 1 test from Pivot
[ RUN      ] Pivot.Nominal
[       OK ] Pivot.Nominal (35 ms)
[----------] 1 test from Pivot (45 ms total)

[----------] Global test environment tear-down
[==========] 1 test from 1 test suite ran. (105 ms total)
[  PASSED  ] 1 test.
==4574== 
==4574== HEAP SUMMARY:
==4574==     in use at exit: 0 bytes in 0 blocks
==4574==   total heap usage: 411 allocs, 411 frees, 133,189 bytes allocated
==4574== 
==4574== All heap blocks were freed -- no leaks are possible
==4574== 
==4574== For counts of detected and suppressed errors, rerun with: -v
==4574== ERROR SUMMARY: 0 errors from 0 contexts (suppressed: 0 from 0)
<end of output>
Test time =   1.94 sec
----------------------------------------------------------
Test Passed.
"Pivot.Nominal" end time: Nov 29 15:57 UTC
"Pivot.Nominal" time elapsed: 00:00:01
----------------------------------------------------------

12/50 Testing: Pivot.SameValues
12/50 Test: Pivot.SameValues
Command: "/usr/bin/valgrind" "--tool=memcheck" "--leak-check=yes" "--trace-children=no" "/home/codio/workspace/hw3/hw3_tests/llrec_tests/llrec_tests" "--gtest_filter=Pivot.SameValues"
Directory: /home/codio/workspace/hw3/hw3_tests/llrec_tests
"Pivot.SameValues" start time: Nov 29 15:57 UTC
Output:
----------------------------------------------------------
==4575== Memcheck, a memory error detector
==4575== Copyright (C) 2002-2017, and GNU GPL'd, by Julian Seward et al.
==4575== Using Valgrind-3.13.0 and LibVEX; rerun with -h for copyright info
==4575== Command: /home/codio/workspace/hw3/hw3_tests/llrec_tests/llrec_tests --gtest_filter=Pivot.SameValues
==4575== 
Running main() from /home/codio/googletest/googletest/src/gtest_main.cc
Note: Google Test filter = Pivot.SameValues
[==========] Running 1 test from 1 test suite.
[----------] Global test environment set-up.
[----------] 1 test from Pivot
[ RUN      ] Pivot.SameValues
[       OK ] Pivot.SameValues (40 ms)
[----------] 1 test from Pivot (52 ms total)

[----------] Global test environment tear-down
[==========] 1 test from 1 test suite ran. (121 ms total)
[  PASSED  ] 1 test.
==4575== 
==4575== HEAP SUMMARY:
==4575==     in use at exit: 0 bytes in 0 blocks
==4575==   total heap usage: 416 allocs, 416 frees, 133,350 bytes allocated
==4575== 
==4575== All heap blocks were freed -- no leaks are possible
==4575== 
==4575== For counts of detected and suppressed errors, rerun with: -v
==4575== ERROR SUMMARY: 0 errors from 0 contexts (suppressed: 0 from 0)
<end of output>
Test time =   2.02 sec
----------------------------------------------------------
Test Passed.
"Pivot.SameValues" end time: Nov 29 15:57 UTC
"Pivot.SameValues" time elapsed: 00:00:02
----------------------------------------------------------

13/50 Testing: Pivot.NoCopySameNodeCheck
13/50 Test: Pivot.NoCopySameNodeCheck
Command: "/usr/bin/valgrind" "--tool=memcheck" "--leak-check=yes" "--trace-children=no" "/home/codio/workspace/hw3/hw3_tests/llrec_tests/llrec_tests" "--gtest_filter=Pivot.NoCopySameNodeCheck"
Directory: /home/codio/workspace/hw3/hw3_tests/llrec_tests
"Pivot.NoCopySameNodeCheck" start time: Nov 29 15:57 UTC
Output:
----------------------------------------------------------
==4576== Memcheck, a memory error detector
==4576== Copyright (C) 2002-2017, and GNU GPL'd, by Julian Seward et al.
==4576== Using Valgrind-3.13.0 and LibVEX; rerun with -h for copyright info
==4576== Command: /home/codio/workspace/hw3/hw3_tests/llrec_tests/llrec_tests --gtest_filter=Pivot.NoCopySameNodeCheck
==4576== 
Running main() from /home/codio/googletest/googletest/src/gtest_main.cc
Note: Google Test filter = Pivot.NoCopySameNodeCheck
[==========] Running 1 test from 1 test suite.
[----------] Global test environment set-up.
[----------] 1 test from Pivot
[ RUN      ] Pivot.NoCopySameNodeCheck
[       OK ] Pivot.NoCopySameNodeCheck (66 ms)
[----------] 1 test from Pivot (79 ms total)

[----------] Global test environment tear-down
[==========] 1 test from 1 test suite ran. (156 ms total)
[  PASSED  ] 1 test.
==4576== 
==4576== HEAP SUMMARY:
==4576==     in use at exit: 0 bytes in 0 blocks
==4576==   total heap usage: 420 allocs, 420 frees, 133,496 bytes allocated
==4576== 
==4576== All heap blocks were freed -- no leaks are possible
==4576== 
==4576== For counts of detected and suppressed errors, rerun with: -v
==4576== ERROR SUMMARY: 0 errors from 0 contexts (suppressed: 0 from 0)
<end of output>
Test time =   2.16 sec
----------------------------------------------------------
Test Passed.
"Pivot.NoCopySameNodeCheck" end time: Nov 29 15:57 UTC
"Pivot.NoCopySameNodeCheck" time elapsed: 00:00:02
----------------------------------------------------------

14/50 Testing: Filter.EmptyList
14/50 Test: Filter.EmptyList
Command: "/usr/bin/valgrind" "--tool=memcheck" "--leak-check=yes" "--trace-children=no" "/home/codio/workspace/hw3/hw3_tests/llrec_tests/llrec_tests" "--gtest_filter=Filter.EmptyList"
Directory: /home/codio/workspace/hw3/hw3_tests/llrec_tests
"Filter.EmptyList" start time: Nov 29 15:57 UTC
Output:
----------------------------------------------------------
==4577== Memcheck, a memory error detector
==4577== Copyright (C) 2002-2017, and GNU GPL'd, by Julian Seward et al.
==4577== Using Valgrind-3.13.0 and LibVEX; rerun with -h for copyright info
==4577== Command: /home/codio/workspace/hw3/hw3_tests/llrec_tests/llrec_tests --gtest_filter=Filter.EmptyList
==4577== 
Running main() from /home/codio/googletest/googletest/src/gtest_main.cc
Note: Google Test filter = Filter.EmptyList
[==========] Running 1 test from 1 test suite.
[----------] Global test environment set-up.
[----------] 1 test from Filter
[ RUN      ] Filter.EmptyList
[       OK ] Filter.EmptyList (35 ms)
[----------] 1 test from Filter (48 ms total)

[----------] Global test environment tear-down
[==========] 1 test from 1 test suite ran. (123 ms total)
[  PASSED  ] 1 test.
==4577== 
==4577== HEAP SUMMARY:
==4577==     in use at exit: 0 bytes in 0 blocks
==4577==   total heap usage: 410 allocs, 410 frees, 133,254 bytes allocated
==4577== 
==4577== All heap blocks were freed -- no leaks are possible
==4577== 
==4577== For counts of detected and suppressed errors, rerun with: -v
==4577== ERROR SUMMARY: 0 errors from 0 contexts (suppressed: 0 from 0)
<end of output>
Test time =   2.17 sec
----------------------------------------------------------
Test Passed.
"Filter.EmptyList" end time: Nov 29 15:57 UTC
"Filter.EmptyList" time elapsed: 00:00:02
----------------------------------------------------------

15/50 Testing: Filter.Size1_F
15/50 Test: Filter.Size1_F
Command: "/usr/bin/valgrind" "--tool=memcheck" "--leak-check=yes" "--trace-children=no" "/home/codio/workspace/hw3/hw3_tests/llrec_tests/llrec_tests" "--gtest_filter=Filter.Size1_F"
Directory: /home/codio/workspace/hw3/hw3_tests/llrec_tests
"Filter.Size1_F" start time: Nov 29 15:57 UTC
Output:
----------------------------------------------------------
==4578== Memcheck, a memory error detector
==4578== Copyright (C) 2002-2017, and GNU GPL'd, by Julian Seward et al.
==4578== Using Valgrind-3.13.0 and LibVEX; rerun with -h for copyright info
==4578== Command: /home/codio/workspace/hw3/hw3_tests/llrec_tests/llrec_tests --gtest_filter=Filter.Size1_F
==4578== 
Running main() from /home/codio/googletest/googletest/src/gtest_main.cc
Note: Google Test filter = Filter.Size1_F
[==========] Running 1 test from 1 test suite.
[----------] Global test environment set-up.
[----------] 1 test from Filter
[ RUN      ] Filter.Size1_F
[       OK ] Filter.Size1_F (41 ms)
[----------] 1 test from Filter (53 ms total)

[----------] Global test environment tear-down
[==========] 1 test from 1 test suite ran. (117 ms total)
[  PASSED  ] 1 test.
==4578== 
==4578== HEAP SUMMARY:
==4578==     in use at exit: 0 bytes in 0 blocks
==4578==   total heap usage: 407 allocs, 407 frees, 133,122 bytes allocated
==4578== 
==4578== All heap blocks were freed -- no leaks are possible
==4578== 
==4578== For counts of detected and suppressed errors, rerun with: -v
==4578== ERROR SUMMARY: 0 errors from 0 contexts (suppressed: 0 from 0)
<end of output>
Test time =   2.56 sec
----------------------------------------------------------
Test Passed.
"Filter.Size1_F" end time: Nov 29 15:57 UTC
"Filter.Size1_F" time elapsed: 00:00:02
----------------------------------------------------------

16/50 Testing: Filter.Size1_nF
16/50 Test: Filter.Size1_nF
Command: "/usr/bin/valgrind" "--tool=memcheck" "--leak-check=yes" "--trace-children=no" "/home/codio/workspace/hw3/hw3_tests/llrec_tests/llrec_tests" "--gtest_filter=Filter.Size1_nF"
Directory: /home/codio/workspace/hw3/hw3_tests/llrec_tests
"Filter.Size1_nF" start time: Nov 29 15:57 UTC
Output:
----------------------------------------------------------
==4579== Memcheck, a memory error detector
==4579== Copyright (C) 2002-2017, and GNU GPL'd, by Julian Seward et al.
==4579== Using Valgrind-3.13.0 and LibVEX; rerun with -h for copyright info
==4579== Command: /home/codio/workspace/hw3/hw3_tests/llrec_tests/llrec_tests --gtest_filter=Filter.Size1_nF
==4579== 
Running main() from /home/codio/googletest/googletest/src/gtest_main.cc
Note: Google Test filter = Filter.Size1_nF
[==========] Running 1 test from 1 test suite.
[----------] Global test environment set-up.
[----------] 1 test from Filter
[ RUN      ] Filter.Size1_nF
[       OK ] Filter.Size1_nF (39 ms)
[----------] 1 test from Filter (53 ms total)

[----------] Global test environment tear-down
[==========] 1 test from 1 test suite ran. (140 ms total)
[  PASSED  ] 1 test.
==4579== 
==4579== HEAP SUMMARY:
==4579==     in use at exit: 0 bytes in 0 blocks
==4579==   total heap usage: 408 allocs, 408 frees, 133,131 bytes allocated
==4579== 
==4579== All heap blocks were freed -- no leaks are possible
==4579== 
==4579== For counts of detected and suppressed errors, rerun with: -v
==4579== ERROR SUMMARY: 0 errors from 0 contexts (suppressed: 0 from 0)
<end of output>
Test time =   2.15 sec
----------------------------------------------------------
Test Passed.
"Filter.Size1_nF" end time: Nov 29 15:57 UTC
"Filter.Size1_nF" time elapsed: 00:00:02
----------------------------------------------------------

17/50 Testing: Filter.Size2_F_nF
17/50 Test: Filter.Size2_F_nF
Command: "/usr/bin/valgrind" "--tool=memcheck" "--leak-check=yes" "--trace-children=no" "/home/codio/workspace/hw3/hw3_tests/llrec_tests/llrec_tests" "--gtest_filter=Filter.Size2_F_nF"
Directory: /home/codio/workspace/hw3/hw3_tests/llrec_tests
"Filter.Size2_F_nF" start time: Nov 29 15:57 UTC
Output:
----------------------------------------------------------
==4580== Memcheck, a memory error detector
==4580== Copyright (C) 2002-2017, and GNU GPL'd, by Julian Seward et al.
==4580== Using Valgrind-3.13.0 and LibVEX; rerun with -h for copyright info
==4580== Command: /home/codio/workspace/hw3/hw3_tests/llrec_tests/llrec_tests --gtest_filter=Filter.Size2_F_nF
==4580== 
Running main() from /home/codio/googletest/googletest/src/gtest_main.cc
Note: Google Test filter = Filter.Size2_F_nF
[==========] Running 1 test from 1 test suite.
[----------] Global test environment set-up.
[----------] 1 test from Filter
[ RUN      ] Filter.Size2_F_nF
[       OK ] Filter.Size2_F_nF (40 ms)
[----------] 1 test from Filter (52 ms total)

[----------] Global test environment tear-down
[==========] 1 test from 1 test suite ran. (127 ms total)
[  PASSED  ] 1 test.
==4580== 
==4580== HEAP SUMMARY:
==4580==     in use at exit: 0 bytes in 0 blocks
==4580==   total heap usage: 415 allocs, 415 frees, 133,316 bytes allocated
==4580== 
==4580== All heap blocks were freed -- no leaks are possible
==4580== 
==4580== For counts of detected and suppressed errors, rerun with: -v
==4580== ERROR SUMMARY: 0 errors from 0 contexts (suppressed: 0 from 0)
<end of output>
Test time =   2.16 sec
----------------------------------------------------------
Test Passed.
"Filter.Size2_F_nF" end time: Nov 29 15:57 UTC
"Filter.Size2_F_nF" time elapsed: 00:00:02
----------------------------------------------------------

18/50 Testing: Filter.Size2_nF_F
18/50 Test: Filter.Size2_nF_F
Command: "/usr/bin/valgrind" "--tool=memcheck" "--leak-check=yes" "--trace-children=no" "/home/codio/workspace/hw3/hw3_tests/llrec_tests/llrec_tests" "--gtest_filter=Filter.Size2_nF_F"
Directory: /home/codio/workspace/hw3/hw3_tests/llrec_tests
"Filter.Size2_nF_F" start time: Nov 29 15:57 UTC
Output:
----------------------------------------------------------
==4581== Memcheck, a memory error detector
==4581== Copyright (C) 2002-2017, and GNU GPL'd, by Julian Seward et al.
==4581== Using Valgrind-3.13.0 and LibVEX; rerun with -h for copyright info
==4581== Command: /home/codio/workspace/hw3/hw3_tests/llrec_tests/llrec_tests --gtest_filter=Filter.Size2_nF_F
==4581== 
Running main() from /home/codio/googletest/googletest/src/gtest_main.cc
Note: Google Test filter = Filter.Size2_nF_F
[==========] Running 1 test from 1 test suite.
[----------] Global test environment set-up.
[----------] 1 test from Filter
[ RUN      ] Filter.Size2_nF_F
[       OK ] Filter.Size2_nF_F (47 ms)
[----------] 1 test from Filter (62 ms total)

[----------] Global test environment tear-down
[==========] 1 test from 1 test suite ran. (143 ms total)
[  PASSED  ] 1 test.
==4581== 
==4581== HEAP SUMMARY:
==4581==     in use at exit: 0 bytes in 0 blocks
==4581==   total heap usage: 414 allocs, 414 frees, 133,308 bytes allocated
==4581== 
==4581== All heap blocks were freed -- no leaks are possible
==4581== 
==4581== For counts of detected and suppressed errors, rerun with: -v
==4581== ERROR SUMMARY: 0 errors from 0 contexts (suppressed: 0 from 0)
<end of output>
Test time =   2.36 sec
----------------------------------------------------------
Test Passed.
"Filter.Size2_nF_F" end time: Nov 29 15:58 UTC
"Filter.Size2_nF_F" time elapsed: 00:00:02
----------------------------------------------------------

19/50 Testing: Filter.Size3_nF_F_nF
19/50 Test: Filter.Size3_nF_F_nF
Command: "/usr/bin/valgrind" "--tool=memcheck" "--leak-check=yes" "--trace-children=no" "/home/codio/workspace/hw3/hw3_tests/llrec_tests/llrec_tests" "--gtest_filter=Filter.Size3_nF_F_nF"
Directory: /home/codio/workspace/hw3/hw3_tests/llrec_tests
"Filter.Size3_nF_F_nF" start time: Nov 29 15:58 UTC
Output:
----------------------------------------------------------
==4582== Memcheck, a memory error detector
==4582== Copyright (C) 2002-2017, and GNU GPL'd, by Julian Seward et al.
==4582== Using Valgrind-3.13.0 and LibVEX; rerun with -h for copyright info
==4582== Command: /home/codio/workspace/hw3/hw3_tests/llrec_tests/llrec_tests --gtest_filter=Filter.Size3_nF_F_nF
==4582== 
Running main() from /home/codio/googletest/googletest/src/gtest_main.cc
Note: Google Test filter = Filter.Size3_nF_F_nF
[==========] Running 1 test from 1 test suite.
[----------] Global test environment set-up.
[----------] 1 test from Filter
[ RUN      ] Filter.Size3_nF_F_nF
[       OK ] Filter.Size3_nF_F_nF (44 ms)
[----------] 1 test from Filter (59 ms total)

[----------] Global test environment tear-down
[==========] 1 test from 1 test suite ran. (131 ms total)
[  PASSED  ] 1 test.
==4582== 
==4582== HEAP SUMMARY:
==4582==     in use at exit: 0 bytes in 0 blocks
==4582==   total heap usage: 415 allocs, 415 frees, 133,362 bytes allocated
==4582== 
==4582== All heap blocks were freed -- no leaks are possible
==4582== 
==4582== For counts of detected and suppressed errors, rerun with: -v
==4582== ERROR SUMMARY: 0 errors from 0 contexts (suppressed: 0 from 0)
<end of output>
Test time =   2.11 sec
----------------------------------------------------------
Test Passed.
"Filter.Size3_nF_F_nF" end time: Nov 29 15:58 UTC
"Filter.Size3_nF_F_nF" time elapsed: 00:00:02
----------------------------------------------------------

20/50 Testing: Filter.Size3_F_nF_F
20/50 Test: Filter.Size3_F_nF_F
Command: "/usr/bin/valgrind" "--tool=memcheck" "--leak-check=yes" "--trace-children=no" "/home/codio/workspace/hw3/hw3_tests/llrec_tests/llrec_tests" "--gtest_filter=Filter.Size3_F_nF_F"
Directory: /home/codio/workspace/hw3/hw3_tests/llrec_tests
"Filter.Size3_F_nF_F" start time: Nov 29 15:58 UTC
Output:
----------------------------------------------------------
==4583== Memcheck, a memory error detector
==4583== Copyright (C) 2002-2017, and GNU GPL'd, by Julian Seward et al.
==4583== Using Valgrind-3.13.0 and LibVEX; rerun with -h for copyright info
==4583== Command: /home/codio/workspace/hw3/hw3_tests/llrec_tests/llrec_tests --gtest_filter=Filter.Size3_F_nF_F
==4583== 
Running main() from /home/codio/googletest/googletest/src/gtest_main.cc
Note: Google Test filter = Filter.Size3_F_nF_F
[==========] Running 1 test from 1 test suite.
[----------] Global test environment set-up.
[----------] 1 test from Filter
[ RUN      ] Filter.Size3_F_nF_F
[       OK ] Filter.Size3_F_nF_F (38 ms)
[----------] 1 test from Filter (50 ms total)

[----------] Global test environment tear-down
[==========] 1 test from 1 test suite ran. (115 ms total)
[  PASSED  ] 1 test.
==4583== 
==4583== HEAP SUMMARY:
==4583==     in use at exit: 0 bytes in 0 blocks
==4583==   total heap usage: 415 allocs, 415 frees, 133,348 bytes allocated
==4583== 
==4583== All heap blocks were freed -- no leaks are possible
==4583== 
==4583== For counts of detected and suppressed errors, rerun with: -v
==4583== ERROR SUMMARY: 0 errors from 0 contexts (suppressed: 0 from 0)
<end of output>
Test time =   1.82 sec
----------------------------------------------------------
Test Passed.
"Filter.Size3_F_nF_F" end time: Nov 29 15:58 UTC
"Filter.Size3_F_nF_F" time elapsed: 00:00:01
----------------------------------------------------------

21/50 Testing: Filter.SameNodeCheck
21/50 Test: Filter.SameNodeCheck
Command: "/usr/bin/valgrind" "--tool=memcheck" "--leak-check=yes" "--trace-children=no" "/home/codio/workspace/hw3/hw3_tests/llrec_tests/llrec_tests" "--gtest_filter=Filter.SameNodeCheck"
Directory: /home/codio/workspace/hw3/hw3_tests/llrec_tests
"Filter.SameNodeCheck" start time: Nov 29 15:58 UTC
Output:
----------------------------------------------------------
==4584== Memcheck, a memory error detector
==4584== Copyright (C) 2002-2017, and GNU GPL'd, by Julian Seward et al.
==4584== Using Valgrind-3.13.0 and LibVEX; rerun with -h for copyright info
==4584== Command: /home/codio/workspace/hw3/hw3_tests/llrec_tests/llrec_tests --gtest_filter=Filter.SameNodeCheck
==4584== 
Running main() from /home/codio/googletest/googletest/src/gtest_main.cc
Note: Google Test filter = Filter.SameNodeCheck
[==========] Running 1 test from 1 test suite.
[----------] Global test environment set-up.
[----------] 1 test from Filter
[ RUN      ] Filter.SameNodeCheck
[       OK ] Filter.SameNodeCheck (60 ms)
[----------] 1 test from Filter (72 ms total)

[----------] Global test environment tear-down
[==========] 1 test from 1 test suite ran. (131 ms total)
[  PASSED  ] 1 test.
==4584== 
==4584== HEAP SUMMARY:
==4584==     in use at exit: 0 bytes in 0 blocks
==4584==   total heap usage: 420 allocs, 420 frees, 133,458 bytes allocated
==4584== 
==4584== All heap blocks were freed -- no leaks are possible
==4584== 
==4584== For counts of detected and suppressed errors, rerun with: -v
==4584== ERROR SUMMARY: 0 errors from 0 contexts (suppressed: 0 from 0)
<end of output>
Test time =   1.86 sec
----------------------------------------------------------
Test Passed.
"Filter.SameNodeCheck" end time: Nov 29 15:58 UTC
"Filter.SameNodeCheck" time elapsed: 00:00:01
----------------------------------------------------------

22/50 Testing: Filter.MultipleCalls
22/50 Test: Filter.MultipleCalls
Command: "/usr/bin/valgrind" "--tool=memcheck" "--leak-check=yes" "--trace-children=no" "/home/codio/workspace/hw3/hw3_tests/llrec_tests/llrec_tests" "--gtest_filter=Filter.MultipleCalls"
Directory: /home/codio/workspace/hw3/hw3_tests/llrec_tests
"Filter.MultipleCalls" start time: Nov 29 15:58 UTC
Output:
----------------------------------------------------------
==4585== Memcheck, a memory error detector
==4585== Copyright (C) 2002-2017, and GNU GPL'd, by Julian Seward et al.
==4585== Using Valgrind-3.13.0 and LibVEX; rerun with -h for copyright info
==4585== Command: /home/codio/workspace/hw3/hw3_tests/llrec_tests/llrec_tests --gtest_filter=Filter.MultipleCalls
==4585== 
Running main() from /home/codio/googletest/googletest/src/gtest_main.cc
Note: Google Test filter = Filter.MultipleCalls
[==========] Running 1 test from 1 test suite.
[----------] Global test environment set-up.
[----------] 1 test from Filter
[ RUN      ] Filter.MultipleCalls
[       OK ] Filter.MultipleCalls (34 ms)
[----------] 1 test from Filter (44 ms total)

[----------] Global test environment tear-down
[==========] 1 test from 1 test suite ran. (98 ms total)
[  PASSED  ] 1 test.
==4585== 
==4585== HEAP SUMMARY:
==4585==     in use at exit: 0 bytes in 0 blocks
==4585==   total heap usage: 420 allocs, 420 frees, 133,458 bytes allocated
==4585== 
==4585== All heap blocks were freed -- no leaks are possible
==4585== 
==4585== For counts of detected and suppressed errors, rerun with: -v
==4585== ERROR SUMMARY: 0 errors from 0 contexts (suppressed: 0 from 0)
<end of output>
Test time =   1.87 sec
----------------------------------------------------------
Test Passed.
"Filter.MultipleCalls" end time: Nov 29 15:58 UTC
"Filter.MultipleCalls" time elapsed: 00:00:01
----------------------------------------------------------

23/50 Testing: Filter.CompareWithLlrec
23/50 Test: Filter.CompareWithLlrec
Command: "/usr/bin/valgrind" "--tool=memcheck" "--leak-check=yes" "--trace-children=no" "/home/codio/workspace/hw3/hw3_tests/llrec_tests/llrec_tests" "--gtest_filter=Filter.CompareWithLlrec"
Directory: /home/codio/workspace/hw3/hw3_tests/llrec_tests
"Filter.CompareWithLlrec" start time: Nov 29 15:58 UTC
Output:
----------------------------------------------------------
==4586== Memcheck, a memory error detector
==4586== Copyright (C) 2002-2017, and GNU GPL'd, by Julian Seward et al.
==4586== Using Valgrind-3.13.0 and LibVEX; rerun with -h for copyright info
==4586== Command: /home/codio/workspace/hw3/hw3_tests/llrec_tests/llrec_tests --gtest_filter=Filter.CompareWithLlrec
==4586== 
Running main() from /home/codio/googletest/googletest/src/gtest_main.cc
Note: Google Test filter = Filter.CompareWithLlrec
[==========] Running 1 test from 1 test suite.
[----------] Global test environment set-up.
[----------] 1 test from Filter
[ RUN      ] Filter.CompareWithLlrec
[       OK ] Filter.CompareWithLlrec (66 ms)
[----------] 1 test from Filter (81 ms total)

[----------] Global test environment tear-down
[==========] 1 test from 1 test suite ran. (176 ms total)
[  PASSED  ] 1 test.
==4586== 
==4586== HEAP SUMMARY:
==4586==     in use at exit: 0 bytes in 0 blocks
==4586==   total heap usage: 430 allocs, 430 frees, 133,612 bytes allocated
==4586== 
==4586== All heap blocks were freed -- no leaks are possible
==4586== 
==4586== For counts of detected and suppressed errors, rerun with: -v
==4586== ERROR SUMMARY: 0 errors from 0 contexts (suppressed: 0 from 0)
<end of output>
Test time =   2.45 sec
----------------------------------------------------------
Test Passed.
"Filter.CompareWithLlrec" end time: Nov 29 15:58 UTC
"Filter.CompareWithLlrec" time elapsed: 00:00:02
----------------------------------------------------------

24/50 Testing: Stack.BasicString
24/50 Test: Stack.BasicString
Command: "/usr/bin/valgrind" "--tool=memcheck" "--leak-check=yes" "--trace-children=no" "/home/codio/workspace/hw3/hw3_tests/stack_tests/stack_tests" "--gtest_filter=Stack.BasicString"
Directory: /home/codio/workspace/hw3/hw3_tests/stack_tests
"Stack.BasicString" start time: Nov 29 15:58 UTC
Output:
----------------------------------------------------------
==4587== Memcheck, a memory error detector
==4587== Copyright (C) 2002-2017, and GNU GPL'd, by Julian Seward et al.
==4587== Using Valgrind-3.13.0 and LibVEX; rerun with -h for copyright info
==4587== Command: /home/codio/workspace/hw3/hw3_tests/stack_tests/stack_tests --gtest_filter=Stack.BasicString
==4587== 
Running main() from /home/codio/googletest/googletest/src/gtest_main.cc
Note: Google Test filter = Stack.BasicString
[==========] Running 1 test from 1 test suite.
[----------] Global test environment set-up.
[----------] 1 test from Stack
[ RUN      ] Stack.BasicString
[       OK ] Stack.BasicString (130 ms)
[----------] 1 test from Stack (142 ms total)

[----------] Global test environment tear-down
[==========] 1 test from 1 test suite ran. (217 ms total)
[  PASSED  ] 1 test.
==4587== 
==4587== HEAP SUMMARY:
==4587==     in use at exit: 0 bytes in 0 blocks
==4587==   total heap usage: 230 allocs, 230 frees, 120,600 bytes allocated
==4587== 
==4587== All heap blocks were freed -- no leaks are possible
==4587== 
==4587== For counts of detected and suppressed errors, rerun with: -v
==4587== ERROR SUMMARY: 0 errors from 0 contexts (suppressed: 0 from 0)
<end of output>
Test time =   2.95 sec
----------------------------------------------------------
Test Passed.
"Stack.BasicString" end time: Nov 29 15:58 UTC
"Stack.BasicString" time elapsed: 00:00:02
----------------------------------------------------------

25/50 Testing: Stack.RandomInt
25/50 Test: Stack.RandomInt
Command: "/usr/bin/valgrind" "--tool=memcheck" "--leak-check=yes" "--trace-children=no" "/home/codio/workspace/hw3/hw3_tests/stack_tests/stack_tests" "--gtest_filter=Stack.RandomInt"
Directory: /home/codio/workspace/hw3/hw3_tests/stack_tests
"Stack.RandomInt" start time: Nov 29 15:58 UTC
Output:
----------------------------------------------------------
==4588== Memcheck, a memory error detector
==4588== Copyright (C) 2002-2017, and GNU GPL'd, by Julian Seward et al.
==4588== Using Valgrind-3.13.0 and LibVEX; rerun with -h for copyright info
==4588== Command: /home/codio/workspace/hw3/hw3_tests/stack_tests/stack_tests --gtest_filter=Stack.RandomInt
==4588== 
Running main() from /home/codio/googletest/googletest/src/gtest_main.cc
Note: Google Test filter = Stack.RandomInt
[==========] Running 1 test from 1 test suite.
[----------] Global test environment set-up.
[----------] 1 test from Stack
[ RUN      ] Stack.RandomInt
[       OK ] Stack.RandomInt (1684 ms)
[----------] 1 test from Stack (1694 ms total)

[----------] Global test environment tear-down
[==========] 1 test from 1 test suite ran. (1747 ms total)
[  PASSED  ] 1 test.
==4588== 
==4588== HEAP SUMMARY:
==4588==     in use at exit: 0 bytes in 0 blocks
==4588==   total heap usage: 21,262 allocs, 21,262 frees, 1,081,433 bytes allocated
==4588== 
==4588== All heap blocks were freed -- no leaks are possible
==4588== 
==4588== For counts of detected and suppressed errors, rerun with: -v
==4588== ERROR SUMMARY: 0 errors from 0 contexts (suppressed: 0 from 0)
<end of output>
Test time =   3.31 sec
----------------------------------------------------------
Test Passed.
"Stack.RandomInt" end time: Nov 29 15:58 UTC
"Stack.RandomInt" time elapsed: 00:00:03
----------------------------------------------------------

26/50 Testing: HeapTest.ConstructionDestruction
26/50 Test: HeapTest.ConstructionDestruction
Command: "/usr/bin/valgrind" "--tool=memcheck" "--leak-check=yes" "--trace-children=no" "/home/codio/workspace/hw3/hw3_tests/heap_tests/heap_tests" "--gtest_filter=HeapTest.ConstructionDestruction"
Directory: /home/codio/workspace/hw3/hw3_tests/heap_tests
"HeapTest.ConstructionDestruction" start time: Nov 29 15:58 UTC
Output:
----------------------------------------------------------
==4589== Memcheck, a memory error detector
==4589== Copyright (C) 2002-2017, and GNU GPL'd, by Julian Seward et al.
==4589== Using Valgrind-3.13.0 and LibVEX; rerun with -h for copyright info
==4589== Command: /home/codio/workspace/hw3/hw3_tests/heap_tests/heap_tests --gtest_filter=HeapTest.ConstructionDestruction
==4589== 
Running main() from /home/codio/googletest/googletest/src/gtest_main.cc
Note: Google Test filter = HeapTest.ConstructionDestruction
[==========] Running 1 test from 1 test suite.
[----------] Global test environment set-up.
[----------] 1 test from HeapTest
[ RUN      ] HeapTest.ConstructionDestruction
[       OK ] HeapTest.ConstructionDestruction (25 ms)
[----------] 1 test from HeapTest (38 ms total)

[----------] Global test environment tear-down
[==========] 1 test from 1 test suite ran. (101 ms total)
[  PASSED  ] 1 test.
==4589== 
==4589== HEAP SUMMARY:
==4589==     in use at exit: 0 bytes in 0 blocks
==4589==   total heap usage: 468 allocs, 468 frees, 135,793 bytes allocated
==4589== 
==4589== All heap blocks were freed -- no leaks are possible
==4589== 
==4589== For counts of detected and suppressed errors, rerun with: -v
==4589== ERROR SUMMARY: 0 errors from 0 contexts (suppressed: 0 from 0)
<end of output>
Test time =   1.69 sec
----------------------------------------------------------
Test Passed.
"HeapTest.ConstructionDestruction" end time: Nov 29 15:58 UTC
"HeapTest.ConstructionDestruction" time elapsed: 00:00:01
----------------------------------------------------------

27/50 Testing: HeapTest.InitiallyEmpty
27/50 Test: HeapTest.InitiallyEmpty
Command: "/usr/bin/valgrind" "--tool=memcheck" "--leak-check=yes" "--trace-children=no" "/home/codio/workspace/hw3/hw3_tests/heap_tests/heap_tests" "--gtest_filter=HeapTest.InitiallyEmpty"
Directory: /home/codio/workspace/hw3/hw3_tests/heap_tests
"HeapTest.InitiallyEmpty" start time: Nov 29 15:58 UTC
Output:
----------------------------------------------------------
==4590== Memcheck, a memory error detector
==4590== Copyright (C) 2002-2017, and GNU GPL'd, by Julian Seward et al.
==4590== Using Valgrind-3.13.0 and LibVEX; rerun with -h for copyright info
==4590== Command: /home/codio/workspace/hw3/hw3_tests/heap_tests/heap_tests --gtest_filter=HeapTest.InitiallyEmpty
==4590== 
Running main() from /home/codio/googletest/googletest/src/gtest_main.cc
Note: Google Test filter = HeapTest.InitiallyEmpty
[==========] Running 1 test from 1 test suite.
[----------] Global test environment set-up.
[----------] 1 test from HeapTest
[ RUN      ] HeapTest.InitiallyEmpty
[       OK ] HeapTest.InitiallyEmpty (19 ms)
[----------] 1 test from HeapTest (29 ms total)

[----------] Global test environment tear-down
[==========] 1 test from 1 test suite ran. (84 ms total)
[  PASSED  ] 1 test.
==4590== 
==4590== HEAP SUMMARY:
==4590==     in use at exit: 0 bytes in 0 blocks
==4590==   total heap usage: 468 allocs, 468 frees, 135,697 bytes allocated
==4590== 
==4590== All heap blocks were freed -- no leaks are possible
==4590== 
==4590== For counts of detected and suppressed errors, rerun with: -v
==4590== ERROR SUMMARY: 0 errors from 0 contexts (suppressed: 0 from 0)
<end of output>
Test time =   1.66 sec
----------------------------------------------------------
Test Passed.
"HeapTest.InitiallyEmpty" end time: Nov 29 15:58 UTC
"HeapTest.InitiallyEmpty" time elapsed: 00:00:01
----------------------------------------------------------

28/50 Testing: HeapTest.EmptyTopException
28/50 Test: HeapTest.EmptyTopException
Command: "/usr/bin/valgrind" "--tool=memcheck" "--leak-check=yes" "--trace-children=no" "/home/codio/workspace/hw3/hw3_tests/heap_tests/heap_tests" "--gtest_filter=HeapTest.EmptyTopException"
Directory: /home/codio/workspace/hw3/hw3_tests/heap_tests
"HeapTest.EmptyTopException" start time: Nov 29 15:58 UTC
Output:
----------------------------------------------------------
==4591== Memcheck, a memory error detector
==4591== Copyright (C) 2002-2017, and GNU GPL'd, by Julian Seward et al.
==4591== Using Valgrind-3.13.0 and LibVEX; rerun with -h for copyright info
==4591== Command: /home/codio/workspace/hw3/hw3_tests/heap_tests/heap_tests --gtest_filter=HeapTest.EmptyTopException
==4591== 
Running main() from /home/codio/googletest/googletest/src/gtest_main.cc
Note: Google Test filter = HeapTest.EmptyTopException
[==========] Running 1 test from 1 test suite.
[----------] Global test environment set-up.
[----------] 1 test from HeapTest
[ RUN      ] HeapTest.EmptyTopException
[       OK ] HeapTest.EmptyTopException (60 ms)
[----------] 1 test from HeapTest (71 ms total)

[----------] Global test environment tear-down
[==========] 1 test from 1 test suite ran. (126 ms total)
[  PASSED  ] 1 test.
==4591== 
==4591== HEAP SUMMARY:
==4591==     in use at exit: 0 bytes in 0 blocks
==4591==   total heap usage: 470 allocs, 470 frees, 135,909 bytes allocated
==4591== 
==4591== All heap blocks were freed -- no leaks are possible
==4591== 
==4591== For counts of detected and suppressed errors, rerun with: -v
==4591== ERROR SUMMARY: 0 errors from 0 contexts (suppressed: 0 from 0)
<end of output>
Test time =   1.61 sec
----------------------------------------------------------
Test Passed.
"HeapTest.EmptyTopException" end time: Nov 29 15:58 UTC
"HeapTest.EmptyTopException" time elapsed: 00:00:01
----------------------------------------------------------

29/50 Testing: HeapTest.EmptyPopException
29/50 Test: HeapTest.EmptyPopException
Command: "/usr/bin/valgrind" "--tool=memcheck" "--leak-check=yes" "--trace-children=no" "/home/codio/workspace/hw3/hw3_tests/heap_tests/heap_tests" "--gtest_filter=HeapTest.EmptyPopException"
Directory: /home/codio/workspace/hw3/hw3_tests/heap_tests
"HeapTest.EmptyPopException" start time: Nov 29 15:58 UTC
Output:
----------------------------------------------------------
==4592== Memcheck, a memory error detector
==4592== Copyright (C) 2002-2017, and GNU GPL'd, by Julian Seward et al.
==4592== Using Valgrind-3.13.0 and LibVEX; rerun with -h for copyright info
==4592== Command: /home/codio/workspace/hw3/hw3_tests/heap_tests/heap_tests --gtest_filter=HeapTest.EmptyPopException
==4592== 
Running main() from /home/codio/googletest/googletest/src/gtest_main.cc
Note: Google Test filter = HeapTest.EmptyPopException
[==========] Running 1 test from 1 test suite.
[----------] Global test environment set-up.
[----------] 1 test from HeapTest
[ RUN      ] HeapTest.EmptyPopException
[       OK ] HeapTest.EmptyPopException (61 ms)
[----------] 1 test from HeapTest (71 ms total)

[----------] Global test environment tear-down
[==========] 1 test from 1 test suite ran. (125 ms total)
[  PASSED  ] 1 test.
==4592== 
==4592== HEAP SUMMARY:
==4592==     in use at exit: 0 bytes in 0 blocks
==4592==   total heap usage: 470 allocs, 470 frees, 135,909 bytes allocated
==4592== 
==4592== All heap blocks were freed -- no leaks are possible
==4592== 
==4592== For counts of detected and suppressed errors, rerun with: -v
==4592== ERROR SUMMARY: 0 errors from 0 contexts (suppressed: 0 from 0)
<end of output>
Test time =   1.68 sec
----------------------------------------------------------
Test Passed.
"HeapTest.EmptyPopException" end time: Nov 29 15:58 UTC
"HeapTest.EmptyPopException" time elapsed: 00:00:01
----------------------------------------------------------

30/50 Testing: HeapTest.SingleItemNonempty
30/50 Test: HeapTest.SingleItemNonempty
Command: "/usr/bin/valgrind" "--tool=memcheck" "--leak-check=yes" "--trace-children=no" "/home/codio/workspace/hw3/hw3_tests/heap_tests/heap_tests" "--gtest_filter=HeapTest.SingleItemNonempty"
Directory: /home/codio/workspace/hw3/hw3_tests/heap_tests
"HeapTest.SingleItemNonempty" start time: Nov 29 15:58 UTC
Output:
----------------------------------------------------------
==4593== Memcheck, a memory error detector
==4593== Copyright (C) 2002-2017, and GNU GPL'd, by Julian Seward et al.
==4593== Using Valgrind-3.13.0 and LibVEX; rerun with -h for copyright info
==4593== Command: /home/codio/workspace/hw3/hw3_tests/heap_tests/heap_tests --gtest_filter=HeapTest.SingleItemNonempty
==4593== 
Running main() from /home/codio/googletest/googletest/src/gtest_main.cc
Note: Google Test filter = HeapTest.SingleItemNonempty
[==========] Running 1 test from 1 test suite.
[----------] Global test environment set-up.
[----------] 1 test from HeapTest
[ RUN      ] HeapTest.SingleItemNonempty
[       OK ] HeapTest.SingleItemNonempty (23 ms)
[----------] 1 test from HeapTest (32 ms total)

[----------] Global test environment tear-down
[==========] 1 test from 1 test suite ran. (89 ms total)
[  PASSED  ] 1 test.
==4593== 
==4593== HEAP SUMMARY:
==4593==     in use at exit: 0 bytes in 0 blocks
==4593==   total heap usage: 469 allocs, 469 frees, 135,741 bytes allocated
==4593== 
==4593== All heap blocks were freed -- no leaks are possible
==4593== 
==4593== For counts of detected and suppressed errors, rerun with: -v
==4593== ERROR SUMMARY: 0 errors from 0 contexts (suppressed: 0 from 0)
<end of output>
Test time =   1.58 sec
----------------------------------------------------------
Test Passed.
"HeapTest.SingleItemNonempty" end time: Nov 29 15:58 UTC
"HeapTest.SingleItemNonempty" time elapsed: 00:00:01
----------------------------------------------------------

31/50 Testing: HeapTest.SingleItemPush
31/50 Test: HeapTest.SingleItemPush
Command: "/usr/bin/valgrind" "--tool=memcheck" "--leak-check=yes" "--trace-children=no" "/home/codio/workspace/hw3/hw3_tests/heap_tests/heap_tests" "--gtest_filter=HeapTest.SingleItemPush"
Directory: /home/codio/workspace/hw3/hw3_tests/heap_tests
"HeapTest.SingleItemPush" start time: Nov 29 15:58 UTC
Output:
----------------------------------------------------------
==4594== Memcheck, a memory error detector
==4594== Copyright (C) 2002-2017, and GNU GPL'd, by Julian Seward et al.
==4594== Using Valgrind-3.13.0 and LibVEX; rerun with -h for copyright info
==4594== Command: /home/codio/workspace/hw3/hw3_tests/heap_tests/heap_tests --gtest_filter=HeapTest.SingleItemPush
==4594== 
Running main() from /home/codio/googletest/googletest/src/gtest_main.cc
Note: Google Test filter = HeapTest.SingleItemPush
[==========] Running 1 test from 1 test suite.
[----------] Global test environment set-up.
[----------] 1 test from HeapTest
[ RUN      ] HeapTest.SingleItemPush
[       OK ] HeapTest.SingleItemPush (37 ms)
[----------] 1 test from HeapTest (51 ms total)

[----------] Global test environment tear-down
[==========] 1 test from 1 test suite ran. (130 ms total)
[  PASSED  ] 1 test.
==4594== 
==4594== HEAP SUMMARY:
==4594==     in use at exit: 0 bytes in 0 blocks
==4594==   total heap usage: 469 allocs, 469 frees, 135,701 bytes allocated
==4594== 
==4594== All heap blocks were freed -- no leaks are possible
==4594== 
==4594== For counts of detected and suppressed errors, rerun with: -v
==4594== ERROR SUMMARY: 0 errors from 0 contexts (suppressed: 0 from 0)
<end of output>
Test time =   1.97 sec
----------------------------------------------------------
Test Passed.
"HeapTest.SingleItemPush" end time: Nov 29 15:58 UTC
"HeapTest.SingleItemPush" time elapsed: 00:00:01
----------------------------------------------------------

32/50 Testing: HeapTest.SingleItemPushPop
32/50 Test: HeapTest.SingleItemPushPop
Command: "/usr/bin/valgrind" "--tool=memcheck" "--leak-check=yes" "--trace-children=no" "/home/codio/workspace/hw3/hw3_tests/heap_tests/heap_tests" "--gtest_filter=HeapTest.SingleItemPushPop"
Directory: /home/codio/workspace/hw3/hw3_tests/heap_tests
"HeapTest.SingleItemPushPop" start time: Nov 29 15:58 UTC
Output:
----------------------------------------------------------
==4595== Memcheck, a memory error detector
==4595== Copyright (C) 2002-2017, and GNU GPL'd, by Julian Seward et al.
==4595== Using Valgrind-3.13.0 and LibVEX; rerun with -h for copyright info
==4595== Command: /home/codio/workspace/hw3/hw3_tests/heap_tests/heap_tests --gtest_filter=HeapTest.SingleItemPushPop
==4595== 
Running main() from /home/codio/googletest/googletest/src/gtest_main.cc
Note: Google Test filter = HeapTest.SingleItemPushPop
[==========] Running 1 test from 1 test suite.
[----------] Global test environment set-up.
[----------] 1 test from HeapTest
[ RUN      ] HeapTest.SingleItemPushPop
[       OK ] HeapTest.SingleItemPushPop (31 ms)
[----------] 1 test from HeapTest (43 ms total)

[----------] Global test environment tear-down
[==========] 1 test from 1 test suite ran. (110 ms total)
[  PASSED  ] 1 test.
==4595== 
==4595== HEAP SUMMARY:
==4595==     in use at exit: 0 bytes in 0 blocks
==4595==   total heap usage: 469 allocs, 469 frees, 135,731 bytes allocated
==4595== 
==4595== All heap blocks were freed -- no leaks are possible
==4595== 
==4595== For counts of detected and suppressed errors, rerun with: -v
==4595== ERROR SUMMARY: 0 errors from 0 contexts (suppressed: 0 from 0)
<end of output>
Test time =   2.13 sec
----------------------------------------------------------
Test Passed.
"HeapTest.SingleItemPushPop" end time: Nov 29 15:58 UTC
"HeapTest.SingleItemPushPop" time elapsed: 00:00:02
----------------------------------------------------------

33/50 Testing: HeapTest.TwoElementPush_LowPriFirst
33/50 Test: HeapTest.TwoElementPush_LowPriFirst
Command: "/usr/bin/valgrind" "--tool=memcheck" "--leak-check=yes" "--trace-children=no" "/home/codio/workspace/hw3/hw3_tests/heap_tests/heap_tests" "--gtest_filter=HeapTest.TwoElementPush_LowPriFirst"
Directory: /home/codio/workspace/hw3/hw3_tests/heap_tests
"HeapTest.TwoElementPush_LowPriFirst" start time: Nov 29 15:58 UTC
Output:
----------------------------------------------------------
==4596== Memcheck, a memory error detector
==4596== Copyright (C) 2002-2017, and GNU GPL'd, by Julian Seward et al.
==4596== Using Valgrind-3.13.0 and LibVEX; rerun with -h for copyright info
==4596== Command: /home/codio/workspace/hw3/hw3_tests/heap_tests/heap_tests --gtest_filter=HeapTest.TwoElementPush_LowPriFirst
==4596== 
Running main() from /home/codio/googletest/googletest/src/gtest_main.cc
Note: Google Test filter = HeapTest.TwoElementPush_LowPriFirst
[==========] Running 1 test from 1 test suite.
[----------] Global test environment set-up.
[----------] 1 test from HeapTest
[ RUN      ] HeapTest.TwoElementPush_LowPriFirst
[       OK ] HeapTest.TwoElementPush_LowPriFirst (40 ms)
[----------] 1 test from HeapTest (54 ms total)

[----------] Global test environment tear-down
[==========] 1 test from 1 test suite ran. (121 ms total)
[  PASSED  ] 1 test.
==4596== 
==4596== HEAP SUMMARY:
==4596==     in use at exit: 0 bytes in 0 blocks
==4596==   total heap usage: 470 allocs, 470 frees, 135,844 bytes allocated
==4596== 
==4596== All heap blocks were freed -- no leaks are possible
==4596== 
==4596== For counts of detected and suppressed errors, rerun with: -v
==4596== ERROR SUMMARY: 0 errors from 0 contexts (suppressed: 0 from 0)
<end of output>
Test time =   1.90 sec
----------------------------------------------------------
Test Passed.
"HeapTest.TwoElementPush_LowPriFirst" end time: Nov 29 15:58 UTC
"HeapTest.TwoElementPush_LowPriFirst" time elapsed: 00:00:01
----------------------------------------------------------

34/50 Testing: HeapTest.TwoElementPush_HighPriFirst
34/50 Test: HeapTest.TwoElementPush_HighPriFirst
Command: "/usr/bin/valgrind" "--tool=memcheck" "--leak-check=yes" "--trace-children=no" "/home/codio/workspace/hw3/hw3_tests/heap_tests/heap_tests" "--gtest_filter=HeapTest.TwoElementPush_HighPriFirst"
Directory: /home/codio/workspace/hw3/hw3_tests/heap_tests
"HeapTest.TwoElementPush_HighPriFirst" start time: Nov 29 15:58 UTC
Output:
----------------------------------------------------------
==4597== Memcheck, a memory error detector
==4597== Copyright (C) 2002-2017, and GNU GPL'd, by Julian Seward et al.
==4597== Using Valgrind-3.13.0 and LibVEX; rerun with -h for copyright info
==4597== Command: /home/codio/workspace/hw3/hw3_tests/heap_tests/heap_tests --gtest_filter=HeapTest.TwoElementPush_HighPriFirst
==4597== 
Running main() from /home/codio/googletest/googletest/src/gtest_main.cc
Note: Google Test filter = HeapTest.TwoElementPush_HighPriFirst
[==========] Running 1 test from 1 test suite.
[----------] Global test environment set-up.
[----------] 1 test from HeapTest
[ RUN      ] HeapTest.TwoElementPush_HighPriFirst
[       OK ] HeapTest.TwoElementPush_HighPriFirst (40 ms)
[----------] 1 test from HeapTest (54 ms total)

[----------] Global test environment tear-down
[==========] 1 test from 1 test suite ran. (123 ms total)
[  PASSED  ] 1 test.
==4597== 
==4597== HEAP SUMMARY:
==4597==     in use at exit: 0 bytes in 0 blocks
==4597==   total heap usage: 470 allocs, 470 frees, 135,857 bytes allocated
==4597== 
==4597== All heap blocks were freed -- no leaks are possible
==4597== 
==4597== For counts of detected and suppressed errors, rerun with: -v
==4597== ERROR SUMMARY: 0 errors from 0 contexts (suppressed: 0 from 0)
<end of output>
Test time =   1.94 sec
----------------------------------------------------------
Test Passed.
"HeapTest.TwoElementPush_HighPriFirst" end time: Nov 29 15:58 UTC
"HeapTest.TwoElementPush_HighPriFirst" time elapsed: 00:00:01
----------------------------------------------------------

35/50 Testing: HeapTest.Duplicates
35/50 Test: HeapTest.Duplicates
Command: "/usr/bin/valgrind" "--tool=memcheck" "--leak-check=yes" "--trace-children=no" "/home/codio/workspace/hw3/hw3_tests/heap_tests/heap_tests" "--gtest_filter=HeapTest.Duplicates"
Directory: /home/codio/workspace/hw3/hw3_tests/heap_tests
"HeapTest.Duplicates" start time: Nov 29 15:58 UTC
Output:
----------------------------------------------------------
==4598== Memcheck, a memory error detector
==4598== Copyright (C) 2002-2017, and GNU GPL'd, by Julian Seward et al.
==4598== Using Valgrind-3.13.0 and LibVEX; rerun with -h for copyright info
==4598== Command: /home/codio/workspace/hw3/hw3_tests/heap_tests/heap_tests --gtest_filter=HeapTest.Duplicates
==4598== 
Running main() from /home/codio/googletest/googletest/src/gtest_main.cc
Note: Google Test filter = HeapTest.Duplicates
[==========] Running 1 test from 1 test suite.
[----------] Global test environment set-up.
[----------] 1 test from HeapTest
[ RUN      ] HeapTest.Duplicates
[       OK ] HeapTest.Duplicates (35 ms)
[----------] 1 test from HeapTest (48 ms total)

[----------] Global test environment tear-down
[==========] 1 test from 1 test suite ran. (120 ms total)
[  PASSED  ] 1 test.
==4598== 
==4598== HEAP SUMMARY:
==4598==     in use at exit: 0 bytes in 0 blocks
==4598==   total heap usage: 471 allocs, 471 frees, 135,685 bytes allocated
==4598== 
==4598== All heap blocks were freed -- no leaks are possible
==4598== 
==4598== For counts of detected and suppressed errors, rerun with: -v
==4598== ERROR SUMMARY: 0 errors from 0 contexts (suppressed: 0 from 0)
<end of output>
Test time =   2.05 sec
----------------------------------------------------------
Test Passed.
"HeapTest.Duplicates" end time: Nov 29 15:58 UTC
"HeapTest.Duplicates" time elapsed: 00:00:02
----------------------------------------------------------

36/50 Testing: HeapTest.NegativeElements
36/50 Test: HeapTest.NegativeElements
Command: "/usr/bin/valgrind" "--tool=memcheck" "--leak-check=yes" "--trace-children=no" "/home/codio/workspace/hw3/hw3_tests/heap_tests/heap_tests" "--gtest_filter=HeapTest.NegativeElements"
Directory: /home/codio/workspace/hw3/hw3_tests/heap_tests
"HeapTest.NegativeElements" start time: Nov 29 15:58 UTC
Output:
----------------------------------------------------------
==4599== Memcheck, a memory error detector
==4599== Copyright (C) 2002-2017, and GNU GPL'd, by Julian Seward et al.
==4599== Using Valgrind-3.13.0 and LibVEX; rerun with -h for copyright info
==4599== Command: /home/codio/workspace/hw3/hw3_tests/heap_tests/heap_tests --gtest_filter=HeapTest.NegativeElements
==4599== 
Running main() from /home/codio/googletest/googletest/src/gtest_main.cc
Note: Google Test filter = HeapTest.NegativeElements
[==========] Running 1 test from 1 test suite.
[----------] Global test environment set-up.
[----------] 1 test from HeapTest
[ RUN      ] HeapTest.NegativeElements
[       OK ] HeapTest.NegativeElements (42 ms)
[----------] 1 test from HeapTest (57 ms total)

[----------] Global test environment tear-down
[==========] 1 test from 1 test suite ran. (129 ms total)
[  PASSED  ] 1 test.
==4599== 
==4599== HEAP SUMMARY:
==4599==     in use at exit: 0 bytes in 0 blocks
==4599==   total heap usage: 470 allocs, 470 frees, 135,729 bytes allocated
==4599== 
==4599== All heap blocks were freed -- no leaks are possible
==4599== 
==4599== For counts of detected and suppressed errors, rerun with: -v
==4599== ERROR SUMMARY: 0 errors from 0 contexts (suppressed: 0 from 0)
<end of output>
Test time =   2.33 sec
----------------------------------------------------------
Test Passed.
"HeapTest.NegativeElements" end time: Nov 29 15:58 UTC
"HeapTest.NegativeElements" time elapsed: 00:00:02
----------------------------------------------------------

37/50 Testing: HeapTest.ThreeElementPush_0_5_10
37/50 Test: HeapTest.ThreeElementPush_0_5_10
Command: "/usr/bin/valgrind" "--tool=memcheck" "--leak-check=yes" "--trace-children=no" "/home/codio/workspace/hw3/hw3_tests/heap_tests/heap_tests" "--gtest_filter=HeapTest.ThreeElementPush_0_5_10"
Directory: /home/codio/workspace/hw3/hw3_tests/heap_tests
"HeapTest.ThreeElementPush_0_5_10" start time: Nov 29 15:58 UTC
Output:
----------------------------------------------------------
==4600== Memcheck, a memory error detector
==4600== Copyright (C) 2002-2017, and GNU GPL'd, by Julian Seward et al.
==4600== Using Valgrind-3.13.0 and LibVEX; rerun with -h for copyright info
==4600== Command: /home/codio/workspace/hw3/hw3_tests/heap_tests/heap_tests --gtest_filter=HeapTest.ThreeElementPush_0_5_10
==4600== 
Running main() from /home/codio/googletest/googletest/src/gtest_main.cc
Note: Google Test filter = HeapTest.ThreeElementPush_0_5_10
[==========] Running 1 test from 1 test suite.
[----------] Global test environment set-up.
[----------] 1 test from HeapTest
[ RUN      ] HeapTest.ThreeElementPush_0_5_10
[       OK ] HeapTest.ThreeElementPush_0_5_10 (40 ms)
[----------] 1 test from HeapTest (52 ms total)

[----------] Global test environment tear-down
[==========] 1 test from 1 test suite ran. (119 ms total)
[  PASSED  ] 1 test.
==4600== 
==4600== HEAP SUMMARY:
==4600==     in use at exit: 0 bytes in 0 blocks
==4600==   total heap usage: 471 allocs, 471 frees, 135,821 bytes allocated
==4600== 
==4600== All heap blocks were freed -- no leaks are possible
==4600== 
==4600== For counts of detected and suppressed errors, rerun with: -v
==4600== ERROR SUMMARY: 0 errors from 0 contexts (suppressed: 0 from 0)
<end of output>
Test time =   2.14 sec
----------------------------------------------------------
Test Passed.
"HeapTest.ThreeElementPush_0_5_10" end time: Nov 29 15:58 UTC
"HeapTest.ThreeElementPush_0_5_10" time elapsed: 00:00:02
----------------------------------------------------------

38/50 Testing: HeapTest.ThreeElementPush_0_10_5
38/50 Test: HeapTest.ThreeElementPush_0_10_5
Command: "/usr/bin/valgrind" "--tool=memcheck" "--leak-check=yes" "--trace-children=no" "/home/codio/workspace/hw3/hw3_tests/heap_tests/heap_tests" "--gtest_filter=HeapTest.ThreeElementPush_0_10_5"
Directory: /home/codio/workspace/hw3/hw3_tests/heap_tests
"HeapTest.ThreeElementPush_0_10_5" start time: Nov 29 15:58 UTC
Output:
----------------------------------------------------------
==4601== Memcheck, a memory error detector
==4601== Copyright (C) 2002-2017, and GNU GPL'd, by Julian Seward et al.
==4601== Using Valgrind-3.13.0 and LibVEX; rerun with -h for copyright info
==4601== Command: /home/codio/workspace/hw3/hw3_tests/heap_tests/heap_tests --gtest_filter=HeapTest.ThreeElementPush_0_10_5
==4601== 
Running main() from /home/codio/googletest/googletest/src/gtest_main.cc
Note: Google Test filter = HeapTest.ThreeElementPush_0_10_5
[==========] Running 1 test from 1 test suite.
[----------] Global test environment set-up.
[----------] 1 test from HeapTest
[ RUN      ] HeapTest.ThreeElementPush_0_10_5
[       OK ] HeapTest.ThreeElementPush_0_10_5 (35 ms)
[----------] 1 test from HeapTest (48 ms total)

[----------] Global test environment tear-down
[==========] 1 test from 1 test suite ran. (111 ms total)
[  PASSED  ] 1 test.
==4601== 
==4601== HEAP SUMMARY:
==4601==     in use at exit: 0 bytes in 0 blocks
==4601==   total heap usage: 471 allocs, 471 frees, 135,821 bytes allocated
==4601== 
==4601== All heap blocks were freed -- no leaks are possible
==4601== 
==4601== For counts of detected and suppressed errors, rerun with: -v
==4601== ERROR SUMMARY: 0 errors from 0 contexts (suppressed: 0 from 0)
<end of output>
Test time =   1.61 sec
----------------------------------------------------------
Test Passed.
"HeapTest.ThreeElementPush_0_10_5" end time: Nov 29 15:58 UTC
"HeapTest.ThreeElementPush_0_10_5" time elapsed: 00:00:01
----------------------------------------------------------

39/50 Testing: HeapTest.ThreeElementPush_5_0_10
39/50 Test: HeapTest.ThreeElementPush_5_0_10
Command: "/usr/bin/valgrind" "--tool=memcheck" "--leak-check=yes" "--trace-children=no" "/home/codio/workspace/hw3/hw3_tests/heap_tests/heap_tests" "--gtest_filter=HeapTest.ThreeElementPush_5_0_10"
Directory: /home/codio/workspace/hw3/hw3_tests/heap_tests
"HeapTest.ThreeElementPush_5_0_10" start time: Nov 29 15:58 UTC
Output:
----------------------------------------------------------
==4602== Memcheck, a memory error detector
==4602== Copyright (C) 2002-2017, and GNU GPL'd, by Julian Seward et al.
==4602== Using Valgrind-3.13.0 and LibVEX; rerun with -h for copyright info
==4602== Command: /home/codio/workspace/hw3/hw3_tests/heap_tests/heap_tests --gtest_filter=HeapTest.ThreeElementPush_5_0_10
==4602== 
Running main() from /home/codio/googletest/googletest/src/gtest_main.cc
Note: Google Test filter = HeapTest.ThreeElementPush_5_0_10
[==========] Running 1 test from 1 test suite.
[----------] Global test environment set-up.
[----------] 1 test from HeapTest
[ RUN      ] HeapTest.ThreeElementPush_5_0_10
[       OK ] HeapTest.ThreeElementPush_5_0_10 (33 ms)
[----------] 1 test from HeapTest (43 ms total)

[----------] Global test environment tear-down
[==========] 1 test from 1 test suite ran. (97 ms total)
[  PASSED  ] 1 test.
==4602== 
==4602== HEAP SUMMARY:
==4602==     in use at exit: 0 bytes in 0 blocks
==4602==   total heap usage: 471 allocs, 471 frees, 135,821 bytes allocated
==4602== 
==4602== All heap blocks were freed -- no leaks are possible
==4602== 
==4602== For counts of detected and suppressed errors, rerun with: -v
==4602== ERROR SUMMARY: 0 errors from 0 contexts (suppressed: 0 from 0)
<end of output>
Test time =   1.89 sec
----------------------------------------------------------
Test Passed.
"HeapTest.ThreeElementPush_5_0_10" end time: Nov 29 15:58 UTC
"HeapTest.ThreeElementPush_5_0_10" time elapsed: 00:00:01
----------------------------------------------------------

40/50 Testing: HeapTest.ThreeElementPush_5_10_0
40/50 Test: HeapTest.ThreeElementPush_5_10_0
Command: "/usr/bin/valgrind" "--tool=memcheck" "--leak-check=yes" "--trace-children=no" "/home/codio/workspace/hw3/hw3_tests/heap_tests/heap_tests" "--gtest_filter=HeapTest.ThreeElementPush_5_10_0"
Directory: /home/codio/workspace/hw3/hw3_tests/heap_tests
"HeapTest.ThreeElementPush_5_10_0" start time: Nov 29 15:58 UTC
Output:
----------------------------------------------------------
==4603== Memcheck, a memory error detector
==4603== Copyright (C) 2002-2017, and GNU GPL'd, by Julian Seward et al.
==4603== Using Valgrind-3.13.0 and LibVEX; rerun with -h for copyright info
==4603== Command: /home/codio/workspace/hw3/hw3_tests/heap_tests/heap_tests --gtest_filter=HeapTest.ThreeElementPush_5_10_0
==4603== 
Running main() from /home/codio/googletest/googletest/src/gtest_main.cc
Note: Google Test filter = HeapTest.ThreeElementPush_5_10_0
[==========] Running 1 test from 1 test suite.
[----------] Global test environment set-up.
[----------] 1 test from HeapTest
[ RUN      ] HeapTest.ThreeElementPush_5_10_0
[       OK ] HeapTest.ThreeElementPush_5_10_0 (44 ms)
[----------] 1 test from HeapTest (58 ms total)

[----------] Global test environment tear-down
[==========] 1 test from 1 test suite ran. (132 ms total)
[  PASSED  ] 1 test.
==4603== 
==4603== HEAP SUMMARY:
==4603==     in use at exit: 0 bytes in 0 blocks
==4603==   total heap usage: 471 allocs, 471 frees, 135,821 bytes allocated
==4603== 
==4603== All heap blocks were freed -- no leaks are possible
==4603== 
==4603== For counts of detected and suppressed errors, rerun with: -v
==4603== ERROR SUMMARY: 0 errors from 0 contexts (suppressed: 0 from 0)
<end of output>
Test time =   1.81 sec
----------------------------------------------------------
Test Passed.
"HeapTest.ThreeElementPush_5_10_0" end time: Nov 29 15:58 UTC
"HeapTest.ThreeElementPush_5_10_0" time elapsed: 00:00:01
----------------------------------------------------------

41/50 Testing: HeapTest.ThreeElementPush_10_0_5
41/50 Test: HeapTest.ThreeElementPush_10_0_5
Command: "/usr/bin/valgrind" "--tool=memcheck" "--leak-check=yes" "--trace-children=no" "/home/codio/workspace/hw3/hw3_tests/heap_tests/heap_tests" "--gtest_filter=HeapTest.ThreeElementPush_10_0_5"
Directory: /home/codio/workspace/hw3/hw3_tests/heap_tests
"HeapTest.ThreeElementPush_10_0_5" start time: Nov 29 15:58 UTC
Output:
----------------------------------------------------------
==4604== Memcheck, a memory error detector
==4604== Copyright (C) 2002-2017, and GNU GPL'd, by Julian Seward et al.
==4604== Using Valgrind-3.13.0 and LibVEX; rerun with -h for copyright info
==4604== Command: /home/codio/workspace/hw3/hw3_tests/heap_tests/heap_tests --gtest_filter=HeapTest.ThreeElementPush_10_0_5
==4604== 
Running main() from /home/codio/googletest/googletest/src/gtest_main.cc
Note: Google Test filter = HeapTest.ThreeElementPush_10_0_5
[==========] Running 1 test from 1 test suite.
[----------] Global test environment set-up.
[----------] 1 test from HeapTest
[ RUN      ] HeapTest.ThreeElementPush_10_0_5
[       OK ] HeapTest.ThreeElementPush_10_0_5 (40 ms)
[----------] 1 test from HeapTest (51 ms total)

[----------] Global test environment tear-down
[==========] 1 test from 1 test suite ran. (111 ms total)
[  PASSED  ] 1 test.
==4604== 
==4604== HEAP SUMMARY:
==4604==     in use at exit: 0 bytes in 0 blocks
==4604==   total heap usage: 471 allocs, 471 frees, 135,821 bytes allocated
==4604== 
==4604== All heap blocks were freed -- no leaks are possible
==4604== 
==4604== For counts of detected and suppressed errors, rerun with: -v
==4604== ERROR SUMMARY: 0 errors from 0 contexts (suppressed: 0 from 0)
<end of output>
Test time =   1.99 sec
----------------------------------------------------------
Test Passed.
"HeapTest.ThreeElementPush_10_0_5" end time: Nov 29 15:58 UTC
"HeapTest.ThreeElementPush_10_0_5" time elapsed: 00:00:01
----------------------------------------------------------

42/50 Testing: HeapTest.ThreeElementPush_10_5_0
42/50 Test: HeapTest.ThreeElementPush_10_5_0
Command: "/usr/bin/valgrind" "--tool=memcheck" "--leak-check=yes" "--trace-children=no" "/home/codio/workspace/hw3/hw3_tests/heap_tests/heap_tests" "--gtest_filter=HeapTest.ThreeElementPush_10_5_0"
Directory: /home/codio/workspace/hw3/hw3_tests/heap_tests
"HeapTest.ThreeElementPush_10_5_0" start time: Nov 29 15:58 UTC
Output:
----------------------------------------------------------
==4605== Memcheck, a memory error detector
==4605== Copyright (C) 2002-2017, and GNU GPL'd, by Julian Seward et al.
==4605== Using Valgrind-3.13.0 and LibVEX; rerun with -h for copyright info
==4605== Command: /home/codio/workspace/hw3/hw3_tests/heap_tests/heap_tests --gtest_filter=HeapTest.ThreeElementPush_10_5_0
==4605== 
Running main() from /home/codio/googletest/googletest/src/gtest_main.cc
Note: Google Test filter = HeapTest.ThreeElementPush_10_5_0
[==========] Running 1 test from 1 test suite.
[----------] Global test environment set-up.
[----------] 1 test from HeapTest
[ RUN      ] HeapTest.ThreeElementPush_10_5_0
[       OK ] HeapTest.ThreeElementPush_10_5_0 (51 ms)
[----------] 1 test from HeapTest (66 ms total)

[----------] Global test environment tear-down
[==========] 1 test from 1 test suite ran. (156 ms total)
[  PASSED  ] 1 test.
==4605== 
==4605== HEAP SUMMARY:
==4605==     in use at exit: 0 bytes in 0 blocks
==4605==   total heap usage: 471 allocs, 471 frees, 135,821 bytes allocated
==4605== 
==4605== All heap blocks were freed -- no leaks are possible
==4605== 
==4605== For counts of detected and suppressed errors, rerun with: -v
==4605== ERROR SUMMARY: 0 errors from 0 contexts (suppressed: 0 from 0)
<end of output>
Test time =   2.18 sec
----------------------------------------------------------
Test Passed.
"HeapTest.ThreeElementPush_10_5_0" end time: Nov 29 15:58 UTC
"HeapTest.ThreeElementPush_10_5_0" time elapsed: 00:00:02
----------------------------------------------------------

43/50 Testing: HeapTest.GreaterComparator
43/50 Test: HeapTest.GreaterComparator
Command: "/usr/bin/valgrind" "--tool=memcheck" "--leak-check=yes" "--trace-children=no" "/home/codio/workspace/hw3/hw3_tests/heap_tests/heap_tests" "--gtest_filter=HeapTest.GreaterComparator"
Directory: /home/codio/workspace/hw3/hw3_tests/heap_tests
"HeapTest.GreaterComparator" start time: Nov 29 15:58 UTC
Output:
----------------------------------------------------------
==4606== Memcheck, a memory error detector
==4606== Copyright (C) 2002-2017, and GNU GPL'd, by Julian Seward et al.
==4606== Using Valgrind-3.13.0 and LibVEX; rerun with -h for copyright info
==4606== Command: /home/codio/workspace/hw3/hw3_tests/heap_tests/heap_tests --gtest_filter=HeapTest.GreaterComparator
==4606== 
Running main() from /home/codio/googletest/googletest/src/gtest_main.cc
Note: Google Test filter = HeapTest.GreaterComparator
[==========] Running 1 test from 1 test suite.
[----------] Global test environment set-up.
[----------] 1 test from HeapTest
[ RUN      ] HeapTest.GreaterComparator
[       OK ] HeapTest.GreaterComparator (48 ms)
[----------] 1 test from HeapTest (62 ms total)

[----------] Global test environment tear-down
[==========] 1 test from 1 test suite ran. (139 ms total)
[  PASSED  ] 1 test.
==4606== 
==4606== HEAP SUMMARY:
==4606==     in use at exit: 0 bytes in 0 blocks
==4606==   total heap usage: 471 allocs, 471 frees, 135,755 bytes allocated
==4606== 
==4606== All heap blocks were freed -- no leaks are possible
==4606== 
==4606== For counts of detected and suppressed errors, rerun with: -v
==4606== ERROR SUMMARY: 0 errors from 0 contexts (suppressed: 0 from 0)
<end of output>
Test time =   2.16 sec
----------------------------------------------------------
Test Passed.
"HeapTest.GreaterComparator" end time: Nov 29 15:58 UTC
"HeapTest.GreaterComparator" time elapsed: 00:00:02
----------------------------------------------------------

44/50 Testing: HeapTest.StringStorage
44/50 Test: HeapTest.StringStorage
Command: "/usr/bin/valgrind" "--tool=memcheck" "--leak-check=yes" "--trace-children=no" "/home/codio/workspace/hw3/hw3_tests/heap_tests/heap_tests" "--gtest_filter=HeapTest.StringStorage"
Directory: /home/codio/workspace/hw3/hw3_tests/heap_tests
"HeapTest.StringStorage" start time: Nov 29 15:58 UTC
Output:
----------------------------------------------------------
==4607== Memcheck, a memory error detector
==4607== Copyright (C) 2002-2017, and GNU GPL'd, by Julian Seward et al.
==4607== Using Valgrind-3.13.0 and LibVEX; rerun with -h for copyright info
==4607== Command: /home/codio/workspace/hw3/hw3_tests/heap_tests/heap_tests --gtest_filter=HeapTest.StringStorage
==4607== 
Running main() from /home/codio/googletest/googletest/src/gtest_main.cc
Note: Google Test filter = HeapTest.StringStorage
[==========] Running 1 test from 1 test suite.
[----------] Global test environment set-up.
[----------] 1 test from HeapTest
[ RUN      ] HeapTest.StringStorage
[       OK ] HeapTest.StringStorage (54 ms)
[----------] 1 test from HeapTest (69 ms total)

[----------] Global test environment tear-down
[==========] 1 test from 1 test suite ran. (150 ms total)
[  PASSED  ] 1 test.
==4607== 
==4607== HEAP SUMMARY:
==4607==     in use at exit: 0 bytes in 0 blocks
==4607==   total heap usage: 471 allocs, 471 frees, 135,911 bytes allocated
==4607== 
==4607== All heap blocks were freed -- no leaks are possible
==4607== 
==4607== For counts of detected and suppressed errors, rerun with: -v
==4607== ERROR SUMMARY: 0 errors from 0 contexts (suppressed: 0 from 0)
<end of output>
Test time =   2.15 sec
----------------------------------------------------------
Test Passed.
"HeapTest.StringStorage" end time: Nov 29 15:58 UTC
"HeapTest.StringStorage" time elapsed: 00:00:02
----------------------------------------------------------

45/50 Testing: HeapTest.FiveElementPush_TrinaryHeap
45/50 Test: HeapTest.FiveElementPush_TrinaryHeap
Command: "/usr/bin/valgrind" "--tool=memcheck" "--leak-check=yes" "--trace-children=no" "/home/codio/workspace/hw3/hw3_tests/heap_tests/heap_tests" "--gtest_filter=HeapTest.FiveElementPush_TrinaryHeap"
Directory: /home/codio/workspace/hw3/hw3_tests/heap_tests
"HeapTest.FiveElementPush_TrinaryHeap" start time: Nov 29 15:58 UTC
Output:
----------------------------------------------------------
==4608== Memcheck, a memory error detector
==4608== Copyright (C) 2002-2017, and GNU GPL'd, by Julian Seward et al.
==4608== Using Valgrind-3.13.0 and LibVEX; rerun with -h for copyright info
==4608== Command: /home/codio/workspace/hw3/hw3_tests/heap_tests/heap_tests --gtest_filter=HeapTest.FiveElementPush_TrinaryHeap
==4608== 
Running main() from /home/codio/googletest/googletest/src/gtest_main.cc
Note: Google Test filter = HeapTest.FiveElementPush_TrinaryHeap
[==========] Running 1 test from 1 test suite.
[----------] Global test environment set-up.
[----------] 1 test from HeapTest
[ RUN      ] HeapTest.FiveElementPush_TrinaryHeap
[       OK ] HeapTest.FiveElementPush_TrinaryHeap (43 ms)
[----------] 1 test from HeapTest (54 ms total)

[----------] Global test environment tear-down
[==========] 1 test from 1 test suite ran. (120 ms total)
[  PASSED  ] 1 test.
==4608== 
==4608== HEAP SUMMARY:
==4608==     in use at exit: 0 bytes in 0 blocks
==4608==   total heap usage: 472 allocs, 472 frees, 135,905 bytes allocated
==4608== 
==4608== All heap blocks were freed -- no leaks are possible
==4608== 
==4608== For counts of detected and suppressed errors, rerun with: -v
==4608== ERROR SUMMARY: 0 errors from 0 contexts (suppressed: 0 from 0)
<end of output>
Test time =   2.10 sec
----------------------------------------------------------
Test Passed.
"HeapTest.FiveElementPush_TrinaryHeap" end time: Nov 29 15:58 UTC
"HeapTest.FiveElementPush_TrinaryHeap" time elapsed: 00:00:02
----------------------------------------------------------

46/50 Testing: HeapTest.SixElementPush_QuaternaryHeap
46/50 Test: HeapTest.SixElementPush_QuaternaryHeap
Command: "/usr/bin/valgrind" "--tool=memcheck" "--leak-check=yes" "--trace-children=no" "/home/codio/workspace/hw3/hw3_tests/heap_tests/heap_tests" "--gtest_filter=HeapTest.SixElementPush_QuaternaryHeap"
Directory: /home/codio/workspace/hw3/hw3_tests/heap_tests
"HeapTest.SixElementPush_QuaternaryHeap" start time: Nov 29 15:58 UTC
Output:
----------------------------------------------------------
==4609== Memcheck, a memory error detector
==4609== Copyright (C) 2002-2017, and GNU GPL'd, by Julian Seward et al.
==4609== Using Valgrind-3.13.0 and LibVEX; rerun with -h for copyright info
==4609== Command: /home/codio/workspace/hw3/hw3_tests/heap_tests/heap_tests --gtest_filter=HeapTest.SixElementPush_QuaternaryHeap
==4609== 
Running main() from /home/codio/googletest/googletest/src/gtest_main.cc
Note: Google Test filter = HeapTest.SixElementPush_QuaternaryHeap
[==========] Running 1 test from 1 test suite.
[----------] Global test environment set-up.
[----------] 1 test from HeapTest
[ RUN      ] HeapTest.SixElementPush_QuaternaryHeap
[       OK ] HeapTest.SixElementPush_QuaternaryHeap (37 ms)
[----------] 1 test from HeapTest (47 ms total)

[----------] Global test environment tear-down
[==========] 1 test from 1 test suite ran. (102 ms total)
[  PASSED  ] 1 test.
==4609== 
==4609== HEAP SUMMARY:
==4609==     in use at exit: 0 bytes in 0 blocks
==4609==   total heap usage: 472 allocs, 472 frees, 135,931 bytes allocated
==4609== 
==4609== All heap blocks were freed -- no leaks are possible
==4609== 
==4609== For counts of detected and suppressed errors, rerun with: -v
==4609== ERROR SUMMARY: 0 errors from 0 contexts (suppressed: 0 from 0)
<end of output>
Test time =   1.87 sec
----------------------------------------------------------
Test Passed.
"HeapTest.SixElementPush_QuaternaryHeap" end time: Nov 29 15:58 UTC
"HeapTest.SixElementPush_QuaternaryHeap" time elapsed: 00:00:01
----------------------------------------------------------

47/50 Testing: HeapStress.50x50RandomElements_BinaryHeap
47/50 Test: HeapStress.50x50RandomElements_BinaryHeap
Command: "/usr/bin/valgrind" "--tool=memcheck" "--leak-check=yes" "--trace-children=no" "/home/codio/workspace/hw3/hw3_tests/heap_tests/heap_tests" "--gtest_filter=HeapStress.50x50RandomElements_BinaryHeap"
Directory: /home/codio/workspace/hw3/hw3_tests/heap_tests
"HeapStress.50x50RandomElements_BinaryHeap" start time: Nov 29 15:58 UTC
Output:
----------------------------------------------------------
==4610== Memcheck, a memory error detector
==4610== Copyright (C) 2002-2017, and GNU GPL'd, by Julian Seward et al.
==4610== Using Valgrind-3.13.0 and LibVEX; rerun with -h for copyright info
==4610== Command: /home/codio/workspace/hw3/hw3_tests/heap_tests/heap_tests --gtest_filter=HeapStress.50x50RandomElements_BinaryHeap
==4610== 
Running main() from /home/codio/googletest/googletest/src/gtest_main.cc
Note: Google Test filter = HeapStress.50x50RandomElements_BinaryHeap
[==========] Running 1 test from 1 test suite.
[----------] Global test environment set-up.
[----------] 1 test from HeapStress
[ RUN      ] HeapStress.50x50RandomElements_BinaryHeap
[       OK ] HeapStress.50x50RandomElements_BinaryHeap (246 ms)
[----------] 1 test from HeapStress (257 ms total)

[----------] Global test environment tear-down
[==========] 1 test from 1 test suite ran. (331 ms total)
[  PASSED  ] 1 test.
==4610== 
==4610== HEAP SUMMARY:
==4610==     in use at exit: 0 bytes in 0 blocks
==4610==   total heap usage: 969 allocs, 969 frees, 183,502 bytes allocated
==4610== 
==4610== All heap blocks were freed -- no leaks are possible
==4610== 
==4610== For counts of detected and suppressed errors, rerun with: -v
==4610== ERROR SUMMARY: 0 errors from 0 contexts (suppressed: 0 from 0)
<end of output>
Test time =   1.93 sec
----------------------------------------------------------
Test Passed.
"HeapStress.50x50RandomElements_BinaryHeap" end time: Nov 29 15:59 UTC
"HeapStress.50x50RandomElements_BinaryHeap" time elapsed: 00:00:01
----------------------------------------------------------

48/50 Testing: HeapStress.50x50RandomElements_QuaternaryHeap
48/50 Test: HeapStress.50x50RandomElements_QuaternaryHeap
Command: "/usr/bin/valgrind" "--tool=memcheck" "--leak-check=yes" "--trace-children=no" "/home/codio/workspace/hw3/hw3_tests/heap_tests/heap_tests" "--gtest_filter=HeapStress.50x50RandomElements_QuaternaryHeap"
Directory: /home/codio/workspace/hw3/hw3_tests/heap_tests
"HeapStress.50x50RandomElements_QuaternaryHeap" start time: Nov 29 15:59 UTC
Output:
----------------------------------------------------------
==4611== Memcheck, a memory error detector
==4611== Copyright (C) 2002-2017, and GNU GPL'd, by Julian Seward et al.
==4611== Using Valgrind-3.13.0 and LibVEX; rerun with -h for copyright info
==4611== Command: /home/codio/workspace/hw3/hw3_tests/heap_tests/heap_tests --gtest_filter=HeapStress.50x50RandomElements_QuaternaryHeap
==4611== 
Running main() from /home/codio/googletest/googletest/src/gtest_main.cc
Note: Google Test filter = HeapStress.50x50RandomElements_QuaternaryHeap
[==========] Running 1 test from 1 test suite.
[----------] Global test environment set-up.
[----------] 1 test from HeapStress
[ RUN      ] HeapStress.50x50RandomElements_QuaternaryHeap
[       OK ] HeapStress.50x50RandomElements_QuaternaryHeap (207 ms)
[----------] 1 test from HeapStress (218 ms total)

[----------] Global test environment tear-down
[==========] 1 test from 1 test suite ran. (276 ms total)
[  PASSED  ] 1 test.
==4611== 
==4611== HEAP SUMMARY:
==4611==     in use at exit: 0 bytes in 0 blocks
==4611==   total heap usage: 969 allocs, 969 frees, 183,554 bytes allocated
==4611== 
==4611== All heap blocks were freed -- no leaks are possible
==4611== 
==4611== For counts of detected and suppressed errors, rerun with: -v
==4611== ERROR SUMMARY: 0 errors from 0 contexts (suppressed: 0 from 0)
<end of output>
Test time =   1.86 sec
----------------------------------------------------------
Test Passed.
"HeapStress.50x50RandomElements_QuaternaryHeap" end time: Nov 29 15:59 UTC
"HeapStress.50x50RandomElements_QuaternaryHeap" time elapsed: 00:00:01
----------------------------------------------------------

49/50 Testing: HeapStress.50x50RandomElements_DodecenaryHeap
49/50 Test: HeapStress.50x50RandomElements_DodecenaryHeap
Command: "/usr/bin/valgrind" "--tool=memcheck" "--leak-check=yes" "--trace-children=no" "/home/codio/workspace/hw3/hw3_tests/heap_tests/heap_tests" "--gtest_filter=HeapStress.50x50RandomElements_DodecenaryHeap"
Directory: /home/codio/workspace/hw3/hw3_tests/heap_tests
"HeapStress.50x50RandomElements_DodecenaryHeap" start time: Nov 29 15:59 UTC
Output:
----------------------------------------------------------
==4612== Memcheck, a memory error detector
==4612== Copyright (C) 2002-2017, and GNU GPL'd, by Julian Seward et al.
==4612== Using Valgrind-3.13.0 and LibVEX; rerun with -h for copyright info
==4612== Command: /home/codio/workspace/hw3/hw3_tests/heap_tests/heap_tests --gtest_filter=HeapStress.50x50RandomElements_DodecenaryHeap
==4612== 
Running main() from /home/codio/googletest/googletest/src/gtest_main.cc
Note: Google Test filter = HeapStress.50x50RandomElements_DodecenaryHeap
[==========] Running 1 test from 1 test suite.
[----------] Global test environment set-up.
[----------] 1 test from HeapStress
[ RUN      ] HeapStress.50x50RandomElements_DodecenaryHeap
[       OK ] HeapStress.50x50RandomElements_DodecenaryHeap (193 ms)
[----------] 1 test from HeapStress (203 ms total)

[----------] Global test environment tear-down
[==========] 1 test from 1 test suite ran. (256 ms total)
[  PASSED  ] 1 test.
==4612== 
==4612== HEAP SUMMARY:
==4612==     in use at exit: 0 bytes in 0 blocks
==4612==   total heap usage: 969 allocs, 969 frees, 183,554 bytes allocated
==4612== 
==4612== All heap blocks were freed -- no leaks are possible
==4612== 
==4612== For counts of detected and suppressed errors, rerun with: -v
==4612== ERROR SUMMARY: 0 errors from 0 contexts (suppressed: 0 from 0)
<end of output>
Test time =   1.72 sec
----------------------------------------------------------
Test Passed.
"HeapStress.50x50RandomElements_DodecenaryHeap" end time: Nov 29 15:59 UTC
"HeapStress.50x50RandomElements_DodecenaryHeap" time elapsed: 00:00:01
----------------------------------------------------------

50/50 Testing: HeapStress.2x2000RandomElements_Binary
50/50 Test: HeapStress.2x2000RandomElements_Binary
Command: "/usr/bin/valgrind" "--tool=memcheck" "--leak-check=yes" "--trace-children=no" "/home/codio/workspace/hw3/hw3_tests/heap_tests/heap_tests" "--gtest_filter=HeapStress.2x2000RandomElements_Binary"
Directory: /home/codio/workspace/hw3/hw3_tests/heap_tests
"HeapStress.2x2000RandomElements_Binary" start time: Nov 29 15:59 UTC
Output:
----------------------------------------------------------
==4613== Memcheck, a memory error detector
==4613== Copyright (C) 2002-2017, and GNU GPL'd, by Julian Seward et al.
==4613== Using Valgrind-3.13.0 and LibVEX; rerun with -h for copyright info
==4613== Command: /home/codio/workspace/hw3/hw3_tests/heap_tests/heap_tests --gtest_filter=HeapStress.2x2000RandomElements_Binary
==4613== 
Running main() from /home/codio/googletest/googletest/src/gtest_main.cc
Note: Google Test filter = HeapStress.2x2000RandomElements_Binary
[==========] Running 1 test from 1 test suite.
[----------] Global test environment set-up.
[----------] 1 test from HeapStress
[ RUN      ] HeapStress.2x2000RandomElements_Binary
[       OK ] HeapStress.2x2000RandomElements_Binary (216 ms)
[----------] 1 test from HeapStress (226 ms total)

[----------] Global test environment tear-down
[==========] 1 test from 1 test suite ran. (279 ms total)
[  PASSED  ] 1 test.
==4613== 
==4613== HEAP SUMMARY:
==4613==     in use at exit: 0 bytes in 0 blocks
==4613==   total heap usage: 499 allocs, 499 frees, 200,711 bytes allocated
==4613== 
==4613== All heap blocks were freed -- no leaks are possible
==4613== 
==4613== For counts of detected and suppressed errors, rerun with: -v
==4613== ERROR SUMMARY: 0 errors from 0 contexts (suppressed: 0 from 0)
<end of output>
Test time =   1.75 sec
----------------------------------------------------------
Test Passed.
"HeapStress.2x2000RandomElements_Binary" end time: Nov 29 15:59 UTC
"HeapStress.2x2000RandomElements_Binary" time elapsed: 00:00:01
----------------------------------------------------------

End testing: Nov 29 15:59 UTC
